[WARN ] 2024-11-26 13:16:46.938 [reactor-http-nio-4] [Loggers$Slf4JLogger.warn] {} - [64d0a703-14, L:/127.0.0.1:61641 ! R:localhost/127.0.0.1:8880] The connection observed an error
reactor.netty.http.client.PrematureCloseException: Connection prematurely closed BEFORE response
[ERROR] 2024-11-26 13:16:47.141 [reactor-http-nio-4] [Loggers$Slf4JLogger.error] {} - | onError(org.springframework.web.reactive.function.client.WebClientRequestException: Connection prematurely closed BEFORE response; nested exception is reactor.netty.http.client.PrematureCloseException: Connection prematurely closed BEFORE response)
[ERROR] 2024-11-26 13:16:47.176 [reactor-http-nio-4] [Loggers$Slf4JLogger.error] {} - 
org.springframework.web.reactive.function.client.WebClientRequestException: Connection prematurely closed BEFORE response; nested exception is reactor.netty.http.client.PrematureCloseException: Connection prematurely closed BEFORE response
	at org.springframework.web.reactive.function.client.ExchangeFunctions$DefaultExchangeFunction.lambda$wrapException$9(ExchangeFunctions.java:141) ~[spring-webflux-5.3.30.jar:5.3.30]
	Suppressed: reactor.core.publisher.FluxOnAssembly$OnAssemblyException: 
Error has been observed at the following site(s):
	*__checkpoint ⇢ Request to POST http://localhost:8880/lookup-service/transaction-admin/type/get-all [DefaultWebClient]
Original Stack Trace:
		at org.springframework.web.reactive.function.client.ExchangeFunctions$DefaultExchangeFunction.lambda$wrapException$9(ExchangeFunctions.java:141) ~[spring-webflux-5.3.30.jar:5.3.30]
		at reactor.core.publisher.MonoErrorSupplied.subscribe(MonoErrorSupplied.java:55) [reactor-core-3.4.33.jar:3.4.33]
		at reactor.core.publisher.Mono.subscribe(Mono.java:4490) [reactor-core-3.4.33.jar:3.4.33]
		at reactor.core.publisher.FluxOnErrorResume$ResumeSubscriber.onError(FluxOnErrorResume.java:103) [reactor-core-3.4.33.jar:3.4.33]
		at reactor.core.publisher.FluxPeek$PeekSubscriber.onError(FluxPeek.java:222) [reactor-core-3.4.33.jar:3.4.33]
		at reactor.core.publisher.FluxPeek$PeekSubscriber.onError(FluxPeek.java:222) [reactor-core-3.4.33.jar:3.4.33]
		at reactor.core.publisher.FluxPeek$PeekSubscriber.onError(FluxPeek.java:222) [reactor-core-3.4.33.jar:3.4.33]
		at reactor.core.publisher.MonoNext$NextSubscriber.onError(MonoNext.java:93) [reactor-core-3.4.33.jar:3.4.33]
		at reactor.core.publisher.MonoFlatMapMany$FlatMapManyMain.onError(MonoFlatMapMany.java:204) [reactor-core-3.4.33.jar:3.4.33]
		at reactor.core.publisher.SerializedSubscriber.onError(SerializedSubscriber.java:124) [reactor-core-3.4.33.jar:3.4.33]
		at reactor.core.publisher.FluxRetryWhen$RetryWhenMainSubscriber.whenError(FluxRetryWhen.java:225) [reactor-core-3.4.33.jar:3.4.33]
		at reactor.core.publisher.FluxRetryWhen$RetryWhenOtherSubscriber.onError(FluxRetryWhen.java:274) [reactor-core-3.4.33.jar:3.4.33]
		at reactor.core.publisher.FluxContextWrite$ContextWriteSubscriber.onError(FluxContextWrite.java:121) [reactor-core-3.4.33.jar:3.4.33]
		at reactor.core.publisher.FluxConcatMap$ConcatMapImmediate.drain(FluxConcatMap.java:415) [reactor-core-3.4.33.jar:3.4.33]
		at reactor.core.publisher.FluxConcatMap$ConcatMapImmediate.onNext(FluxConcatMap.java:251) [reactor-core-3.4.33.jar:3.4.33]
		at reactor.core.publisher.FluxContextWrite$ContextWriteSubscriber.onNext(FluxContextWrite.java:107) [reactor-core-3.4.33.jar:3.4.33]
		at reactor.core.publisher.EmitterProcessor.drain(EmitterProcessor.java:537) [reactor-core-3.4.33.jar:3.4.33]
		at reactor.core.publisher.EmitterProcessor.tryEmitNext(EmitterProcessor.java:343) [reactor-core-3.4.33.jar:3.4.33]
		at reactor.core.publisher.SinkManySerialized.tryEmitNext(SinkManySerialized.java:100) [reactor-core-3.4.33.jar:3.4.33]
		at reactor.core.publisher.InternalManySink.emitNext(InternalManySink.java:27) [reactor-core-3.4.33.jar:3.4.33]
		at reactor.core.publisher.FluxRetryWhen$RetryWhenMainSubscriber.onError(FluxRetryWhen.java:190) [reactor-core-3.4.33.jar:3.4.33]
		at reactor.core.publisher.MonoCreate$DefaultMonoSink.error(MonoCreate.java:201) [reactor-core-3.4.33.jar:3.4.33]
		at reactor.netty.http.client.HttpClientConnect$HttpObserver.onUncaughtException(HttpClientConnect.java:403) [reactor-netty-http-1.0.38.jar:1.0.38]
		at reactor.netty.ReactorNetty$CompositeConnectionObserver.onUncaughtException(ReactorNetty.java:700) [reactor-netty-core-1.0.38.jar:1.0.38]
		at reactor.netty.resources.DefaultPooledConnectionProvider$DisposableAcquire.onUncaughtException(DefaultPooledConnectionProvider.java:211) [reactor-netty-core-1.0.38.jar:1.0.38]
		at reactor.netty.resources.DefaultPooledConnectionProvider$PooledConnection.onUncaughtException(DefaultPooledConnectionProvider.java:464) [reactor-netty-core-1.0.38.jar:1.0.38]
		at reactor.netty.http.client.HttpClientOperations.onInboundClose(HttpClientOperations.java:302) [reactor-netty-http-1.0.38.jar:1.0.38]
		at reactor.netty.channel.ChannelOperationsHandler.channelInactive(ChannelOperationsHandler.java:73) [reactor-netty-core-1.0.38.jar:1.0.38]
		at io.netty.channel.AbstractChannelHandlerContext.invokeChannelInactive(AbstractChannelHandlerContext.java:305) [netty-transport-4.1.100.Final.jar:4.1.100.Final]
		at io.netty.channel.AbstractChannelHandlerContext.invokeChannelInactive(AbstractChannelHandlerContext.java:281) [netty-transport-4.1.100.Final.jar:4.1.100.Final]
		at io.netty.channel.AbstractChannelHandlerContext.fireChannelInactive(AbstractChannelHandlerContext.java:274) [netty-transport-4.1.100.Final.jar:4.1.100.Final]
		at io.netty.channel.ChannelInboundHandlerAdapter.channelInactive(ChannelInboundHandlerAdapter.java:81) [netty-transport-4.1.100.Final.jar:4.1.100.Final]
		at io.netty.handler.codec.http.HttpContentDecoder.channelInactive(HttpContentDecoder.java:235) [netty-codec-http-4.1.100.Final.jar:4.1.100.Final]
		at io.netty.channel.AbstractChannelHandlerContext.invokeChannelInactive(AbstractChannelHandlerContext.java:305) [netty-transport-4.1.100.Final.jar:4.1.100.Final]
		at io.netty.channel.AbstractChannelHandlerContext.invokeChannelInactive(AbstractChannelHandlerContext.java:281) [netty-transport-4.1.100.Final.jar:4.1.100.Final]
		at io.netty.channel.AbstractChannelHandlerContext.fireChannelInactive(AbstractChannelHandlerContext.java:274) [netty-transport-4.1.100.Final.jar:4.1.100.Final]
		at io.netty.channel.CombinedChannelDuplexHandler$DelegatingChannelHandlerContext.fireChannelInactive(CombinedChannelDuplexHandler.java:418) [netty-transport-4.1.100.Final.jar:4.1.100.Final]
		at io.netty.handler.codec.ByteToMessageDecoder.channelInputClosed(ByteToMessageDecoder.java:411) [netty-codec-4.1.100.Final.jar:4.1.100.Final]
		at io.netty.handler.codec.ByteToMessageDecoder.channelInactive(ByteToMessageDecoder.java:376) [netty-codec-4.1.100.Final.jar:4.1.100.Final]
		at io.netty.handler.codec.http.HttpClientCodec$Decoder.channelInactive(HttpClientCodec.java:328) [netty-codec-http-4.1.100.Final.jar:4.1.100.Final]
		at io.netty.channel.CombinedChannelDuplexHandler.channelInactive(CombinedChannelDuplexHandler.java:221) [netty-transport-4.1.100.Final.jar:4.1.100.Final]
		at io.netty.channel.AbstractChannelHandlerContext.invokeChannelInactive(AbstractChannelHandlerContext.java:303) [netty-transport-4.1.100.Final.jar:4.1.100.Final]
		at io.netty.channel.AbstractChannelHandlerContext.invokeChannelInactive(AbstractChannelHandlerContext.java:281) [netty-transport-4.1.100.Final.jar:4.1.100.Final]
		at io.netty.channel.AbstractChannelHandlerContext.fireChannelInactive(AbstractChannelHandlerContext.java:274) [netty-transport-4.1.100.Final.jar:4.1.100.Final]
		at io.netty.channel.DefaultChannelPipeline$HeadContext.channelInactive(DefaultChannelPipeline.java:1405) [netty-transport-4.1.100.Final.jar:4.1.100.Final]
		at io.netty.channel.AbstractChannelHandlerContext.invokeChannelInactive(AbstractChannelHandlerContext.java:301) [netty-transport-4.1.100.Final.jar:4.1.100.Final]
		at io.netty.channel.AbstractChannelHandlerContext.invokeChannelInactive(AbstractChannelHandlerContext.java:281) [netty-transport-4.1.100.Final.jar:4.1.100.Final]
		at io.netty.channel.DefaultChannelPipeline.fireChannelInactive(DefaultChannelPipeline.java:901) [netty-transport-4.1.100.Final.jar:4.1.100.Final]
		at io.netty.channel.AbstractChannel$AbstractUnsafe$7.run(AbstractChannel.java:813) [netty-transport-4.1.100.Final.jar:4.1.100.Final]
		at io.netty.util.concurrent.AbstractEventExecutor.runTask$$$capture(AbstractEventExecutor.java:173) [netty-common-4.1.100.Final.jar:4.1.100.Final]
		at io.netty.util.concurrent.AbstractEventExecutor.runTask(AbstractEventExecutor.java) [netty-common-4.1.100.Final.jar:4.1.100.Final]
		at io.netty.util.concurrent.AbstractEventExecutor.safeExecute$$$capture(AbstractEventExecutor.java:166) [netty-common-4.1.100.Final.jar:4.1.100.Final]
		at io.netty.util.concurrent.AbstractEventExecutor.safeExecute(AbstractEventExecutor.java) [netty-common-4.1.100.Final.jar:4.1.100.Final]
		at io.netty.util.concurrent.SingleThreadEventExecutor.runAllTasks(SingleThreadEventExecutor.java:470) [netty-common-4.1.100.Final.jar:4.1.100.Final]
		at io.netty.channel.nio.NioEventLoop.run(NioEventLoop.java:569) [netty-transport-4.1.100.Final.jar:4.1.100.Final]
		at io.netty.util.concurrent.SingleThreadEventExecutor$4.run(SingleThreadEventExecutor.java:997) [netty-common-4.1.100.Final.jar:4.1.100.Final]
		at io.netty.util.internal.ThreadExecutorMap$2.run(ThreadExecutorMap.java:74) [netty-common-4.1.100.Final.jar:4.1.100.Final]
		at io.netty.util.concurrent.FastThreadLocalRunnable.run(FastThreadLocalRunnable.java:30) [netty-common-4.1.100.Final.jar:4.1.100.Final]
		at java.lang.Thread.run(Thread.java:834) [?:?]
Caused by: reactor.netty.http.client.PrematureCloseException: Connection prematurely closed BEFORE response
