[DEBUG] 2024-11-26 13:16:46.817 [SpringApplicationShutdownHook] [ApplicationAvailabilityBean.onApplicationEvent] - Application availability state ReadinessState changed from ACCEPTING_TRAFFIC to REFUSING_TRAFFIC
[DEBUG] 2024-11-26 13:16:46.949 [SpringApplicationShutdownHook] [AbstractApplicationContext.doClose] - Closing org.springframework.boot.web.servlet.context.AnnotationConfigServletWebServerApplicationContext@4ab550d5, started on Mon Nov 25 22:17:08 EET 2024, parent: org.springframework.context.annotation.AnnotationConfigApplicationContext@1d8e2eea
[DEBUG] 2024-11-26 13:16:46.817 [springCloudBus.anonymous.UW0JfVaiSW6L8h7sUgFpIw-53] [SimpleMessageListenerContainer$AsyncMessageProcessingConsumer.logConsumerException] - Consumer raised exception, processing can restart if the connection factory supports it
org.springframework.amqp.AmqpConnectException: java.net.ConnectException: Connection refused: connect
	at org.springframework.amqp.rabbit.support.RabbitExceptionTranslator.convertRabbitAccessException(RabbitExceptionTranslator.java:61) ~[spring-rabbit-2.4.17.jar:2.4.17]
	at org.springframework.amqp.rabbit.connection.AbstractConnectionFactory.createBareConnection(AbstractConnectionFactory.java:603) ~[spring-rabbit-2.4.17.jar:2.4.17]
	at org.springframework.amqp.rabbit.connection.CachingConnectionFactory.createConnection(CachingConnectionFactory.java:725) ~[spring-rabbit-2.4.17.jar:2.4.17]
	at org.springframework.amqp.rabbit.connection.ConnectionFactoryUtils.createConnection(ConnectionFactoryUtils.java:252) ~[spring-rabbit-2.4.17.jar:2.4.17]
	at org.springframework.amqp.rabbit.connection.ConnectionFactoryUtils$RabbitResourceFactory.createConnection(ConnectionFactoryUtils.java:331) ~[spring-rabbit-2.4.17.jar:2.4.17]
	at org.springframework.amqp.rabbit.connection.ConnectionFactoryUtils.doGetTransactionalResourceHolder(ConnectionFactoryUtils.java:135) ~[spring-rabbit-2.4.17.jar:2.4.17]
	at org.springframework.amqp.rabbit.connection.ConnectionFactoryUtils.getTransactionalResourceHolder(ConnectionFactoryUtils.java:97) ~[spring-rabbit-2.4.17.jar:2.4.17]
	at org.springframework.amqp.rabbit.connection.ConnectionFactoryUtils.getTransactionalResourceHolder(ConnectionFactoryUtils.java:80) ~[spring-rabbit-2.4.17.jar:2.4.17]
	at org.springframework.amqp.rabbit.listener.BlockingQueueConsumer.start(BlockingQueueConsumer.java:613) ~[spring-rabbit-2.4.17.jar:2.4.17]
	at org.springframework.amqp.rabbit.listener.SimpleMessageListenerContainer$AsyncMessageProcessingConsumer.initialize(SimpleMessageListenerContainer.java:1382) [spring-rabbit-2.4.17.jar:2.4.17]
	at org.springframework.amqp.rabbit.listener.SimpleMessageListenerContainer$AsyncMessageProcessingConsumer.run(SimpleMessageListenerContainer.java:1223) [spring-rabbit-2.4.17.jar:2.4.17]
	at java.lang.Thread.run(Thread.java:834) [?:?]
Caused by: java.net.ConnectException: Connection refused: connect
	at java.net.PlainSocketImpl.waitForConnect(Native Method) ~[?:?]
	at java.net.PlainSocketImpl.socketConnect(PlainSocketImpl.java:107) ~[?:?]
	at java.net.AbstractPlainSocketImpl.doConnect(AbstractPlainSocketImpl.java:399) ~[?:?]
	at java.net.AbstractPlainSocketImpl.connectToAddress(AbstractPlainSocketImpl.java:242) ~[?:?]
	at java.net.AbstractPlainSocketImpl.connect(AbstractPlainSocketImpl.java:224) ~[?:?]
	at java.net.SocksSocketImpl.connect(SocksSocketImpl.java:403) ~[?:?]
	at java.net.Socket.connect(Socket.java:608) ~[?:?]
	at com.rabbitmq.client.impl.SocketFrameHandlerFactory.create(SocketFrameHandlerFactory.java:62) ~[amqp-client-5.14.3.jar:5.14.3]
	at com.rabbitmq.client.ConnectionFactory.newConnection(ConnectionFactory.java:1234) ~[amqp-client-5.14.3.jar:5.14.3]
	at com.rabbitmq.client.ConnectionFactory.newConnection(ConnectionFactory.java:1184) ~[amqp-client-5.14.3.jar:5.14.3]
	at org.springframework.amqp.rabbit.connection.AbstractConnectionFactory.connectAddresses(AbstractConnectionFactory.java:641) ~[spring-rabbit-2.4.17.jar:2.4.17]
	at org.springframework.amqp.rabbit.connection.AbstractConnectionFactory.connect(AbstractConnectionFactory.java:616) ~[spring-rabbit-2.4.17.jar:2.4.17]
	at org.springframework.amqp.rabbit.connection.AbstractConnectionFactory.createBareConnection(AbstractConnectionFactory.java:566) ~[spring-rabbit-2.4.17.jar:2.4.17]
	... 10 more
[INFO ] 2024-11-26 13:16:47.006 [springCloudBus.anonymous.UW0JfVaiSW6L8h7sUgFpIw-53] [SimpleMessageListenerContainer$AsyncMessageProcessingConsumer.killOrRestart] - Restarting Consumer@79e06d8c: tags=[[]], channel=null, acknowledgeMode=AUTO local queue size=0
[DEBUG] 2024-11-26 13:16:47.009 [springCloudBus.anonymous.UW0JfVaiSW6L8h7sUgFpIw-53] [BlockingQueueConsumer.stop] - Closing Rabbit Channel: null
[DEBUG] 2024-11-26 13:16:47.015 [springCloudBus.anonymous.UW0JfVaiSW6L8h7sUgFpIw-54] [BlockingQueueConsumer.start] - Starting consumer Consumer@658b6de0: tags=[[]], channel=null, acknowledgeMode=AUTO local queue size=0
[INFO ] 2024-11-26 13:16:47.028 [springCloudBus.anonymous.UW0JfVaiSW6L8h7sUgFpIw-54] [AbstractConnectionFactory.connectAddresses] - Attempting to connect to: [localhost:5672]
[DEBUG] 2024-11-26 13:16:47.308 [SpringApplicationShutdownHook] [DefaultLifecycleProcessor$LifecycleGroup.stop] - Stopping beans in phase 2147483647
[DEBUG] 2024-11-26 13:16:47.321 [SpringApplicationShutdownHook] [DefaultLifecycleProcessor.lambda$doStop$3] - Bean 'webServerGracefulShutdown' completed its stop procedure
[DEBUG] 2024-11-26 13:16:47.321 [SpringApplicationShutdownHook] [DefaultLifecycleProcessor$LifecycleGroup.stop] - Stopping beans in phase 2147483646
[DEBUG] 2024-11-26 13:16:47.426 [http-nio-9988-exec-4] [AbstractMessageConverterMethodProcessor.writeWithMessageConverters] - Using 'application/json', given [*/*] and supported [application/json, application/*+json, application/json, application/*+json]
[DEBUG] 2024-11-26 13:16:47.428 [http-nio-9988-exec-4] [LogFormatUtils.traceDebug] - Writing [com.asset.ccat.ods_service.models.responses.BaseResponse@7eb83ff0]
[DEBUG] 2024-11-26 13:16:47.489 [http-nio-9988-exec-4] [ExceptionHandlerExceptionResolver.doResolveHandlerMethodException] - Using @ExceptionHandler com.asset.ccat.ods_service.exceptions.ExceptionInterceptor#handelAllExceptions(Exception, WebRequest)
[DEBUG] 2024-11-26 13:16:47.511 [http-nio-9988-exec-4] [AbstractMessageConverterMethodProcessor.writeWithMessageConverters] - Found 'Content-Type:application/json' in response
[DEBUG] 2024-11-26 13:16:47.512 [http-nio-9988-exec-4] [LogFormatUtils.traceDebug] - Writing [com.asset.ccat.ods_service.models.responses.BaseResponse@1fc04959]
[WARN ] 2024-11-26 13:16:47.513 [http-nio-9988-exec-4] [ExceptionHandlerExceptionResolver.doResolveHandlerMethodException] - Failure in @ExceptionHandler com.asset.ccat.ods_service.exceptions.ExceptionInterceptor#handelAllExceptions(Exception, WebRequest)
org.apache.catalina.connector.ClientAbortException: java.io.IOException: An established connection was aborted by the software in your host machine
	at org.apache.catalina.connector.OutputBuffer.realWriteBytes(OutputBuffer.java:348) ~[tomcat-embed-core-9.0.82.jar:9.0.82]
	at org.apache.catalina.connector.OutputBuffer.flushByteBuffer(OutputBuffer.java:777) ~[tomcat-embed-core-9.0.82.jar:9.0.82]
	at org.apache.catalina.connector.OutputBuffer.append(OutputBuffer.java:680) ~[tomcat-embed-core-9.0.82.jar:9.0.82]
	at org.apache.catalina.connector.OutputBuffer.writeBytes(OutputBuffer.java:383) ~[tomcat-embed-core-9.0.82.jar:9.0.82]
	at org.apache.catalina.connector.OutputBuffer.write(OutputBuffer.java:361) ~[tomcat-embed-core-9.0.82.jar:9.0.82]
	at org.apache.catalina.connector.CoyoteOutputStream.write(CoyoteOutputStream.java:97) ~[tomcat-embed-core-9.0.82.jar:9.0.82]
	at org.springframework.security.web.util.OnCommittedResponseWrapper$SaveContextServletOutputStream.write(OnCommittedResponseWrapper.java:638) ~[spring-security-web-5.7.11.jar:5.7.11]
	at org.springframework.util.StreamUtils$NonClosingOutputStream.write(StreamUtils.java:287) ~[spring-core-5.3.30.jar:5.3.30]
	at com.fasterxml.jackson.core.json.UTF8JsonGenerator._flushBuffer(UTF8JsonGenerator.java:2171) ~[jackson-core-2.13.5.jar:2.13.5]
	at com.fasterxml.jackson.core.json.UTF8JsonGenerator.flush(UTF8JsonGenerator.java:1184) ~[jackson-core-2.13.5.jar:2.13.5]
	at com.fasterxml.jackson.databind.ObjectWriter.writeValue(ObjectWriter.java:1009) ~[jackson-databind-2.13.5.jar:2.13.5]
	at org.springframework.http.converter.json.AbstractJackson2HttpMessageConverter.writeInternal(AbstractJackson2HttpMessageConverter.java:456) ~[spring-web-5.3.30.jar:5.3.30]
	at org.springframework.http.converter.AbstractGenericHttpMessageConverter.write(AbstractGenericHttpMessageConverter.java:104) ~[spring-web-5.3.30.jar:5.3.30]
	at org.springframework.web.servlet.mvc.method.annotation.AbstractMessageConverterMethodProcessor.writeWithMessageConverters(AbstractMessageConverterMethodProcessor.java:290) ~[spring-webmvc-5.3.30.jar:5.3.30]
	at org.springframework.web.servlet.mvc.method.annotation.HttpEntityMethodProcessor.handleReturnValue(HttpEntityMethodProcessor.java:219) ~[spring-webmvc-5.3.30.jar:5.3.30]
	at org.springframework.web.method.support.HandlerMethodReturnValueHandlerComposite.handleReturnValue(HandlerMethodReturnValueHandlerComposite.java:78) ~[spring-web-5.3.30.jar:5.3.30]
	at org.springframework.web.servlet.mvc.method.annotation.ServletInvocableHandlerMethod.invokeAndHandle(ServletInvocableHandlerMethod.java:135) ~[spring-webmvc-5.3.30.jar:5.3.30]
	at org.springframework.web.servlet.mvc.method.annotation.ExceptionHandlerExceptionResolver.doResolveHandlerMethodException(ExceptionHandlerExceptionResolver.java:428) [spring-webmvc-5.3.30.jar:5.3.30]
	at org.springframework.web.servlet.handler.AbstractHandlerMethodExceptionResolver.doResolveException(AbstractHandlerMethodExceptionResolver.java:75) [spring-webmvc-5.3.30.jar:5.3.30]
	at org.springframework.web.servlet.handler.AbstractHandlerExceptionResolver.resolveException(AbstractHandlerExceptionResolver.java:142) [spring-webmvc-5.3.30.jar:5.3.30]
	at org.springframework.web.servlet.handler.HandlerExceptionResolverComposite.resolveException(HandlerExceptionResolverComposite.java:80) [spring-webmvc-5.3.30.jar:5.3.30]
	at org.springframework.web.servlet.DispatcherServlet.processHandlerException(DispatcherServlet.java:1332) [spring-webmvc-5.3.30.jar:5.3.30]
	at org.springframework.web.servlet.DispatcherServlet.processDispatchResult(DispatcherServlet.java:1143) [spring-webmvc-5.3.30.jar:5.3.30]
	at org.springframework.web.servlet.DispatcherServlet.doDispatch(DispatcherServlet.java:1089) [spring-webmvc-5.3.30.jar:5.3.30]
	at org.springframework.web.servlet.DispatcherServlet.doService(DispatcherServlet.java:965) [spring-webmvc-5.3.30.jar:5.3.30]
	at org.springframework.web.servlet.FrameworkServlet.processRequest(FrameworkServlet.java:1006) [spring-webmvc-5.3.30.jar:5.3.30]
	at org.springframework.web.servlet.FrameworkServlet.doPost(FrameworkServlet.java:909) [spring-webmvc-5.3.30.jar:5.3.30]
	at javax.servlet.http.HttpServlet.service(HttpServlet.java:555) [tomcat-embed-core-9.0.82.jar:4.0.FR]
	at org.springframework.web.servlet.FrameworkServlet.service(FrameworkServlet.java:883) [spring-webmvc-5.3.30.jar:5.3.30]
	at javax.servlet.http.HttpServlet.service(HttpServlet.java:623) [tomcat-embed-core-9.0.82.jar:4.0.FR]
	at org.apache.catalina.core.ApplicationFilterChain.internalDoFilter(ApplicationFilterChain.java:209) [tomcat-embed-core-9.0.82.jar:9.0.82]
	at org.apache.catalina.core.ApplicationFilterChain.doFilter(ApplicationFilterChain.java:153) [tomcat-embed-core-9.0.82.jar:9.0.82]
	at org.apache.tomcat.websocket.server.WsFilter.doFilter(WsFilter.java:51) [tomcat-embed-websocket-9.0.82.jar:9.0.82]
	at org.apache.catalina.core.ApplicationFilterChain.internalDoFilter(ApplicationFilterChain.java:178) [tomcat-embed-core-9.0.82.jar:9.0.82]
	at org.apache.catalina.core.ApplicationFilterChain.doFilter(ApplicationFilterChain.java:153) [tomcat-embed-core-9.0.82.jar:9.0.82]
	at org.springframework.web.filter.OncePerRequestFilter.doFilter(OncePerRequestFilter.java:111) [spring-web-5.3.30.jar:5.3.30]
	at org.apache.catalina.core.ApplicationFilterChain.internalDoFilter(ApplicationFilterChain.java:178) [tomcat-embed-core-9.0.82.jar:9.0.82]
	at org.apache.catalina.core.ApplicationFilterChain.doFilter(ApplicationFilterChain.java:153) [tomcat-embed-core-9.0.82.jar:9.0.82]
	at org.springframework.security.web.FilterChainProxy$VirtualFilterChain.doFilter(FilterChainProxy.java:337) [spring-security-web-5.7.11.jar:5.7.11]
	at org.springframework.security.web.access.intercept.FilterSecurityInterceptor.invoke(FilterSecurityInterceptor.java:115) [spring-security-web-5.7.11.jar:5.7.11]
	at org.springframework.security.web.access.intercept.FilterSecurityInterceptor.doFilter(FilterSecurityInterceptor.java:81) [spring-security-web-5.7.11.jar:5.7.11]
	at org.springframework.security.web.FilterChainProxy$VirtualFilterChain.doFilter(FilterChainProxy.java:346) [spring-security-web-5.7.11.jar:5.7.11]
	at org.springframework.security.web.access.ExceptionTranslationFilter.doFilter(ExceptionTranslationFilter.java:122) [spring-security-web-5.7.11.jar:5.7.11]
	at org.springframework.security.web.access.ExceptionTranslationFilter.doFilter(ExceptionTranslationFilter.java:116) [spring-security-web-5.7.11.jar:5.7.11]
	at org.springframework.security.web.FilterChainProxy$VirtualFilterChain.doFilter(FilterChainProxy.java:346) [spring-security-web-5.7.11.jar:5.7.11]
	at org.springframework.security.web.session.SessionManagementFilter.doFilter(SessionManagementFilter.java:126) [spring-security-web-5.7.11.jar:5.7.11]
	at org.springframework.security.web.session.SessionManagementFilter.doFilter(SessionManagementFilter.java:81) [spring-security-web-5.7.11.jar:5.7.11]
	at org.springframework.security.web.FilterChainProxy$VirtualFilterChain.doFilter(FilterChainProxy.java:346) [spring-security-web-5.7.11.jar:5.7.11]
	at org.springframework.security.web.authentication.AnonymousAuthenticationFilter.doFilter(AnonymousAuthenticationFilter.java:109) [spring-security-web-5.7.11.jar:5.7.11]
	at org.springframework.security.web.FilterChainProxy$VirtualFilterChain.doFilter(FilterChainProxy.java:346) [spring-security-web-5.7.11.jar:5.7.11]
	at org.springframework.security.web.servletapi.SecurityContextHolderAwareRequestFilter.doFilter(SecurityContextHolderAwareRequestFilter.java:149) [spring-security-web-5.7.11.jar:5.7.11]
	at org.springframework.security.web.FilterChainProxy$VirtualFilterChain.doFilter(FilterChainProxy.java:346) [spring-security-web-5.7.11.jar:5.7.11]
	at org.springframework.security.web.savedrequest.RequestCacheAwareFilter.doFilter(RequestCacheAwareFilter.java:63) [spring-security-web-5.7.11.jar:5.7.11]
	at org.springframework.security.web.FilterChainProxy$VirtualFilterChain.doFilter(FilterChainProxy.java:346) [spring-security-web-5.7.11.jar:5.7.11]
	at com.asset.ccat.ods_service.security.JwtAuthenticationFilter.doFilterInternal(JwtAuthenticationFilter.java:68) [classes/:?]
	at org.springframework.web.filter.OncePerRequestFilter.doFilter(OncePerRequestFilter.java:117) [spring-web-5.3.30.jar:5.3.30]
	at org.springframework.security.web.FilterChainProxy$VirtualFilterChain.doFilter(FilterChainProxy.java:346) [spring-security-web-5.7.11.jar:5.7.11]
	at org.springframework.security.web.authentication.logout.LogoutFilter.doFilter(LogoutFilter.java:103) [spring-security-web-5.7.11.jar:5.7.11]
	at org.springframework.security.web.authentication.logout.LogoutFilter.doFilter(LogoutFilter.java:89) [spring-security-web-5.7.11.jar:5.7.11]
	at org.springframework.security.web.FilterChainProxy$VirtualFilterChain.doFilter(FilterChainProxy.java:346) [spring-security-web-5.7.11.jar:5.7.11]
	at org.springframework.web.filter.CorsFilter.doFilterInternal(CorsFilter.java:91) [spring-web-5.3.30.jar:5.3.30]
	at org.springframework.web.filter.OncePerRequestFilter.doFilter(OncePerRequestFilter.java:117) [spring-web-5.3.30.jar:5.3.30]
	at org.springframework.security.web.FilterChainProxy$VirtualFilterChain.doFilter(FilterChainProxy.java:346) [spring-security-web-5.7.11.jar:5.7.11]
	at org.springframework.security.web.header.HeaderWriterFilter.doHeadersAfter(HeaderWriterFilter.java:90) [spring-security-web-5.7.11.jar:5.7.11]
	at org.springframework.security.web.header.HeaderWriterFilter.doFilterInternal(HeaderWriterFilter.java:75) [spring-security-web-5.7.11.jar:5.7.11]
	at org.springframework.web.filter.OncePerRequestFilter.doFilter(OncePerRequestFilter.java:117) [spring-web-5.3.30.jar:5.3.30]
	at org.springframework.security.web.FilterChainProxy$VirtualFilterChain.doFilter(FilterChainProxy.java:346) [spring-security-web-5.7.11.jar:5.7.11]
	at org.springframework.security.web.context.SecurityContextPersistenceFilter.doFilter(SecurityContextPersistenceFilter.java:112) [spring-security-web-5.7.11.jar:5.7.11]
	at org.springframework.security.web.context.SecurityContextPersistenceFilter.doFilter(SecurityContextPersistenceFilter.java:82) [spring-security-web-5.7.11.jar:5.7.11]
	at org.springframework.security.web.FilterChainProxy$VirtualFilterChain.doFilter(FilterChainProxy.java:346) [spring-security-web-5.7.11.jar:5.7.11]
	at org.springframework.security.web.context.request.async.WebAsyncManagerIntegrationFilter.doFilterInternal(WebAsyncManagerIntegrationFilter.java:55) [spring-security-web-5.7.11.jar:5.7.11]
	at org.springframework.web.filter.OncePerRequestFilter.doFilter(OncePerRequestFilter.java:117) [spring-web-5.3.30.jar:5.3.30]
	at org.springframework.security.web.FilterChainProxy$VirtualFilterChain.doFilter(FilterChainProxy.java:346) [spring-security-web-5.7.11.jar:5.7.11]
	at org.springframework.security.web.session.DisableEncodeUrlFilter.doFilterInternal(DisableEncodeUrlFilter.java:42) [spring-security-web-5.7.11.jar:5.7.11]
	at org.springframework.web.filter.OncePerRequestFilter.doFilter(OncePerRequestFilter.java:117) [spring-web-5.3.30.jar:5.3.30]
	at org.springframework.security.web.FilterChainProxy$VirtualFilterChain.doFilter(FilterChainProxy.java:346) [spring-security-web-5.7.11.jar:5.7.11]
	at org.springframework.security.web.FilterChainProxy.doFilterInternal(FilterChainProxy.java:221) [spring-security-web-5.7.11.jar:5.7.11]
	at org.springframework.security.web.FilterChainProxy.doFilter(FilterChainProxy.java:186) [spring-security-web-5.7.11.jar:5.7.11]
	at org.springframework.web.filter.DelegatingFilterProxy.invokeDelegate(DelegatingFilterProxy.java:354) [spring-web-5.3.30.jar:5.3.30]
	at org.springframework.web.filter.DelegatingFilterProxy.doFilter(DelegatingFilterProxy.java:267) [spring-web-5.3.30.jar:5.3.30]
	at org.apache.catalina.core.ApplicationFilterChain.internalDoFilter(ApplicationFilterChain.java:178) [tomcat-embed-core-9.0.82.jar:9.0.82]
	at org.apache.catalina.core.ApplicationFilterChain.doFilter(ApplicationFilterChain.java:153) [tomcat-embed-core-9.0.82.jar:9.0.82]
	at org.springframework.web.filter.RequestContextFilter.doFilterInternal(RequestContextFilter.java:100) [spring-web-5.3.30.jar:5.3.30]
	at org.springframework.web.filter.OncePerRequestFilter.doFilter(OncePerRequestFilter.java:117) [spring-web-5.3.30.jar:5.3.30]
	at org.apache.catalina.core.ApplicationFilterChain.internalDoFilter(ApplicationFilterChain.java:178) [tomcat-embed-core-9.0.82.jar:9.0.82]
	at org.apache.catalina.core.ApplicationFilterChain.doFilter(ApplicationFilterChain.java:153) [tomcat-embed-core-9.0.82.jar:9.0.82]
	at org.springframework.web.filter.FormContentFilter.doFilterInternal(FormContentFilter.java:93) [spring-web-5.3.30.jar:5.3.30]
	at org.springframework.web.filter.OncePerRequestFilter.doFilter(OncePerRequestFilter.java:117) [spring-web-5.3.30.jar:5.3.30]
	at org.apache.catalina.core.ApplicationFilterChain.internalDoFilter(ApplicationFilterChain.java:178) [tomcat-embed-core-9.0.82.jar:9.0.82]
	at org.apache.catalina.core.ApplicationFilterChain.doFilter(ApplicationFilterChain.java:153) [tomcat-embed-core-9.0.82.jar:9.0.82]
	at org.springframework.boot.actuate.metrics.web.servlet.WebMvcMetricsFilter.doFilterInternal(WebMvcMetricsFilter.java:96) [spring-boot-actuator-2.7.17.jar:2.7.17]
	at org.springframework.web.filter.OncePerRequestFilter.doFilter(OncePerRequestFilter.java:117) [spring-web-5.3.30.jar:5.3.30]
	at org.apache.catalina.core.ApplicationFilterChain.internalDoFilter(ApplicationFilterChain.java:178) [tomcat-embed-core-9.0.82.jar:9.0.82]
	at org.apache.catalina.core.ApplicationFilterChain.doFilter(ApplicationFilterChain.java:153) [tomcat-embed-core-9.0.82.jar:9.0.82]
	at org.springframework.web.filter.CharacterEncodingFilter.doFilterInternal(CharacterEncodingFilter.java:201) [spring-web-5.3.30.jar:5.3.30]
	at org.springframework.web.filter.OncePerRequestFilter.doFilter(OncePerRequestFilter.java:117) [spring-web-5.3.30.jar:5.3.30]
	at org.apache.catalina.core.ApplicationFilterChain.internalDoFilter(ApplicationFilterChain.java:178) [tomcat-embed-core-9.0.82.jar:9.0.82]
	at org.apache.catalina.core.ApplicationFilterChain.doFilter(ApplicationFilterChain.java:153) [tomcat-embed-core-9.0.82.jar:9.0.82]
	at org.apache.catalina.core.StandardWrapperValve.invoke(StandardWrapperValve.java:168) [tomcat-embed-core-9.0.82.jar:9.0.82]
	at org.apache.catalina.core.StandardContextValve.invoke(StandardContextValve.java:90) [tomcat-embed-core-9.0.82.jar:9.0.82]
	at org.apache.catalina.authenticator.AuthenticatorBase.invoke(AuthenticatorBase.java:481) [tomcat-embed-core-9.0.82.jar:9.0.82]
	at org.apache.catalina.core.StandardHostValve.invoke(StandardHostValve.java:130) [tomcat-embed-core-9.0.82.jar:9.0.82]
	at org.apache.catalina.valves.ErrorReportValve.invoke(ErrorReportValve.java:93) [tomcat-embed-core-9.0.82.jar:9.0.82]
	at org.apache.catalina.core.StandardEngineValve.invoke(StandardEngineValve.java:74) [tomcat-embed-core-9.0.82.jar:9.0.82]
	at org.apache.catalina.connector.CoyoteAdapter.service(CoyoteAdapter.java:342) [tomcat-embed-core-9.0.82.jar:9.0.82]
	at org.apache.coyote.http11.Http11Processor.service(Http11Processor.java:390) [tomcat-embed-core-9.0.82.jar:9.0.82]
	at org.apache.coyote.AbstractProcessorLight.process(AbstractProcessorLight.java:63) [tomcat-embed-core-9.0.82.jar:9.0.82]
	at org.apache.coyote.AbstractProtocol$ConnectionHandler.process(AbstractProtocol.java:928) [tomcat-embed-core-9.0.82.jar:9.0.82]
	at org.apache.tomcat.util.net.NioEndpoint$SocketProcessor.doRun(NioEndpoint.java:1794) [tomcat-embed-core-9.0.82.jar:9.0.82]
	at org.apache.tomcat.util.net.SocketProcessorBase.run(SocketProcessorBase.java:52) [tomcat-embed-core-9.0.82.jar:9.0.82]
	at org.apache.tomcat.util.threads.ThreadPoolExecutor.runWorker(ThreadPoolExecutor.java:1191) [tomcat-embed-core-9.0.82.jar:9.0.82]
	at org.apache.tomcat.util.threads.ThreadPoolExecutor$Worker.run(ThreadPoolExecutor.java:659) [tomcat-embed-core-9.0.82.jar:9.0.82]
	at org.apache.tomcat.util.threads.TaskThread$WrappingRunnable.run(TaskThread.java:61) [tomcat-embed-core-9.0.82.jar:9.0.82]
	at java.lang.Thread.run(Thread.java:834) [?:?]
Caused by: java.io.IOException: An established connection was aborted by the software in your host machine
	at sun.nio.ch.SocketDispatcher.write0(Native Method) ~[?:?]
	at sun.nio.ch.SocketDispatcher.write(SocketDispatcher.java:51) ~[?:?]
	at sun.nio.ch.IOUtil.writeFromNativeBuffer(IOUtil.java:113) ~[?:?]
	at sun.nio.ch.IOUtil.write(IOUtil.java:79) ~[?:?]
	at sun.nio.ch.IOUtil.write(IOUtil.java:50) ~[?:?]
	at sun.nio.ch.SocketChannelImpl.write(SocketChannelImpl.java:466) ~[?:?]
	at org.apache.tomcat.util.net.NioChannel.write(NioChannel.java:136) ~[tomcat-embed-core-9.0.82.jar:9.0.82]
	at org.apache.tomcat.util.net.NioEndpoint$NioSocketWrapper.doWrite(NioEndpoint.java:1431) ~[tomcat-embed-core-9.0.82.jar:9.0.82]
	at org.apache.tomcat.util.net.SocketWrapperBase.doWrite(SocketWrapperBase.java:775) ~[tomcat-embed-core-9.0.82.jar:9.0.82]
	at org.apache.tomcat.util.net.SocketWrapperBase.writeBlocking(SocketWrapperBase.java:600) ~[tomcat-embed-core-9.0.82.jar:9.0.82]
	at org.apache.tomcat.util.net.SocketWrapperBase.write(SocketWrapperBase.java:544) ~[tomcat-embed-core-9.0.82.jar:9.0.82]
	at org.apache.coyote.http11.Http11OutputBuffer$SocketOutputBuffer.doWrite(Http11OutputBuffer.java:540) ~[tomcat-embed-core-9.0.82.jar:9.0.82]
	at org.apache.coyote.http11.filters.ChunkedOutputFilter.doWrite(ChunkedOutputFilter.java:110) ~[tomcat-embed-core-9.0.82.jar:9.0.82]
	at org.apache.coyote.http11.Http11OutputBuffer.doWrite(Http11OutputBuffer.java:193) ~[tomcat-embed-core-9.0.82.jar:9.0.82]
	at org.apache.coyote.Response.doWrite(Response.java:606) ~[tomcat-embed-core-9.0.82.jar:9.0.82]
	at org.apache.catalina.connector.OutputBuffer.realWriteBytes(OutputBuffer.java:335) ~[tomcat-embed-core-9.0.82.jar:9.0.82]
	... 113 more
[DEBUG] 2024-11-26 13:16:47.520 [http-nio-9988-exec-4] [FrameworkServlet.logResult] - Failed to complete request: org.apache.catalina.connector.ClientAbortException: java.io.IOException: An established connection was aborted by the software in your host machine
[DEBUG] 2024-11-26 13:16:47.562 [http-nio-9988-exec-4] [SecurityContextPersistenceFilter.doFilter] - Cleared SecurityContextHolder to complete request
[DEBUG] 2024-11-26 13:16:48.612 [SpringApplicationShutdownHook] [DefaultLifecycleProcessor.lambda$doStop$3] - Bean 'webServerStartStop' completed its stop procedure
[DEBUG] 2024-11-26 13:16:48.612 [SpringApplicationShutdownHook] [DefaultLifecycleProcessor$LifecycleGroup.stop] - Stopping beans in phase 2147482647
[DEBUG] 2024-11-26 13:16:48.619 [SpringApplicationShutdownHook] [AbstractBindableProxyFactory.unbindInputs] - Unbinding inputs for :null
[DEBUG] 2024-11-26 13:16:48.619 [SpringApplicationShutdownHook] [AbstractBindableProxyFactory.unbindInputs] - Unbinding :null:springCloudBusInput
[DEBUG] 2024-11-26 13:16:48.623 [SpringApplicationShutdownHook] [AbstractMessageListenerContainer.shutdown] - Shutting down Rabbit listener container
[INFO ] 2024-11-26 13:16:48.627 [SpringApplicationShutdownHook] [SimpleMessageListenerContainer.lambda$shutdownAndWaitOrCallback$2] - Waiting for workers to finish.
[INFO ] 2024-11-26 13:16:48.627 [SpringApplicationShutdownHook] [SimpleMessageListenerContainer.lambda$shutdownAndWaitOrCallback$2] - Successfully waited for workers to finish.
[INFO ] 2024-11-26 13:16:48.629 [SpringApplicationShutdownHook] [LogAccessor.info] - stopped bean 'inbound.springCloudBus.anonymous.UW0JfVaiSW6L8h7sUgFpIw'
[DEBUG] 2024-11-26 13:16:48.658 [SpringApplicationShutdownHook] [DefaultSingletonBeanRegistry.getSingleton] - Creating shared instance of singleton bean 'springCloudBus.anonymous.UW0JfVaiSW6L8h7sUgFpIw.errors.handler'
[INFO ] 2024-11-26 13:16:48.710 [SpringApplicationShutdownHook] [LogAccessor.info] - Channel 'ods-service-1.springCloudBus.anonymous.UW0JfVaiSW6L8h7sUgFpIw.errors' has 1 subscriber(s).
[DEBUG] 2024-11-26 13:16:48.713 [SpringApplicationShutdownHook] [DefaultLifecycleProcessor.lambda$doStop$3] - Bean 'inputBindingLifecycle' completed its stop procedure
[DEBUG] 2024-11-26 13:16:48.713 [SpringApplicationShutdownHook] [DefaultLifecycleProcessor$LifecycleGroup.stop] - Stopping beans in phase 0
[DEBUG] 2024-11-26 13:16:48.718 [SpringApplicationShutdownHook] [DefaultLifecycleProcessor$LifecycleGroup.stop] - Stopping beans in phase -2147482648
[DEBUG] 2024-11-26 13:16:48.718 [SpringApplicationShutdownHook] [AbstractBindableProxyFactory.unbindOutputs] - Unbinding outputs for :null
[DEBUG] 2024-11-26 13:16:48.718 [SpringApplicationShutdownHook] [DefaultLifecycleProcessor.lambda$doStop$3] - Bean 'outputBindingLifecycle' completed its stop procedure
[DEBUG] 2024-11-26 13:16:48.718 [SpringApplicationShutdownHook] [DefaultLifecycleProcessor$LifecycleGroup.stop] - Stopping beans in phase -2147483648
[INFO ] 2024-11-26 13:16:48.718 [SpringApplicationShutdownHook] [LogAccessor.info] - Removing {logging-channel-adapter:_org.springframework.integration.errorLogger} as a subscriber to the 'errorChannel' channel
[INFO ] 2024-11-26 13:16:48.719 [SpringApplicationShutdownHook] [LogAccessor.info] - Channel 'ods-service-1.errorChannel' has 0 subscriber(s).
[DEBUG] 2024-11-26 13:16:48.719 [SpringApplicationShutdownHook] [DefaultLifecycleProcessor.lambda$doStop$3] - Bean '_org.springframework.integration.errorLogger' completed its stop procedure
[INFO ] 2024-11-26 13:16:48.719 [SpringApplicationShutdownHook] [LogAccessor.info] - stopped bean '_org.springframework.integration.errorLogger'
[DEBUG] 2024-11-26 13:16:50.829 [SpringApplicationShutdownHook] [ExecutorConfigurationSupport.shutdown] - Shutting down ExecutorService 'applicationTaskExecutor'
[DEBUG] 2024-11-26 13:16:50.837 [SpringApplicationShutdownHook] [ExecutorConfigurationSupport.shutdown] - Shutting down ExecutorService 'taskScheduler'
[DEBUG] 2024-11-26 13:16:50.839 [SpringApplicationShutdownHook] [AbstractApplicationContext.doClose] - Closing rabbit_context, started on Mon Nov 25 22:17:29 EET 2024, parent: org.springframework.boot.web.servlet.context.AnnotationConfigServletWebServerApplicationContext@4ab550d5
[DEBUG] 2024-11-26 13:16:51.115 [springCloudBus.anonymous.UW0JfVaiSW6L8h7sUgFpIw-54] [SimpleMessageListenerContainer$AsyncMessageProcessingConsumer.killOrRestart] - Cancelling Consumer@658b6de0: tags=[[]], channel=null, acknowledgeMode=AUTO local queue size=0
[DEBUG] 2024-11-26 13:16:51.116 [springCloudBus.anonymous.UW0JfVaiSW6L8h7sUgFpIw-54] [BlockingQueueConsumer.stop] - Closing Rabbit Channel: null
