[WARN ] 2024-11-26 13:16:46.938 [reactor-http-nio-4] [Loggers$Slf4JLogger.warn] {} - [64d0a703-14, L:/127.0.0.1:61641 ! R:localhost/127.0.0.1:8880] The connection observed an error
reactor.netty.http.client.PrematureCloseException: Connection prematurely closed BEFORE response
[DEBUG] 2024-11-26 13:16:47.005 [http-nio-9988-exec-4] [AccountHistoryDao.extractSubscriberActivitiesFromSQLArray] {requestId=7494c597-77ce-4bb2-8fe9-688b3b7189d7, sessionId=35a0038c-6205-4bac-89d2-fdaaea443f50} - [R=118] TableType = H_ADJUSTMENTS --- Row values = [H_ADJUSTMENTS
, 1099900306, 1, 2012-11-9 4:18:22 PM, 10000000, 10000000, EXT, null, null, null, null, null, null, null, 0, null, null, null, null, +0200, null, 7, 4, EXT, IPHON15LEC, null, null, null, 1, 6, 100.000000, 2012-12-19, 100.000000, -, 1, 100100]
[DEBUG] 2024-11-26 13:16:47.039 [http-nio-9988-exec-4] [AccountHistoryDao.extractSubscriberActivitiesFromSQLArray] {requestId=7494c597-77ce-4bb2-8fe9-688b3b7189d7, sessionId=35a0038c-6205-4bac-89d2-fdaaea443f50} - [R=119] TableType = H_ADJUSTMENTS --- Row values = [H_ADJUSTMENTS
, 1099900306, 1, 2012-11-9 4:18:22 PM, 10000000, 10000000, EXT, null, null, null, null, null, null, null, 0, null, null, null, null, +0200, null, 8, 6, null, null, null, null, null, 1, 8, 200.000000, 2012-12-20, 800.000000, +, 1, 100100]
[DEBUG] 2024-11-26 13:16:47.048 [http-nio-9988-exec-4] [AccountHistoryDao.extractSubscriberActivitiesFromSQLArray] {requestId=7494c597-77ce-4bb2-8fe9-688b3b7189d7, sessionId=35a0038c-6205-4bac-89d2-fdaaea443f50} - [R=120] TableType = H_ADJUSTMENTS --- Row values = [H_ADJUSTMENTS
, 1099900306, 1, 2012-11-9 4:18:22 PM, 10000000, 10000000, EXT, null, null, null, null, null, null, null, 0, null, null, null, null, +0200, null, 7, 4, EXT, IPHON15LEC, null, null, null, 1, 6, 100.000000, 2012-12-19, 100.000000, -, 1, 100100]
[DEBUG] 2024-11-26 13:16:47.052 [http-nio-9988-exec-4] [AccountHistoryDao.extractSubscriberActivitiesFromSQLArray] {requestId=7494c597-77ce-4bb2-8fe9-688b3b7189d7, sessionId=35a0038c-6205-4bac-89d2-fdaaea443f50} - [R=121] TableType = H_ADJUSTMENTS --- Row values = [H_ADJUSTMENTS
, 1099900306, 1, 2012-11-9 4:18:22 PM, 10000000, 10000000, EXT, null, null, null, null, null, null, null, 0, null, null, null, null, +0200, null, 8, 6, null, null, null, null, null, 1, 8, 200.000000, 2012-12-20, 800.000000, +, 1, 100100]
[DEBUG] 2024-11-26 13:16:47.054 [http-nio-9988-exec-4] [AccountHistoryDao.extractSubscriberActivitiesFromSQLArray] {requestId=7494c597-77ce-4bb2-8fe9-688b3b7189d7, sessionId=35a0038c-6205-4bac-89d2-fdaaea443f50} - [R=122] TableType = H_ADJUSTMENTS --- Row values = [H_ADJUSTMENTS
, 1099900306, 1, 2012-11-9 4:18:22 PM, 10000000, 10000000, EXT, null, null, null, null, null, null, null, 0, null, null, null, null, +0200, null, 7, 4, EXT, IPHON15LEC, null, null, null, 1, 6, 100.000000, 2012-12-19, 100.000000, -, 1, 100100]
[DEBUG] 2024-11-26 13:16:47.073 [http-nio-9988-exec-4] [AccountHistoryDao.extractSubscriberActivitiesFromSQLArray] {requestId=7494c597-77ce-4bb2-8fe9-688b3b7189d7, sessionId=35a0038c-6205-4bac-89d2-fdaaea443f50} - [R=123] TableType = H_ADJUSTMENTS --- Row values = [H_ADJUSTMENTS
, 1099900306, 1, 2012-11-9 4:18:22 PM, 10000000, 10000000, EXT, null, null, null, null, null, null, null, 0, null, null, null, null, +0200, null, 8, 6, null, null, null, null, null, 1, 8, 200.000000, 2012-12-20, 800.000000, +, 1, 100100]
[DEBUG] 2024-11-26 13:16:47.098 [http-nio-9988-exec-4] [AccountHistoryDao.extractSubscriberActivitiesFromSQLArray] {requestId=7494c597-77ce-4bb2-8fe9-688b3b7189d7, sessionId=35a0038c-6205-4bac-89d2-fdaaea443f50} - [R=124] TableType = H_ADJUSTMENTS --- Row values = [H_ADJUSTMENTS
, 1099900306, 1, 2012-11-9 4:18:22 PM, 10000000, 10000000, EXT, null, null, null, null, null, null, null, 0, null, null, null, null, +0200, null, 7, 4, EXT, IPHON15LEC, null, null, null, 1, 6, 100.000000, 2012-12-19, 100.000000, -, 1, 100100]
[DEBUG] 2024-11-26 13:16:47.100 [http-nio-9988-exec-4] [AccountHistoryDao.extractSubscriberActivitiesFromSQLArray] {requestId=7494c597-77ce-4bb2-8fe9-688b3b7189d7, sessionId=35a0038c-6205-4bac-89d2-fdaaea443f50} - [R=125] TableType = H_ADJUSTMENTS --- Row values = [H_ADJUSTMENTS
, 1099900306, 1, 2012-11-9 4:18:22 PM, 10000000, 10000000, EXT, null, null, null, null, null, null, null, 0, null, null, null, null, +0200, null, 8, 6, null, null, null, null, null, 1, 8, 200.000000, 2012-12-20, 800.000000, +, 1, 100100]
[DEBUG] 2024-11-26 13:16:47.104 [http-nio-9988-exec-4] [AccountHistoryDao.extractSubscriberActivitiesFromSQLArray] {requestId=7494c597-77ce-4bb2-8fe9-688b3b7189d7, sessionId=35a0038c-6205-4bac-89d2-fdaaea443f50} - [R=126] TableType = H_ADJUSTMENTS --- Row values = [H_ADJUSTMENTS
, 1099900306, 1, 2012-11-9 4:18:22 PM, 10000000, 10000000, EXT, null, null, null, null, null, null, null, 0, null, null, null, null, +0200, null, 7, 4, EXT, IPHON15LEC, null, null, null, 1, 6, 100.000000, 2012-12-19, 100.000000, -, 1, 100100]
[DEBUG] 2024-11-26 13:16:47.108 [http-nio-9988-exec-4] [AccountHistoryDao.extractSubscriberActivitiesFromSQLArray] {requestId=7494c597-77ce-4bb2-8fe9-688b3b7189d7, sessionId=35a0038c-6205-4bac-89d2-fdaaea443f50} - [R=127] TableType = H_ADJUSTMENTS --- Row values = [H_ADJUSTMENTS
, 1099900306, 1, 2012-11-9 4:18:22 PM, 10000000, 10000000, EXT, null, null, null, null, null, null, null, 0, null, null, null, null, +0200, null, 8, 6, null, null, null, null, null, 1, 8, 200.000000, 2012-12-20, 800.000000, +, 1, 100100]
[DEBUG] 2024-11-26 13:16:47.113 [http-nio-9988-exec-4] [AccountHistoryDao.extractSubscriberActivitiesFromSQLArray] {requestId=7494c597-77ce-4bb2-8fe9-688b3b7189d7, sessionId=35a0038c-6205-4bac-89d2-fdaaea443f50} - [R=128] TableType = H_ADJUSTMENTS --- Row values = [H_ADJUSTMENTS
, 1099900306, 1, 2012-11-9 4:18:22 PM, 10000000, 10000000, EXT, null, null, null, null, null, null, null, 0, null, null, null, null, +0200, null, 7, 4, EXT, IPHON15LEC, null, null, null, 1, 6, 100.000000, 2012-12-19, 100.000000, -, 1, 100100]
[DEBUG] 2024-11-26 13:16:47.116 [http-nio-9988-exec-4] [AccountHistoryDao.extractSubscriberActivitiesFromSQLArray] {requestId=7494c597-77ce-4bb2-8fe9-688b3b7189d7, sessionId=35a0038c-6205-4bac-89d2-fdaaea443f50} - [R=129] TableType = H_ADJUSTMENTS --- Row values = [H_ADJUSTMENTS
, 1099900306, 1, 2012-11-9 4:18:22 PM, 10000000, 10000000, EXT, null, null, null, null, null, null, null, 0, null, null, null, null, +0200, null, 8, 6, null, null, null, null, null, 1, 8, 200.000000, 2012-12-20, 800.000000, +, 1, 100100]
[DEBUG] 2024-11-26 13:16:47.120 [http-nio-9988-exec-4] [AccountHistoryDao.extractSubscriberActivitiesFromSQLArray] {requestId=7494c597-77ce-4bb2-8fe9-688b3b7189d7, sessionId=35a0038c-6205-4bac-89d2-fdaaea443f50} - [R=130] TableType = H_ADJUSTMENTS --- Row values = [H_ADJUSTMENTS
, 1099900306, 1, 2012-11-9 4:18:22 PM, 10000000, 10000000, EXT, null, null, null, null, null, null, null, 0, null, null, null, null, +0200, null, 7, 4, EXT, IPHON15LEC, null, null, null, 1, 6, 100.000000, 2012-12-19, 100.000000, -, 1, 100100]
[DEBUG] 2024-11-26 13:16:47.122 [http-nio-9988-exec-4] [AccountHistoryDao.extractSubscriberActivitiesFromSQLArray] {requestId=7494c597-77ce-4bb2-8fe9-688b3b7189d7, sessionId=35a0038c-6205-4bac-89d2-fdaaea443f50} - [R=131] TableType = H_ADJUSTMENTS --- Row values = [H_ADJUSTMENTS
, 1099900306, 1, 2012-11-9 4:18:22 PM, 10000000, 10000000, EXT, null, null, null, null, null, null, null, 0, null, null, null, null, +0200, null, 8, 6, null, null, null, null, null, 1, 8, 200.000000, 2012-12-20, 800.000000, +, 1, 100100]
[DEBUG] 2024-11-26 13:16:47.134 [http-nio-9988-exec-4] [AccountHistoryDao.extractSubscriberActivitiesFromSQLArray] {requestId=7494c597-77ce-4bb2-8fe9-688b3b7189d7, sessionId=35a0038c-6205-4bac-89d2-fdaaea443f50} - [R=132] TableType = H_ADJUSTMENTS --- Row values = [H_ADJUSTMENTS
, 1099900306, 1, 2012-11-9 4:18:22 PM, 10000000, 10000000, EXT, null, null, null, null, null, null, null, 0, null, null, null, null, +0200, null, 7, 4, EXT, IPHON15LEC, null, null, null, 1, 6, 100.000000, 2012-12-19, 100.000000, -, 1, 100100]
[DEBUG] 2024-11-26 13:16:47.137 [http-nio-9988-exec-4] [AccountHistoryDao.extractSubscriberActivitiesFromSQLArray] {requestId=7494c597-77ce-4bb2-8fe9-688b3b7189d7, sessionId=35a0038c-6205-4bac-89d2-fdaaea443f50} - [R=133] TableType = H_ADJUSTMENTS --- Row values = [H_ADJUSTMENTS
, 1099900306, 1, 2012-11-9 4:18:22 PM, 10000000, 10000000, EXT, null, null, null, null, null, null, null, 0, null, null, null, null, +0200, null, 8, 6, null, null, null, null, null, 1, 8, 200.000000, 2012-12-20, 800.000000, +, 1, 100100]
[DEBUG] 2024-11-26 13:16:47.142 [http-nio-9988-exec-4] [AccountHistoryDao.extractSubscriberActivitiesFromSQLArray] {requestId=7494c597-77ce-4bb2-8fe9-688b3b7189d7, sessionId=35a0038c-6205-4bac-89d2-fdaaea443f50} - [R=134] TableType = H_ADJUSTMENTS --- Row values = [H_ADJUSTMENTS
, 1099900306, 1, 2012-11-9 4:18:22 PM, 10000000, 10000000, EXT, null, null, null, null, null, null, null, 0, null, null, null, null, +0200, null, 7, 4, EXT, IPHON15LEC, null, null, null, 1, 6, 100.000000, 2012-12-19, 100.000000, -, 1, 100100]
[DEBUG] 2024-11-26 13:16:47.144 [http-nio-9988-exec-4] [AccountHistoryDao.extractSubscriberActivitiesFromSQLArray] {requestId=7494c597-77ce-4bb2-8fe9-688b3b7189d7, sessionId=35a0038c-6205-4bac-89d2-fdaaea443f50} - [R=135] TableType = H_ADJUSTMENTS --- Row values = [H_ADJUSTMENTS
, 1099900306, 1, 2012-11-9 4:18:22 PM, 10000000, 10000000, EXT, null, null, null, null, null, null, null, 0, null, null, null, null, +0200, null, 8, 6, null, null, null, null, null, 1, 8, 200.000000, 2012-12-20, 800.000000, +, 1, 100100]
[DEBUG] 2024-11-26 13:16:47.154 [http-nio-9988-exec-4] [AccountHistoryDao.extractSubscriberActivitiesFromSQLArray] {requestId=7494c597-77ce-4bb2-8fe9-688b3b7189d7, sessionId=35a0038c-6205-4bac-89d2-fdaaea443f50} - [R=136] TableType = H_ADJUSTMENTS --- Row values = [H_ADJUSTMENTS
, 1099900306, 1, 2012-11-9 4:18:22 PM, 10000000, 10000000, EXT, null, null, null, null, null, null, null, 0, null, null, null, null, +0200, null, 7, 4, EXT, IPHON15LEC, null, null, null, 1, 6, 100.000000, 2012-12-19, 100.000000, -, 1, 100100]
[DEBUG] 2024-11-26 13:16:47.161 [http-nio-9988-exec-4] [AccountHistoryDao.extractSubscriberActivitiesFromSQLArray] {requestId=7494c597-77ce-4bb2-8fe9-688b3b7189d7, sessionId=35a0038c-6205-4bac-89d2-fdaaea443f50} - [R=137] TableType = H_ADJUSTMENTS --- Row values = [H_ADJUSTMENTS
, 1099900306, 1, 2012-11-9 4:18:22 PM, 10000000, 10000000, EXT, null, null, null, null, null, null, null, 0, null, null, null, null, +0200, null, 8, 6, null, null, null, null, null, 1, 8, 200.000000, 2012-12-20, 800.000000, +, 1, 100100]
[DEBUG] 2024-11-26 13:16:47.165 [http-nio-9988-exec-4] [AccountHistoryDao.extractSubscriberActivitiesFromSQLArray] {requestId=7494c597-77ce-4bb2-8fe9-688b3b7189d7, sessionId=35a0038c-6205-4bac-89d2-fdaaea443f50} - [R=138] TableType = H_ADJUSTMENTS --- Row values = [H_ADJUSTMENTS
, 1099900306, 1, 2012-11-9 4:18:22 PM, 10000000, 10000000, EXT, null, null, null, null, null, null, null, 0, null, null, null, null, +0200, null, 7, 4, EXT, IPHON15LEC, null, null, null, 1, 6, 100.000000, 2012-12-19, 100.000000, -, 1, 100100]
[DEBUG] 2024-11-26 13:16:47.167 [http-nio-9988-exec-4] [AccountHistoryDao.extractSubscriberActivitiesFromSQLArray] {requestId=7494c597-77ce-4bb2-8fe9-688b3b7189d7, sessionId=35a0038c-6205-4bac-89d2-fdaaea443f50} - [R=139] TableType = H_ADJUSTMENTS --- Row values = [H_ADJUSTMENTS
, 1099900306, 1, 2012-11-9 4:18:22 PM, 10000000, 10000000, EXT, null, null, null, null, null, null, null, 0, null, null, null, null, +0200, null, 8, 6, null, null, null, null, null, 1, 8, 200.000000, 2012-12-20, 800.000000, +, 1, 100100]
[DEBUG] 2024-11-26 13:16:47.172 [http-nio-9988-exec-4] [AccountHistoryDao.extractSubscriberActivitiesFromSQLArray] {requestId=7494c597-77ce-4bb2-8fe9-688b3b7189d7, sessionId=35a0038c-6205-4bac-89d2-fdaaea443f50} - [R=140] TableType = H_ADJUSTMENTS --- Row values = [H_ADJUSTMENTS
, 1099900306, 1, 2012-11-9 4:18:22 PM, 10000000, 10000000, EXT, null, null, null, null, null, null, null, 0, null, null, null, null, +0200, null, 7, 4, EXT, IPHON15LEC, null, null, null, 1, 6, 100.000000, 2012-12-19, 100.000000, -, 1, 100100]
[ERROR] 2024-11-26 13:16:47.141 [reactor-http-nio-4] [Loggers$Slf4JLogger.error] {} - | onError(org.springframework.web.reactive.function.client.WebClientRequestException: Connection prematurely closed BEFORE response; nested exception is reactor.netty.http.client.PrematureCloseException: Connection prematurely closed BEFORE response)
[DEBUG] 2024-11-26 13:16:47.176 [http-nio-9988-exec-4] [AccountHistoryDao.extractSubscriberActivitiesFromSQLArray] {requestId=7494c597-77ce-4bb2-8fe9-688b3b7189d7, sessionId=35a0038c-6205-4bac-89d2-fdaaea443f50} - [R=141] TableType = H_ADJUSTMENTS --- Row values = [H_ADJUSTMENTS
, 1099900306, 1, 2012-11-9 4:18:22 PM, 10000000, 10000000, EXT, null, null, null, null, null, null, null, 0, null, null, null, null, +0200, null, 8, 6, null, null, null, null, null, 1, 8, 200.000000, 2012-12-20, 800.000000, +, 1, 100100]
[DEBUG] 2024-11-26 13:16:47.182 [http-nio-9988-exec-4] [AccountHistoryDao.extractSubscriberActivitiesFromSQLArray] {requestId=7494c597-77ce-4bb2-8fe9-688b3b7189d7, sessionId=35a0038c-6205-4bac-89d2-fdaaea443f50} - [R=142] TableType = H_ADJUSTMENTS --- Row values = [H_ADJUSTMENTS
, 1099900306, 1, 2012-11-9 4:18:22 PM, 10000000, 10000000, EXT, null, null, null, null, null, null, null, 0, null, null, null, null, +0200, null, 7, 4, EXT, IPHON15LEC, null, null, null, 1, 6, 100.000000, 2012-12-19, 100.000000, -, 1, 100100]
[DEBUG] 2024-11-26 13:16:47.186 [http-nio-9988-exec-4] [AccountHistoryDao.extractSubscriberActivitiesFromSQLArray] {requestId=7494c597-77ce-4bb2-8fe9-688b3b7189d7, sessionId=35a0038c-6205-4bac-89d2-fdaaea443f50} - [R=143] TableType = H_ADJUSTMENTS --- Row values = [H_ADJUSTMENTS
, 1099900306, 1, 2012-11-9 4:18:22 PM, 10000000, 10000000, EXT, null, null, null, null, null, null, null, 0, null, null, null, null, +0200, null, 7, 4, EXT, IPHON15LEC, null, null, null, 1, 6, 100.000000, 2012-12-19, 100.000000, -, 1, 100100]
[DEBUG] 2024-11-26 13:16:47.189 [http-nio-9988-exec-4] [AccountHistoryDao.extractSubscriberActivitiesFromSQLArray] {requestId=7494c597-77ce-4bb2-8fe9-688b3b7189d7, sessionId=35a0038c-6205-4bac-89d2-fdaaea443f50} - [R=144] TableType = H_ADJUSTMENTS --- Row values = [H_ADJUSTMENTS
, 1099900306, 1, 2012-11-9 4:18:22 PM, 10000000, 10000000, EXT, null, null, null, null, null, null, null, 0, null, null, null, null, +0200, null, 8, 6, null, null, null, null, null, 1, 8, 200.000000, 2012-12-20, 800.000000, +, 1, 100100]
[DEBUG] 2024-11-26 13:16:47.193 [http-nio-9988-exec-4] [AccountHistoryDao.extractSubscriberActivitiesFromSQLArray] {requestId=7494c597-77ce-4bb2-8fe9-688b3b7189d7, sessionId=35a0038c-6205-4bac-89d2-fdaaea443f50} - [R=145] TableType = H_ADJUSTMENTS --- Row values = [H_ADJUSTMENTS
, 1099900306, 1, 2012-11-9 4:18:22 PM, 10000000, 10000000, EXT, null, null, null, null, null, null, null, 0, null, null, null, null, +0200, null, 8, 6, null, null, null, null, null, 1, 8, 200.000000, 2012-12-20, 800.000000, +, 1, 100100]
[ERROR] 2024-11-26 13:16:47.176 [reactor-http-nio-4] [Loggers$Slf4JLogger.error] {} - 
org.springframework.web.reactive.function.client.WebClientRequestException: Connection prematurely closed BEFORE response; nested exception is reactor.netty.http.client.PrematureCloseException: Connection prematurely closed BEFORE response
	at org.springframework.web.reactive.function.client.ExchangeFunctions$DefaultExchangeFunction.lambda$wrapException$9(ExchangeFunctions.java:141) ~[spring-webflux-5.3.30.jar:5.3.30]
	Suppressed: reactor.core.publisher.FluxOnAssembly$OnAssemblyException: 
Error has been observed at the following site(s):
	*__checkpoint ⇢ Request to POST http://localhost:8880/lookup-service/transaction-admin/type/get-all [DefaultWebClient]
Original Stack Trace:
		at org.springframework.web.reactive.function.client.ExchangeFunctions$DefaultExchangeFunction.lambda$wrapException$9(ExchangeFunctions.java:141) ~[spring-webflux-5.3.30.jar:5.3.30]
		at reactor.core.publisher.MonoErrorSupplied.subscribe(MonoErrorSupplied.java:55) [reactor-core-3.4.33.jar:3.4.33]
		at reactor.core.publisher.Mono.subscribe(Mono.java:4490) [reactor-core-3.4.33.jar:3.4.33]
		at reactor.core.publisher.FluxOnErrorResume$ResumeSubscriber.onError(FluxOnErrorResume.java:103) [reactor-core-3.4.33.jar:3.4.33]
		at reactor.core.publisher.FluxPeek$PeekSubscriber.onError(FluxPeek.java:222) [reactor-core-3.4.33.jar:3.4.33]
		at reactor.core.publisher.FluxPeek$PeekSubscriber.onError(FluxPeek.java:222) [reactor-core-3.4.33.jar:3.4.33]
		at reactor.core.publisher.FluxPeek$PeekSubscriber.onError(FluxPeek.java:222) [reactor-core-3.4.33.jar:3.4.33]
		at reactor.core.publisher.MonoNext$NextSubscriber.onError(MonoNext.java:93) [reactor-core-3.4.33.jar:3.4.33]
		at reactor.core.publisher.MonoFlatMapMany$FlatMapManyMain.onError(MonoFlatMapMany.java:204) [reactor-core-3.4.33.jar:3.4.33]
		at reactor.core.publisher.SerializedSubscriber.onError(SerializedSubscriber.java:124) [reactor-core-3.4.33.jar:3.4.33]
		at reactor.core.publisher.FluxRetryWhen$RetryWhenMainSubscriber.whenError(FluxRetryWhen.java:225) [reactor-core-3.4.33.jar:3.4.33]
		at reactor.core.publisher.FluxRetryWhen$RetryWhenOtherSubscriber.onError(FluxRetryWhen.java:274) [reactor-core-3.4.33.jar:3.4.33]
		at reactor.core.publisher.FluxContextWrite$ContextWriteSubscriber.onError(FluxContextWrite.java:121) [reactor-core-3.4.33.jar:3.4.33]
		at reactor.core.publisher.FluxConcatMap$ConcatMapImmediate.drain(FluxConcatMap.java:415) [reactor-core-3.4.33.jar:3.4.33]
		at reactor.core.publisher.FluxConcatMap$ConcatMapImmediate.onNext(FluxConcatMap.java:251) [reactor-core-3.4.33.jar:3.4.33]
		at reactor.core.publisher.FluxContextWrite$ContextWriteSubscriber.onNext(FluxContextWrite.java:107) [reactor-core-3.4.33.jar:3.4.33]
		at reactor.core.publisher.EmitterProcessor.drain(EmitterProcessor.java:537) [reactor-core-3.4.33.jar:3.4.33]
		at reactor.core.publisher.EmitterProcessor.tryEmitNext(EmitterProcessor.java:343) [reactor-core-3.4.33.jar:3.4.33]
		at reactor.core.publisher.SinkManySerialized.tryEmitNext(SinkManySerialized.java:100) [reactor-core-3.4.33.jar:3.4.33]
		at reactor.core.publisher.InternalManySink.emitNext(InternalManySink.java:27) [reactor-core-3.4.33.jar:3.4.33]
		at reactor.core.publisher.FluxRetryWhen$RetryWhenMainSubscriber.onError(FluxRetryWhen.java:190) [reactor-core-3.4.33.jar:3.4.33]
		at reactor.core.publisher.MonoCreate$DefaultMonoSink.error(MonoCreate.java:201) [reactor-core-3.4.33.jar:3.4.33]
		at reactor.netty.http.client.HttpClientConnect$HttpObserver.onUncaughtException(HttpClientConnect.java:403) [reactor-netty-http-1.0.38.jar:1.0.38]
		at reactor.netty.ReactorNetty$CompositeConnectionObserver.onUncaughtException(ReactorNetty.java:700) [reactor-netty-core-1.0.38.jar:1.0.38]
		at reactor.netty.resources.DefaultPooledConnectionProvider$DisposableAcquire.onUncaughtException(DefaultPooledConnectionProvider.java:211) [reactor-netty-core-1.0.38.jar:1.0.38]
		at reactor.netty.resources.DefaultPooledConnectionProvider$PooledConnection.onUncaughtException(DefaultPooledConnectionProvider.java:464) [reactor-netty-core-1.0.38.jar:1.0.38]
		at reactor.netty.http.client.HttpClientOperations.onInboundClose(HttpClientOperations.java:302) [reactor-netty-http-1.0.38.jar:1.0.38]
		at reactor.netty.channel.ChannelOperationsHandler.channelInactive(ChannelOperationsHandler.java:73) [reactor-netty-core-1.0.38.jar:1.0.38]
		at io.netty.channel.AbstractChannelHandlerContext.invokeChannelInactive(AbstractChannelHandlerContext.java:305) [netty-transport-4.1.100.Final.jar:4.1.100.Final]
		at io.netty.channel.AbstractChannelHandlerContext.invokeChannelInactive(AbstractChannelHandlerContext.java:281) [netty-transport-4.1.100.Final.jar:4.1.100.Final]
		at io.netty.channel.AbstractChannelHandlerContext.fireChannelInactive(AbstractChannelHandlerContext.java:274) [netty-transport-4.1.100.Final.jar:4.1.100.Final]
		at io.netty.channel.ChannelInboundHandlerAdapter.channelInactive(ChannelInboundHandlerAdapter.java:81) [netty-transport-4.1.100.Final.jar:4.1.100.Final]
		at io.netty.handler.codec.http.HttpContentDecoder.channelInactive(HttpContentDecoder.java:235) [netty-codec-http-4.1.100.Final.jar:4.1.100.Final]
		at io.netty.channel.AbstractChannelHandlerContext.invokeChannelInactive(AbstractChannelHandlerContext.java:305) [netty-transport-4.1.100.Final.jar:4.1.100.Final]
		at io.netty.channel.AbstractChannelHandlerContext.invokeChannelInactive(AbstractChannelHandlerContext.java:281) [netty-transport-4.1.100.Final.jar:4.1.100.Final]
		at io.netty.channel.AbstractChannelHandlerContext.fireChannelInactive(AbstractChannelHandlerContext.java:274) [netty-transport-4.1.100.Final.jar:4.1.100.Final]
		at io.netty.channel.CombinedChannelDuplexHandler$DelegatingChannelHandlerContext.fireChannelInactive(CombinedChannelDuplexHandler.java:418) [netty-transport-4.1.100.Final.jar:4.1.100.Final]
		at io.netty.handler.codec.ByteToMessageDecoder.channelInputClosed(ByteToMessageDecoder.java:411) [netty-codec-4.1.100.Final.jar:4.1.100.Final]
		at io.netty.handler.codec.ByteToMessageDecoder.channelInactive(ByteToMessageDecoder.java:376) [netty-codec-4.1.100.Final.jar:4.1.100.Final]
		at io.netty.handler.codec.http.HttpClientCodec$Decoder.channelInactive(HttpClientCodec.java:328) [netty-codec-http-4.1.100.Final.jar:4.1.100.Final]
		at io.netty.channel.CombinedChannelDuplexHandler.channelInactive(CombinedChannelDuplexHandler.java:221) [netty-transport-4.1.100.Final.jar:4.1.100.Final]
		at io.netty.channel.AbstractChannelHandlerContext.invokeChannelInactive(AbstractChannelHandlerContext.java:303) [netty-transport-4.1.100.Final.jar:4.1.100.Final]
		at io.netty.channel.AbstractChannelHandlerContext.invokeChannelInactive(AbstractChannelHandlerContext.java:281) [netty-transport-4.1.100.Final.jar:4.1.100.Final]
		at io.netty.channel.AbstractChannelHandlerContext.fireChannelInactive(AbstractChannelHandlerContext.java:274) [netty-transport-4.1.100.Final.jar:4.1.100.Final]
		at io.netty.channel.DefaultChannelPipeline$HeadContext.channelInactive(DefaultChannelPipeline.java:1405) [netty-transport-4.1.100.Final.jar:4.1.100.Final]
		at io.netty.channel.AbstractChannelHandlerContext.invokeChannelInactive(AbstractChannelHandlerContext.java:301) [netty-transport-4.1.100.Final.jar:4.1.100.Final]
		at io.netty.channel.AbstractChannelHandlerContext.invokeChannelInactive(AbstractChannelHandlerContext.java:281) [netty-transport-4.1.100.Final.jar:4.1.100.Final]
		at io.netty.channel.DefaultChannelPipeline.fireChannelInactive(DefaultChannelPipeline.java:901) [netty-transport-4.1.100.Final.jar:4.1.100.Final]
		at io.netty.channel.AbstractChannel$AbstractUnsafe$7.run(AbstractChannel.java:813) [netty-transport-4.1.100.Final.jar:4.1.100.Final]
		at io.netty.util.concurrent.AbstractEventExecutor.runTask$$$capture(AbstractEventExecutor.java:173) [netty-common-4.1.100.Final.jar:4.1.100.Final]
		at io.netty.util.concurrent.AbstractEventExecutor.runTask(AbstractEventExecutor.java) [netty-common-4.1.100.Final.jar:4.1.100.Final]
		at io.netty.util.concurrent.AbstractEventExecutor.safeExecute$$$capture(AbstractEventExecutor.java:166) [netty-common-4.1.100.Final.jar:4.1.100.Final]
		at io.netty.util.concurrent.AbstractEventExecutor.safeExecute(AbstractEventExecutor.java) [netty-common-4.1.100.Final.jar:4.1.100.Final]
		at io.netty.util.concurrent.SingleThreadEventExecutor.runAllTasks(SingleThreadEventExecutor.java:470) [netty-common-4.1.100.Final.jar:4.1.100.Final]
		at io.netty.channel.nio.NioEventLoop.run(NioEventLoop.java:569) [netty-transport-4.1.100.Final.jar:4.1.100.Final]
		at io.netty.util.concurrent.SingleThreadEventExecutor$4.run(SingleThreadEventExecutor.java:997) [netty-common-4.1.100.Final.jar:4.1.100.Final]
		at io.netty.util.internal.ThreadExecutorMap$2.run(ThreadExecutorMap.java:74) [netty-common-4.1.100.Final.jar:4.1.100.Final]
		at io.netty.util.concurrent.FastThreadLocalRunnable.run(FastThreadLocalRunnable.java:30) [netty-common-4.1.100.Final.jar:4.1.100.Final]
		at java.lang.Thread.run(Thread.java:834) [?:?]
Caused by: reactor.netty.http.client.PrematureCloseException: Connection prematurely closed BEFORE response
[DEBUG] 2024-11-26 13:16:47.201 [http-nio-9988-exec-4] [AccountHistoryDao.extractSubscriberActivitiesFromSQLArray] {requestId=7494c597-77ce-4bb2-8fe9-688b3b7189d7, sessionId=35a0038c-6205-4bac-89d2-fdaaea443f50} - [R=146] TableType = H_ADJUSTMENTS --- Row values = [H_ADJUSTMENTS
, 1099900306, 1, 2012-11-9 4:18:22 PM, 10000000, 10000000, EXT, null, null, null, null, null, null, null, 0, null, null, null, null, +0200, null, 7, 4, EXT, IPHON15LEC, null, null, null, 1, 6, 100.000000, 2012-12-19, 100.000000, -, 1, 100100]
[DEBUG] 2024-11-26 13:16:47.203 [http-nio-9988-exec-4] [AccountHistoryDao.extractSubscriberActivitiesFromSQLArray] {requestId=7494c597-77ce-4bb2-8fe9-688b3b7189d7, sessionId=35a0038c-6205-4bac-89d2-fdaaea443f50} - [R=147] TableType = H_BALANCE_TRANSFERS --- Row values = [H_BALANCE_TRANSFERS
, 2, 1099900306, 1010101223, 1, 2012-11-9 4:18:22 PM, 5, 2, 1, 1, 2, 2, 5, 3, 2, 2, 8, null, null, null, null, null, null, null, null, null, null, null, null, null, null, null, null, null, null, null]
[DEBUG] 2024-11-26 13:16:47.211 [http-nio-9988-exec-4] [AccountHistoryDao.extractSubscriberActivitiesFromSQLArray] {requestId=7494c597-77ce-4bb2-8fe9-688b3b7189d7, sessionId=35a0038c-6205-4bac-89d2-fdaaea443f50} - [R=148] TableType = H_BALANCE_TRANSFERS --- Row values = [H_BALANCE_TRANSFERS
, 2, 1099900306, 1010101223, 1, 2012-11-9 4:18:22 PM, 5, 2, 1, 1, 2, 2, 5, 3, 2, 2, 8, null, null, null, null, null, null, null, null, null, null, null, null, null, null, null, null, null, null, null]
[DEBUG] 2024-11-26 13:16:47.215 [http-nio-9988-exec-4] [AccountHistoryDao.extractSubscriberActivitiesFromSQLArray] {requestId=7494c597-77ce-4bb2-8fe9-688b3b7189d7, sessionId=35a0038c-6205-4bac-89d2-fdaaea443f50} - [R=149] TableType = H_BALANCE_TRANSFERS --- Row values = [H_BALANCE_TRANSFERS
, 2, 1099900306, 1010101223, 1, 2012-11-9 4:18:22 PM, 5, 2, 1, 1, 2, 2, 5, 3, 2, 2, 8, null, null, null, null, null, null, null, null, null, null, null, null, null, null, null, null, null, null, null]
[DEBUG] 2024-11-26 13:16:47.217 [http-nio-9988-exec-4] [AccountHistoryDao.extractSubscriberActivitiesFromSQLArray] {requestId=7494c597-77ce-4bb2-8fe9-688b3b7189d7, sessionId=35a0038c-6205-4bac-89d2-fdaaea443f50} - [R=150] TableType = H_BALANCE_TRANSFERS --- Row values = [H_BALANCE_TRANSFERS
, 2, 1099900306, 1010101223, 1, 2012-11-9 4:18:22 PM, 5, 2, 1, 1, 2, 2, 5, 3, 2, 2, 8, null, null, null, null, null, null, null, null, null, null, null, null, null, null, null, null, null, null, null]
[DEBUG] 2024-11-26 13:16:47.218 [http-nio-9988-exec-4] [AccountHistoryDao.extractSubscriberActivitiesFromSQLArray] {requestId=7494c597-77ce-4bb2-8fe9-688b3b7189d7, sessionId=35a0038c-6205-4bac-89d2-fdaaea443f50} - [R=151] TableType = H_BALANCE_TRANSFERS --- Row values = [H_BALANCE_TRANSFERS
, 2, 1099900306, 1010101223, 1, 2012-11-9 4:18:22 PM, 5, 2, 1, 1, 2, 2, 5, 3, 2, 2, 8, null, null, null, null, null, null, null, null, null, null, null, null, null, null, null, null, null, null, null]
[DEBUG] 2024-11-26 13:16:47.219 [http-nio-9988-exec-4] [AccountHistoryDao.extractSubscriberActivitiesFromSQLArray] {requestId=7494c597-77ce-4bb2-8fe9-688b3b7189d7, sessionId=35a0038c-6205-4bac-89d2-fdaaea443f50} - [R=152] TableType = H_BALANCE_TRANSFERS --- Row values = [H_BALANCE_TRANSFERS
, 2, 1099900306, 1010101223, 1, 2012-11-9 4:18:22 PM, 5, 2, 1, 1, 2, 2, 5, 3, 2, 2, 8, null, null, null, null, null, null, null, null, null, null, null, null, null, null, null, null, null, null, null]
[DEBUG] 2024-11-26 13:16:47.221 [http-nio-9988-exec-4] [AccountHistoryDao.extractSubscriberActivitiesFromSQLArray] {requestId=7494c597-77ce-4bb2-8fe9-688b3b7189d7, sessionId=35a0038c-6205-4bac-89d2-fdaaea443f50} - [R=153] TableType = H_BALANCE_TRANSFERS --- Row values = [H_BALANCE_TRANSFERS
, 2, 1099900306, 1010101223, 1, 2012-11-9 4:18:22 PM, 5, 2, 1, 1, 2, 2, 5, 3, 2, 2, 8, null, null, null, null, null, null, null, null, null, null, null, null, null, null, null, null, null, null, null]
[DEBUG] 2024-11-26 13:16:47.222 [http-nio-9988-exec-4] [AccountHistoryDao.extractSubscriberActivitiesFromSQLArray] {requestId=7494c597-77ce-4bb2-8fe9-688b3b7189d7, sessionId=35a0038c-6205-4bac-89d2-fdaaea443f50} - [R=154] TableType = H_BALANCE_TRANSFERS --- Row values = [H_BALANCE_TRANSFERS
, 2, 1099900306, 1010101223, 1, 2012-11-9 4:18:22 PM, 5, 2, 1, 1, 2, 2, 5, 3, 2, 2, 8, null, null, null, null, null, null, null, null, null, null, null, null, null, null, null, null, null, null, null]
[DEBUG] 2024-11-26 13:16:47.225 [http-nio-9988-exec-4] [AccountHistoryDao.extractSubscriberActivitiesFromSQLArray] {requestId=7494c597-77ce-4bb2-8fe9-688b3b7189d7, sessionId=35a0038c-6205-4bac-89d2-fdaaea443f50} - [R=155] TableType = H_BALANCE_TRANSFERS --- Row values = [H_BALANCE_TRANSFERS
, 2, 1099900306, 1010101223, 1, 2012-11-9 4:18:22 PM, 5, 2, 1, 1, 2, 2, 5, 3, 2, 2, 8, null, null, null, null, null, null, null, null, null, null, null, null, null, null, null, null, null, null, null]
[DEBUG] 2024-11-26 13:16:47.234 [http-nio-9988-exec-4] [AccountHistoryDao.extractSubscriberActivitiesFromSQLArray] {requestId=7494c597-77ce-4bb2-8fe9-688b3b7189d7, sessionId=35a0038c-6205-4bac-89d2-fdaaea443f50} - [R=156] TableType = H_BALANCE_TRANSFERS --- Row values = [H_BALANCE_TRANSFERS
, 2, 1099900306, 1010101223, 1, 2012-11-9 4:18:22 PM, 5, 2, 1, 1, 2, 2, 5, 3, 2, 2, 8, null, null, null, null, null, null, null, null, null, null, null, null, null, null, null, null, null, null, null]
[DEBUG] 2024-11-26 13:16:47.235 [http-nio-9988-exec-4] [AccountHistoryDao.extractSubscriberActivitiesFromSQLArray] {requestId=7494c597-77ce-4bb2-8fe9-688b3b7189d7, sessionId=35a0038c-6205-4bac-89d2-fdaaea443f50} - [R=157] TableType = H_BALANCE_TRANSFERS --- Row values = [H_BALANCE_TRANSFERS
, 2, 1099900306, 1010101223, 1, 2012-11-9 4:18:22 PM, 5, 2, 1, 1, 2, 2, 5, 3, 2, 2, 8, null, null, null, null, null, null, null, null, null, null, null, null, null, null, null, null, null, null, null]
[DEBUG] 2024-11-26 13:16:47.236 [http-nio-9988-exec-4] [AccountHistoryDao.extractSubscriberActivitiesFromSQLArray] {requestId=7494c597-77ce-4bb2-8fe9-688b3b7189d7, sessionId=35a0038c-6205-4bac-89d2-fdaaea443f50} - [R=158] TableType = H_BALANCE_TRANSFERS --- Row values = [H_BALANCE_TRANSFERS
, 2, 1099900306, 1010101223, 1, 2012-11-9 4:18:22 PM, 5, 2, 1, 1, 2, 2, 5, 3, 2, 2, 8, null, null, null, null, null, null, null, null, null, null, null, null, null, null, null, null, null, null, null]
[DEBUG] 2024-11-26 13:16:47.237 [http-nio-9988-exec-4] [AccountHistoryDao.extractSubscriberActivitiesFromSQLArray] {requestId=7494c597-77ce-4bb2-8fe9-688b3b7189d7, sessionId=35a0038c-6205-4bac-89d2-fdaaea443f50} - [R=159] TableType = H_BALANCE_TRANSFERS --- Row values = [H_BALANCE_TRANSFERS
, 2, 1099900306, 1010101223, 1, 2012-11-9 4:18:22 PM, 5, 2, 1, 1, 2, 2, 5, 3, 2, 2, 8, null, null, null, null, null, null, null, null, null, null, null, null, null, null, null, null, null, null, null]
[DEBUG] 2024-11-26 13:16:47.238 [http-nio-9988-exec-4] [AccountHistoryDao.extractSubscriberActivitiesFromSQLArray] {requestId=7494c597-77ce-4bb2-8fe9-688b3b7189d7, sessionId=35a0038c-6205-4bac-89d2-fdaaea443f50} - [R=160] TableType = H_BALANCE_TRANSFERS --- Row values = [H_BALANCE_TRANSFERS
, 2, 1099900306, 1010101223, 1, 2012-11-9 4:18:22 PM, 5, 2, 1, 1, 2, 2, 5, 3, 2, 2, 8, null, null, null, null, null, null, null, null, null, null, null, null, null, null, null, null, null, null, null]
[DEBUG] 2024-11-26 13:16:47.239 [http-nio-9988-exec-4] [AccountHistoryDao.extractSubscriberActivitiesFromSQLArray] {requestId=7494c597-77ce-4bb2-8fe9-688b3b7189d7, sessionId=35a0038c-6205-4bac-89d2-fdaaea443f50} - [R=161] TableType = H_BALANCE_TRANSFERS --- Row values = [H_BALANCE_TRANSFERS
, 2, 1099900306, 1010101223, 1, 2012-11-9 4:18:22 PM, 5, 2, 1, 1, 2, 2, 5, 3, 2, 2, 8, null, null, null, null, null, null, null, null, null, null, null, null, null, null, null, null, null, null, null]
[DEBUG] 2024-11-26 13:16:47.242 [http-nio-9988-exec-4] [AccountHistoryDao.extractSubscriberActivitiesFromSQLArray] {requestId=7494c597-77ce-4bb2-8fe9-688b3b7189d7, sessionId=35a0038c-6205-4bac-89d2-fdaaea443f50} - [R=162] TableType = H_BONUS --- Row values = [H_BONUS
, 1099900306, 1, 2012-11-9 4:18:22 PM, CCAT, +200, ,1,2,, 1,2,, ,5,6,, ,,,, 1, null, null, null, null, null, null, null, null, null, null, null, null, null, null, null, null, null, null, null, null, null, null, null, null, null]
[DEBUG] 2024-11-26 13:16:47.244 [http-nio-9988-exec-4] [AccountHistoryDao.extractSubscriberActivitiesFromSQLArray] {requestId=7494c597-77ce-4bb2-8fe9-688b3b7189d7, sessionId=35a0038c-6205-4bac-89d2-fdaaea443f50} - [R=163] TableType = H_BONUS --- Row values = [H_BONUS
, 1099900306, 1, 2012-11-9 4:18:22 PM, CCAT, +200, ,1,2,, 1,2,, ,5,6,, ,,,, 1, null, null, null, null, null, null, null, null, null, null, null, null, null, null, null, null, null, null, null, null, null, null, null, null, null]
[DEBUG] 2024-11-26 13:16:47.244 [http-nio-9988-exec-4] [AccountHistoryDao.extractSubscriberActivitiesFromSQLArray] {requestId=7494c597-77ce-4bb2-8fe9-688b3b7189d7, sessionId=35a0038c-6205-4bac-89d2-fdaaea443f50} - [R=164] TableType = H_BONUS --- Row values = [H_BONUS
, 1099900306, 1, 2012-11-9 4:18:22 PM, CCAT, +200, ,1,2,, 1,2,, ,5,6,, ,,,, 1, null, null, null, null, null, null, null, null, null, null, null, null, null, null, null, null, null, null, null, null, null, null, null, null, null]
[DEBUG] 2024-11-26 13:16:47.245 [http-nio-9988-exec-4] [AccountHistoryDao.extractSubscriberActivitiesFromSQLArray] {requestId=7494c597-77ce-4bb2-8fe9-688b3b7189d7, sessionId=35a0038c-6205-4bac-89d2-fdaaea443f50} - [R=165] TableType = H_BONUS --- Row values = [H_BONUS
, 1099900306, 1, 2012-11-9 4:18:22 PM, CCAT, +200, ,1,2,, 1,2,, ,5,6,, ,,,, 1, null, null, null, null, null, null, null, null, null, null, null, null, null, null, null, null, null, null, null, null, null, null, null, null, null]
[DEBUG] 2024-11-26 13:16:47.249 [http-nio-9988-exec-4] [AccountHistoryDao.extractSubscriberActivitiesFromSQLArray] {requestId=7494c597-77ce-4bb2-8fe9-688b3b7189d7, sessionId=35a0038c-6205-4bac-89d2-fdaaea443f50} - [R=166] TableType = H_BONUS --- Row values = [H_BONUS
, 1099900306, 1, 2012-11-9 4:18:22 PM, CCAT, +200, ,1,2,, 1,2,, ,5,6,, ,,,, 1, null, null, null, null, null, null, null, null, null, null, null, null, null, null, null, null, null, null, null, null, null, null, null, null, null]
[DEBUG] 2024-11-26 13:16:47.250 [http-nio-9988-exec-4] [AccountHistoryDao.extractSubscriberActivitiesFromSQLArray] {requestId=7494c597-77ce-4bb2-8fe9-688b3b7189d7, sessionId=35a0038c-6205-4bac-89d2-fdaaea443f50} - [R=167] TableType = H_BONUS --- Row values = [H_BONUS
, 1099900306, 1, 2012-11-9 4:18:22 PM, CCAT, +200, ,1,2,, 1,2,, ,5,6,, ,,,, 1, null, null, null, null, null, null, null, null, null, null, null, null, null, null, null, null, null, null, null, null, null, null, null, null, null]
[DEBUG] 2024-11-26 13:16:47.251 [http-nio-9988-exec-4] [AccountHistoryDao.extractSubscriberActivitiesFromSQLArray] {requestId=7494c597-77ce-4bb2-8fe9-688b3b7189d7, sessionId=35a0038c-6205-4bac-89d2-fdaaea443f50} - [R=168] TableType = H_BONUS --- Row values = [H_BONUS
, 1099900306, 1, 2012-11-9 4:18:22 PM, CCAT, +200, ,1,2,, 1,2,, ,5,6,, ,,,, 1, null, null, null, null, null, null, null, null, null, null, null, null, null, null, null, null, null, null, null, null, null, null, null, null, null]
[DEBUG] 2024-11-26 13:16:47.254 [http-nio-9988-exec-4] [AccountHistoryDao.extractSubscriberActivitiesFromSQLArray] {requestId=7494c597-77ce-4bb2-8fe9-688b3b7189d7, sessionId=35a0038c-6205-4bac-89d2-fdaaea443f50} - [R=169] TableType = H_BONUS --- Row values = [H_BONUS
, 1099900306, 1, 2012-11-9 4:18:22 PM, CCAT, +200, ,1,2,, 1,2,, ,5,6,, ,,,, 1, null, null, null, null, null, null, null, null, null, null, null, null, null, null, null, null, null, null, null, null, null, null, null, null, null]
[DEBUG] 2024-11-26 13:16:47.255 [http-nio-9988-exec-4] [AccountHistoryDao.extractSubscriberActivitiesFromSQLArray] {requestId=7494c597-77ce-4bb2-8fe9-688b3b7189d7, sessionId=35a0038c-6205-4bac-89d2-fdaaea443f50} - [R=170] TableType = H_BONUS --- Row values = [H_BONUS
, 1099900306, 1, 2012-11-9 4:18:22 PM, CCAT, +200, ,1,2,, 1,2,, ,5,6,, ,,,, 1, null, null, null, null, null, null, null, null, null, null, null, null, null, null, null, null, null, null, null, null, null, null, null, null, null]
[DEBUG] 2024-11-26 13:16:47.256 [http-nio-9988-exec-4] [AccountHistoryDao.extractSubscriberActivitiesFromSQLArray] {requestId=7494c597-77ce-4bb2-8fe9-688b3b7189d7, sessionId=35a0038c-6205-4bac-89d2-fdaaea443f50} - [R=171] TableType = H_BONUS --- Row values = [H_BONUS
, 1099900306, 1, 2012-11-9 4:18:22 PM, CCAT, +200, ,1,2,, 1,2,, ,5,6,, ,,,, 1, null, null, null, null, null, null, null, null, null, null, null, null, null, null, null, null, null, null, null, null, null, null, null, null, null]
[DEBUG] 2024-11-26 13:16:47.257 [http-nio-9988-exec-4] [AccountHistoryDao.extractSubscriberActivitiesFromSQLArray] {requestId=7494c597-77ce-4bb2-8fe9-688b3b7189d7, sessionId=35a0038c-6205-4bac-89d2-fdaaea443f50} - [R=172] TableType = H_BONUS --- Row values = [H_BONUS
, 1099900306, 1, 2012-11-9 4:18:22 PM, CCAT, +200, ,1,2,, 1,2,, ,5,6,, ,,,, 1, null, null, null, null, null, null, null, null, null, null, null, null, null, null, null, null, null, null, null, null, null, null, null, null, null]
[DEBUG] 2024-11-26 13:16:47.259 [http-nio-9988-exec-4] [AccountHistoryDao.extractSubscriberActivitiesFromSQLArray] {requestId=7494c597-77ce-4bb2-8fe9-688b3b7189d7, sessionId=35a0038c-6205-4bac-89d2-fdaaea443f50} - [R=173] TableType = H_BONUS --- Row values = [H_BONUS
, 1099900306, 1, 2012-11-9 4:18:22 PM, CCAT, +200, ,1,2,, 1,2,, ,5,6,, ,,,, 1, null, null, null, null, null, null, null, null, null, null, null, null, null, null, null, null, null, null, null, null, null, null, null, null, null]
[DEBUG] 2024-11-26 13:16:47.261 [http-nio-9988-exec-4] [AccountHistoryDao.extractSubscriberActivitiesFromSQLArray] {requestId=7494c597-77ce-4bb2-8fe9-688b3b7189d7, sessionId=35a0038c-6205-4bac-89d2-fdaaea443f50} - [R=174] TableType = H_BONUS --- Row values = [H_BONUS
, 1099900306, 1, 2012-11-9 4:18:22 PM, CCAT, +200, ,1,2,, 1,2,, ,5,6,, ,,,, 1, null, null, null, null, null, null, null, null, null, null, null, null, null, null, null, null, null, null, null, null, null, null, null, null, null]
[DEBUG] 2024-11-26 13:16:47.261 [http-nio-9988-exec-4] [AccountHistoryDao.extractSubscriberActivitiesFromSQLArray] {requestId=7494c597-77ce-4bb2-8fe9-688b3b7189d7, sessionId=35a0038c-6205-4bac-89d2-fdaaea443f50} - [R=175] TableType = H_BONUS --- Row values = [H_BONUS
, 1099900306, 1, 2012-11-9 4:18:22 PM, CCAT, +200, ,1,2,, 1,2,, ,5,6,, ,,,, 1, null, null, null, null, null, null, null, null, null, null, null, null, null, null, null, null, null, null, null, null, null, null, null, null, null]
[DEBUG] 2024-11-26 13:16:47.262 [http-nio-9988-exec-4] [AccountHistoryDao.extractSubscriberActivitiesFromSQLArray] {requestId=7494c597-77ce-4bb2-8fe9-688b3b7189d7, sessionId=35a0038c-6205-4bac-89d2-fdaaea443f50} - [R=176] TableType = H_BONUS --- Row values = [H_BONUS
, 1099900306, 1, 2012-11-9 4:18:22 PM, CCAT, +200, ,1,2,, 1,2,, ,5,6,, ,,,, 1, null, null, null, null, null, null, null, null, null, null, null, null, null, null, null, null, null, null, null, null, null, null, null, null, null]
[DEBUG] 2024-11-26 13:16:47.263 [http-nio-9988-exec-4] [AccountHistoryDao.extractSubscriberActivitiesFromSQLArray] {requestId=7494c597-77ce-4bb2-8fe9-688b3b7189d7, sessionId=35a0038c-6205-4bac-89d2-fdaaea443f50} - [R=177] TableType = H_DISCONNECTIONS --- Row values = [H_DISCONNECTIONS
, 1099900306, 2012-11-9 4:18:22 PM, 10000000, 10000000, 1, 2, EXT, +200, 100, null, null, null, null, null, null, null, null, null, null, null, null, null, null, null, null, null, null, null, null, null, null, null, null, null, null]
[DEBUG] 2024-11-26 13:16:47.266 [http-nio-9988-exec-4] [AccountHistoryDao.extractSubscriberActivitiesFromSQLArray] {requestId=7494c597-77ce-4bb2-8fe9-688b3b7189d7, sessionId=35a0038c-6205-4bac-89d2-fdaaea443f50} - [R=178] TableType = H_DISCONNECTIONS --- Row values = [H_DISCONNECTIONS
, 1099900306, 2012-11-9 4:18:22 PM, 10000000, 10000000, 1, 2, EXT, +200, 100, null, null, null, null, null, null, null, null, null, null, null, null, null, null, null, null, null, null, null, null, null, null, null, null, null, null]
[DEBUG] 2024-11-26 13:16:47.267 [http-nio-9988-exec-4] [AccountHistoryDao.extractSubscriberActivitiesFromSQLArray] {requestId=7494c597-77ce-4bb2-8fe9-688b3b7189d7, sessionId=35a0038c-6205-4bac-89d2-fdaaea443f50} - [R=179] TableType = H_DISCONNECTIONS --- Row values = [H_DISCONNECTIONS
, 1099900306, 2012-11-9 4:18:22 PM, 10000000, 10000000, 1, 2, EXT, +200, 100, null, null, null, null, null, null, null, null, null, null, null, null, null, null, null, null, null, null, null, null, null, null, null, null, null, null]
[DEBUG] 2024-11-26 13:16:47.268 [http-nio-9988-exec-4] [AccountHistoryDao.extractSubscriberActivitiesFromSQLArray] {requestId=7494c597-77ce-4bb2-8fe9-688b3b7189d7, sessionId=35a0038c-6205-4bac-89d2-fdaaea443f50} - [R=180] TableType = H_DISCONNECTIONS --- Row values = [H_DISCONNECTIONS
, 1099900306, 2012-11-9 4:18:22 PM, 10000000, 10000000, 1, 2, EXT, +200, 100, null, null, null, null, null, null, null, null, null, null, null, null, null, null, null, null, null, null, null, null, null, null, null, null, null, null]
[DEBUG] 2024-11-26 13:16:47.269 [http-nio-9988-exec-4] [AccountHistoryDao.extractSubscriberActivitiesFromSQLArray] {requestId=7494c597-77ce-4bb2-8fe9-688b3b7189d7, sessionId=35a0038c-6205-4bac-89d2-fdaaea443f50} - [R=181] TableType = H_DISCONNECTIONS --- Row values = [H_DISCONNECTIONS
, 1099900306, 2012-11-9 4:18:22 PM, 10000000, 10000000, 1, 2, EXT, +200, 100, null, null, null, null, null, null, null, null, null, null, null, null, null, null, null, null, null, null, null, null, null, null, null, null, null, null]
[DEBUG] 2024-11-26 13:16:47.271 [http-nio-9988-exec-4] [AccountHistoryDao.extractSubscriberActivitiesFromSQLArray] {requestId=7494c597-77ce-4bb2-8fe9-688b3b7189d7, sessionId=35a0038c-6205-4bac-89d2-fdaaea443f50} - [R=182] TableType = H_DISCONNECTIONS --- Row values = [H_DISCONNECTIONS
, 1099900306, 2012-11-9 4:18:22 PM, 10000000, 10000000, 1, 2, EXT, +200, 100, null, null, null, null, null, null, null, null, null, null, null, null, null, null, null, null, null, null, null, null, null, null, null, null, null, null]
[DEBUG] 2024-11-26 13:16:47.272 [http-nio-9988-exec-4] [AccountHistoryDao.extractSubscriberActivitiesFromSQLArray] {requestId=7494c597-77ce-4bb2-8fe9-688b3b7189d7, sessionId=35a0038c-6205-4bac-89d2-fdaaea443f50} - [R=183] TableType = H_DISCONNECTIONS --- Row values = [H_DISCONNECTIONS
, 1099900306, 2012-11-9 4:18:22 PM, 10000000, 10000000, 1, 2, EXT, +200, 100, null, null, null, null, null, null, null, null, null, null, null, null, null, null, null, null, null, null, null, null, null, null, null, null, null, null]
[DEBUG] 2024-11-26 13:16:47.273 [http-nio-9988-exec-4] [AccountHistoryDao.extractSubscriberActivitiesFromSQLArray] {requestId=7494c597-77ce-4bb2-8fe9-688b3b7189d7, sessionId=35a0038c-6205-4bac-89d2-fdaaea443f50} - [R=184] TableType = H_DISCONNECTIONS --- Row values = [H_DISCONNECTIONS
, 1099900306, 2012-11-9 4:18:22 PM, 10000000, 10000000, 1, 2, EXT, +200, 100, null, null, null, null, null, null, null, null, null, null, null, null, null, null, null, null, null, null, null, null, null, null, null, null, null, null]
[DEBUG] 2024-11-26 13:16:47.273 [http-nio-9988-exec-4] [AccountHistoryDao.extractSubscriberActivitiesFromSQLArray] {requestId=7494c597-77ce-4bb2-8fe9-688b3b7189d7, sessionId=35a0038c-6205-4bac-89d2-fdaaea443f50} - [R=185] TableType = H_DISCONNECTIONS --- Row values = [H_DISCONNECTIONS
, 1099900306, 2012-11-9 4:18:22 PM, 10000000, 10000000, 1, 2, EXT, +200, 100, null, null, null, null, null, null, null, null, null, null, null, null, null, null, null, null, null, null, null, null, null, null, null, null, null, null]
[DEBUG] 2024-11-26 13:16:47.276 [http-nio-9988-exec-4] [AccountHistoryDao.extractSubscriberActivitiesFromSQLArray] {requestId=7494c597-77ce-4bb2-8fe9-688b3b7189d7, sessionId=35a0038c-6205-4bac-89d2-fdaaea443f50} - [R=186] TableType = H_DISCONNECTIONS --- Row values = [H_DISCONNECTIONS
, 1099900306, 2012-11-9 4:18:22 PM, 10000000, 10000000, 1, 2, EXT, +200, 100, null, null, null, null, null, null, null, null, null, null, null, null, null, null, null, null, null, null, null, null, null, null, null, null, null, null]
[DEBUG] 2024-11-26 13:16:47.277 [http-nio-9988-exec-4] [AccountHistoryDao.extractSubscriberActivitiesFromSQLArray] {requestId=7494c597-77ce-4bb2-8fe9-688b3b7189d7, sessionId=35a0038c-6205-4bac-89d2-fdaaea443f50} - [R=187] TableType = H_DISCONNECTIONS --- Row values = [H_DISCONNECTIONS
, 1099900306, 2012-11-9 4:18:22 PM, 10000000, 10000000, 1, 2, EXT, +200, 100, null, null, null, null, null, null, null, null, null, null, null, null, null, null, null, null, null, null, null, null, null, null, null, null, null, null]
[DEBUG] 2024-11-26 13:16:47.278 [http-nio-9988-exec-4] [AccountHistoryDao.extractSubscriberActivitiesFromSQLArray] {requestId=7494c597-77ce-4bb2-8fe9-688b3b7189d7, sessionId=35a0038c-6205-4bac-89d2-fdaaea443f50} - [R=188] TableType = H_DISCONNECTIONS --- Row values = [H_DISCONNECTIONS
, 1099900306, 2012-11-9 4:18:22 PM, 10000000, 10000000, 1, 2, EXT, +200, 100, null, null, null, null, null, null, null, null, null, null, null, null, null, null, null, null, null, null, null, null, null, null, null, null, null, null]
[DEBUG] 2024-11-26 13:16:47.280 [http-nio-9988-exec-4] [AccountHistoryDao.extractSubscriberActivitiesFromSQLArray] {requestId=7494c597-77ce-4bb2-8fe9-688b3b7189d7, sessionId=35a0038c-6205-4bac-89d2-fdaaea443f50} - [R=189] TableType = H_DISCONNECTIONS --- Row values = [H_DISCONNECTIONS
, 1099900306, 2012-11-9 4:18:22 PM, 10000000, 10000000, 1, 2, EXT, +200, 100, null, null, null, null, null, null, null, null, null, null, null, null, null, null, null, null, null, null, null, null, null, null, null, null, null, null]
[DEBUG] 2024-11-26 13:16:47.282 [http-nio-9988-exec-4] [AccountHistoryDao.extractSubscriberActivitiesFromSQLArray] {requestId=7494c597-77ce-4bb2-8fe9-688b3b7189d7, sessionId=35a0038c-6205-4bac-89d2-fdaaea443f50} - [R=190] TableType = H_DISCONNECTIONS --- Row values = [H_DISCONNECTIONS
, 1099900306, 2012-11-9 4:18:22 PM, 10000000, 10000000, 1, 2, EXT, +200, 100, null, null, null, null, null, null, null, null, null, null, null, null, null, null, null, null, null, null, null, null, null, null, null, null, null, null]
[DEBUG] 2024-11-26 13:16:47.284 [http-nio-9988-exec-4] [AccountHistoryDao.extractSubscriberActivitiesFromSQLArray] {requestId=7494c597-77ce-4bb2-8fe9-688b3b7189d7, sessionId=35a0038c-6205-4bac-89d2-fdaaea443f50} - [R=191] TableType = H_DISCONNECTIONS --- Row values = [H_DISCONNECTIONS
, 1099900306, 2012-11-9 4:18:22 PM, 10000000, 10000000, 1, 2, EXT, +200, 100, null, null, null, null, null, null, null, null, null, null, null, null, null, null, null, null, null, null, null, null, null, null, null, null, null, null]
[DEBUG] 2024-11-26 13:16:47.285 [http-nio-9988-exec-4] [AccountHistoryDao.extractSubscriberActivitiesFromSQLArray] {requestId=7494c597-77ce-4bb2-8fe9-688b3b7189d7, sessionId=35a0038c-6205-4bac-89d2-fdaaea443f50} - [R=192] TableType = H_DISCONNECTIONS --- Row values = [H_DISCONNECTIONS
, 1099900306, 2012-11-9 4:18:22 PM, 10000000, 10000000, 1, 2, EXT, +200, 100, null, null, null, null, null, null, null, null, null, null, null, null, null, null, null, null, null, null, null, null, null, null, null, null, null, null]
[DEBUG] 2024-11-26 13:16:47.285 [http-nio-9988-exec-4] [AccountHistoryDao.extractSubscriberActivitiesFromSQLArray] {requestId=7494c597-77ce-4bb2-8fe9-688b3b7189d7, sessionId=35a0038c-6205-4bac-89d2-fdaaea443f50} - [R=193] TableType = H_DISCONNECTIONS --- Row values = [H_DISCONNECTIONS
, 1099900306, 2012-11-9 4:18:22 PM, 10000000, 10000000, 1, 2, EXT, +200, 100, null, null, null, null, null, null, null, null, null, null, null, null, null, null, null, null, null, null, null, null, null, null, null, null, null, null]
[DEBUG] 2024-11-26 13:16:47.287 [http-nio-9988-exec-4] [AccountHistoryDao.extractSubscriberActivitiesFromSQLArray] {requestId=7494c597-77ce-4bb2-8fe9-688b3b7189d7, sessionId=35a0038c-6205-4bac-89d2-fdaaea443f50} - [R=194] TableType = H_DISCONNECTIONS --- Row values = [H_DISCONNECTIONS
, 1099900306, 2012-11-9 4:18:22 PM, 10000000, 10000000, 1, 2, EXT, +200, 100, null, null, null, null, null, null, null, null, null, null, null, null, null, null, null, null, null, null, null, null, null, null, null, null, null, null]
[DEBUG] 2024-11-26 13:16:47.287 [http-nio-9988-exec-4] [AccountHistoryDao.extractSubscriberActivitiesFromSQLArray] {requestId=7494c597-77ce-4bb2-8fe9-688b3b7189d7, sessionId=35a0038c-6205-4bac-89d2-fdaaea443f50} - [R=195] TableType = H_DISCONNECTIONS --- Row values = [H_DISCONNECTIONS
, 1099900306, 2012-11-9 4:18:22 PM, 10000000, 10000000, 1, 2, EXT, +200, 100, null, null, null, null, null, null, null, null, null, null, null, null, null, null, null, null, null, null, null, null, null, null, null, null, null, null]
[DEBUG] 2024-11-26 13:16:47.289 [http-nio-9988-exec-4] [AccountHistoryDao.extractSubscriberActivitiesFromSQLArray] {requestId=7494c597-77ce-4bb2-8fe9-688b3b7189d7, sessionId=35a0038c-6205-4bac-89d2-fdaaea443f50} - [R=196] TableType = H_DISCONNECTIONS --- Row values = [H_DISCONNECTIONS
, 1099900306, 2012-11-9 4:18:22 PM, 10000000, 10000000, 1, 2, EXT, +200, 100, null, null, null, null, null, null, null, null, null, null, null, null, null, null, null, null, null, null, null, null, null, null, null, null, null, null]
[DEBUG] 2024-11-26 13:16:47.290 [http-nio-9988-exec-4] [AccountHistoryDao.extractSubscriberActivitiesFromSQLArray] {requestId=7494c597-77ce-4bb2-8fe9-688b3b7189d7, sessionId=35a0038c-6205-4bac-89d2-fdaaea443f50} - [R=197] TableType = H_DISCONNECTIONS --- Row values = [H_DISCONNECTIONS
, 1099900306, 2012-11-9 4:18:22 PM, 10000000, 10000000, 1, 2, EXT, +200, 100, null, null, null, null, null, null, null, null, null, null, null, null, null, null, null, null, null, null, null, null, null, null, null, null, null, null]
[DEBUG] 2024-11-26 13:16:47.291 [http-nio-9988-exec-4] [AccountHistoryDao.extractSubscriberActivitiesFromSQLArray] {requestId=7494c597-77ce-4bb2-8fe9-688b3b7189d7, sessionId=35a0038c-6205-4bac-89d2-fdaaea443f50} - [R=198] TableType = H_DISCONNECTIONS --- Row values = [H_DISCONNECTIONS
, 1099900306, 2012-11-9 4:18:22 PM, 10000000, 10000000, 1, 2, EXT, +200, 100, null, null, null, null, null, null, null, null, null, null, null, null, null, null, null, null, null, null, null, null, null, null, null, null, null, null]
[DEBUG] 2024-11-26 13:16:47.291 [http-nio-9988-exec-4] [AccountHistoryDao.extractSubscriberActivitiesFromSQLArray] {requestId=7494c597-77ce-4bb2-8fe9-688b3b7189d7, sessionId=35a0038c-6205-4bac-89d2-fdaaea443f50} - [R=199] TableType = H_DISCONNECTIONS --- Row values = [H_DISCONNECTIONS
, 1099900306, 2012-11-9 4:18:22 PM, 10000000, 10000000, 1, 2, EXT, +200, 100, null, null, null, null, null, null, null, null, null, null, null, null, null, null, null, null, null, null, null, null, null, null, null, null, null, null]
[DEBUG] 2024-11-26 13:16:47.292 [http-nio-9988-exec-4] [AccountHistoryDao.extractSubscriberActivitiesFromSQLArray] {requestId=7494c597-77ce-4bb2-8fe9-688b3b7189d7, sessionId=35a0038c-6205-4bac-89d2-fdaaea443f50} - [R=200] TableType = H_DISCONNECTIONS --- Row values = [H_DISCONNECTIONS
, 1099900306, 2012-11-9 4:18:22 PM, 10000000, 10000000, 1, 2, EXT, +200, 100, null, null, null, null, null, null, null, null, null, null, null, null, null, null, null, null, null, null, null, null, null, null, null, null, null, null]
[DEBUG] 2024-11-26 13:16:47.294 [http-nio-9988-exec-4] [AccountHistoryDao.extractSubscriberActivitiesFromSQLArray] {requestId=7494c597-77ce-4bb2-8fe9-688b3b7189d7, sessionId=35a0038c-6205-4bac-89d2-fdaaea443f50} - [R=201] TableType = H_DISCONNECTIONS --- Row values = [H_DISCONNECTIONS
, 1099900306, 2012-11-9 4:18:22 PM, 10000000, 10000000, 1, 2, EXT, +200, 100, null, null, null, null, null, null, null, null, null, null, null, null, null, null, null, null, null, null, null, null, null, null, null, null, null, null]
[DEBUG] 2024-11-26 13:16:47.295 [http-nio-9988-exec-4] [AccountHistoryDao.extractSubscriberActivitiesFromSQLArray] {requestId=7494c597-77ce-4bb2-8fe9-688b3b7189d7, sessionId=35a0038c-6205-4bac-89d2-fdaaea443f50} - [R=202] TableType = H_DISCONNECTIONS --- Row values = [H_DISCONNECTIONS
, 1099900306, 2012-11-9 4:18:22 PM, 10000000, 10000000, 1, 2, EXT, +200, 100, null, null, null, null, null, null, null, null, null, null, null, null, null, null, null, null, null, null, null, null, null, null, null, null, null, null]
[DEBUG] 2024-11-26 13:16:47.295 [http-nio-9988-exec-4] [AccountHistoryDao.extractSubscriberActivitiesFromSQLArray] {requestId=7494c597-77ce-4bb2-8fe9-688b3b7189d7, sessionId=35a0038c-6205-4bac-89d2-fdaaea443f50} - [R=203] TableType = H_DISCONNECTIONS --- Row values = [H_DISCONNECTIONS
, 1099900306, 2012-11-9 4:18:22 PM, 10000000, 10000000, 1, 2, EXT, +200, 100, null, null, null, null, null, null, null, null, null, null, null, null, null, null, null, null, null, null, null, null, null, null, null, null, null, null]
[DEBUG] 2024-11-26 13:16:47.297 [http-nio-9988-exec-4] [AccountHistoryDao.extractSubscriberActivitiesFromSQLArray] {requestId=7494c597-77ce-4bb2-8fe9-688b3b7189d7, sessionId=35a0038c-6205-4bac-89d2-fdaaea443f50} - [R=204] TableType = H_DISCONNECTIONS --- Row values = [H_DISCONNECTIONS
, 1099900306, 2012-11-9 4:18:22 PM, 10000000, 10000000, 1, 2, EXT, +200, 100, null, null, null, null, null, null, null, null, null, null, null, null, null, null, null, null, null, null, null, null, null, null, null, null, null, null]
[DEBUG] 2024-11-26 13:16:47.299 [http-nio-9988-exec-4] [AccountHistoryDao.extractSubscriberActivitiesFromSQLArray] {requestId=7494c597-77ce-4bb2-8fe9-688b3b7189d7, sessionId=35a0038c-6205-4bac-89d2-fdaaea443f50} - [R=205] TableType = H_DISCONNECTIONS --- Row values = [H_DISCONNECTIONS
, 1099900306, 2012-11-9 4:18:22 PM, 10000000, 10000000, 1, 2, EXT, +200, 100, null, null, null, null, null, null, null, null, null, null, null, null, null, null, null, null, null, null, null, null, null, null, null, null, null, null]
[DEBUG] 2024-11-26 13:16:47.300 [http-nio-9988-exec-4] [AccountHistoryDao.extractSubscriberActivitiesFromSQLArray] {requestId=7494c597-77ce-4bb2-8fe9-688b3b7189d7, sessionId=35a0038c-6205-4bac-89d2-fdaaea443f50} - [R=206] TableType = H_DISCONNECTIONS --- Row values = [H_DISCONNECTIONS
, 1099900306, 2012-11-9 4:18:22 PM, 10000000, 10000000, 1, 2, EXT, +200, 100, null, null, null, null, null, null, null, null, null, null, null, null, null, null, null, null, null, null, null, null, null, null, null, null, null, null]
[DEBUG] 2024-11-26 13:16:47.301 [http-nio-9988-exec-4] [AccountHistoryDao.extractSubscriberActivitiesFromSQLArray] {requestId=7494c597-77ce-4bb2-8fe9-688b3b7189d7, sessionId=35a0038c-6205-4bac-89d2-fdaaea443f50} - [R=207] TableType = H_LANGUAGE_CHANGE --- Row values = [H_LANGUAGE_CHANGE, 1099900306, 1, 2012-12-9 5:20:20 PM, 1000, 1000, EXT, EEE, +200, ar, 100, null, null, null, null, null, null, null, null, null, null, null, null, null, null, null, null, null, null, null, null, null, null, null, null, null]
[DEBUG] 2024-11-26 13:16:47.302 [http-nio-9988-exec-4] [AccountHistoryDao.extractSubscriberActivitiesFromSQLArray] {requestId=7494c597-77ce-4bb2-8fe9-688b3b7189d7, sessionId=35a0038c-6205-4bac-89d2-fdaaea443f50} - [R=208] TableType = H_LANGUAGE_CHANGE --- Row values = [H_LANGUAGE_CHANGE, 1099900306, 1, 2012-12-9 5:20:20 PM, 1000, 1000, EXT, EEE, +200, ar, 100, null, null, null, null, null, null, null, null, null, null, null, null, null, null, null, null, null, null, null, null, null, null, null, null, null]
[DEBUG] 2024-11-26 13:16:47.303 [http-nio-9988-exec-4] [AccountHistoryDao.extractSubscriberActivitiesFromSQLArray] {requestId=7494c597-77ce-4bb2-8fe9-688b3b7189d7, sessionId=35a0038c-6205-4bac-89d2-fdaaea443f50} - [R=209] TableType = H_LANGUAGE_CHANGE --- Row values = [H_LANGUAGE_CHANGE, 1099900306, 1, 2012-12-9 5:20:20 PM, 1000, 1000, EXT, EEE, +200, ar, 100, null, null, null, null, null, null, null, null, null, null, null, null, null, null, null, null, null, null, null, null, null, null, null, null, null]
[DEBUG] 2024-11-26 13:16:47.303 [http-nio-9988-exec-4] [AccountHistoryDao.extractSubscriberActivitiesFromSQLArray] {requestId=7494c597-77ce-4bb2-8fe9-688b3b7189d7, sessionId=35a0038c-6205-4bac-89d2-fdaaea443f50} - [R=210] TableType = H_LANGUAGE_CHANGE --- Row values = [H_LANGUAGE_CHANGE, 1099900306, 1, 2012-12-9 5:20:20 PM, 1000, 1000, EXT, EEE, +200, ar, 100, null, null, null, null, null, null, null, null, null, null, null, null, null, null, null, null, null, null, null, null, null, null, null, null, null]
[DEBUG] 2024-11-26 13:16:47.304 [http-nio-9988-exec-4] [AccountHistoryDao.extractSubscriberActivitiesFromSQLArray] {requestId=7494c597-77ce-4bb2-8fe9-688b3b7189d7, sessionId=35a0038c-6205-4bac-89d2-fdaaea443f50} - [R=211] TableType = H_LANGUAGE_CHANGE --- Row values = [H_LANGUAGE_CHANGE, 1099900306, 1, 2012-12-9 5:20:20 PM, 1000, 1000, EXT, EEE, +200, ar, 100, null, null, null, null, null, null, null, null, null, null, null, null, null, null, null, null, null, null, null, null, null, null, null, null, null]
[DEBUG] 2024-11-26 13:16:47.305 [http-nio-9988-exec-4] [AccountHistoryDao.extractSubscriberActivitiesFromSQLArray] {requestId=7494c597-77ce-4bb2-8fe9-688b3b7189d7, sessionId=35a0038c-6205-4bac-89d2-fdaaea443f50} - [R=212] TableType = H_LANGUAGE_CHANGE --- Row values = [H_LANGUAGE_CHANGE, 1099900306, 1, 2012-12-9 5:20:20 PM, 1000, 1000, EXT, EEE, +200, ar, 100, null, null, null, null, null, null, null, null, null, null, null, null, null, null, null, null, null, null, null, null, null, null, null, null, null]
[DEBUG] 2024-11-26 13:16:47.306 [http-nio-9988-exec-4] [AccountHistoryDao.extractSubscriberActivitiesFromSQLArray] {requestId=7494c597-77ce-4bb2-8fe9-688b3b7189d7, sessionId=35a0038c-6205-4bac-89d2-fdaaea443f50} - [R=213] TableType = H_LANGUAGE_CHANGE --- Row values = [H_LANGUAGE_CHANGE, 1099900306, 1, 2012-12-9 5:20:20 PM, 1000, 1000, EXT, EEE, +200, ar, 100, null, null, null, null, null, null, null, null, null, null, null, null, null, null, null, null, null, null, null, null, null, null, null, null, null]
[DEBUG] 2024-11-26 13:16:47.306 [http-nio-9988-exec-4] [AccountHistoryDao.extractSubscriberActivitiesFromSQLArray] {requestId=7494c597-77ce-4bb2-8fe9-688b3b7189d7, sessionId=35a0038c-6205-4bac-89d2-fdaaea443f50} - [R=214] TableType = H_LANGUAGE_CHANGE --- Row values = [H_LANGUAGE_CHANGE, 1099900306, 1, 2012-12-9 5:20:20 PM, 1000, 1000, EXT, EEE, +200, ar, 100, null, null, null, null, null, null, null, null, null, null, null, null, null, null, null, null, null, null, null, null, null, null, null, null, null]
[DEBUG] 2024-11-26 13:16:47.307 [http-nio-9988-exec-4] [AccountHistoryDao.extractSubscriberActivitiesFromSQLArray] {requestId=7494c597-77ce-4bb2-8fe9-688b3b7189d7, sessionId=35a0038c-6205-4bac-89d2-fdaaea443f50} - [R=215] TableType = H_LANGUAGE_CHANGE --- Row values = [H_LANGUAGE_CHANGE, 1099900306, 1, 2012-12-9 5:20:20 PM, 1000, 1000, EXT, EEE, +200, ar, 100, null, null, null, null, null, null, null, null, null, null, null, null, null, null, null, null, null, null, null, null, null, null, null, null, null]
[DEBUG] 2024-11-26 13:16:47.309 [http-nio-9988-exec-4] [AccountHistoryDao.extractSubscriberActivitiesFromSQLArray] {requestId=7494c597-77ce-4bb2-8fe9-688b3b7189d7, sessionId=35a0038c-6205-4bac-89d2-fdaaea443f50} - [R=216] TableType = H_LANGUAGE_CHANGE --- Row values = [H_LANGUAGE_CHANGE, 1099900306, 1, 2012-12-9 5:20:20 PM, 1000, 1000, EXT, EEE, +200, ar, 100, null, null, null, null, null, null, null, null, null, null, null, null, null, null, null, null, null, null, null, null, null, null, null, null, null]
[DEBUG] 2024-11-26 13:16:47.310 [http-nio-9988-exec-4] [AccountHistoryDao.extractSubscriberActivitiesFromSQLArray] {requestId=7494c597-77ce-4bb2-8fe9-688b3b7189d7, sessionId=35a0038c-6205-4bac-89d2-fdaaea443f50} - [R=217] TableType = H_LANGUAGE_CHANGE --- Row values = [H_LANGUAGE_CHANGE, 1099900306, 1, 2012-12-9 5:20:20 PM, 1000, 1000, EXT, EEE, +200, ar, 100, null, null, null, null, null, null, null, null, null, null, null, null, null, null, null, null, null, null, null, null, null, null, null, null, null]
[DEBUG] 2024-11-26 13:16:47.312 [http-nio-9988-exec-4] [AccountHistoryDao.extractSubscriberActivitiesFromSQLArray] {requestId=7494c597-77ce-4bb2-8fe9-688b3b7189d7, sessionId=35a0038c-6205-4bac-89d2-fdaaea443f50} - [R=218] TableType = H_LANGUAGE_CHANGE --- Row values = [H_LANGUAGE_CHANGE, 1099900306, 1, 2012-12-9 5:20:20 PM, 1000, 1000, EXT, EEE, +200, ar, 100, null, null, null, null, null, null, null, null, null, null, null, null, null, null, null, null, null, null, null, null, null, null, null, null, null]
[DEBUG] 2024-11-26 13:16:47.316 [http-nio-9988-exec-4] [AccountHistoryDao.extractSubscriberActivitiesFromSQLArray] {requestId=7494c597-77ce-4bb2-8fe9-688b3b7189d7, sessionId=35a0038c-6205-4bac-89d2-fdaaea443f50} - [R=219] TableType = H_LANGUAGE_CHANGE --- Row values = [H_LANGUAGE_CHANGE, 1099900306, 1, 2012-12-9 5:20:20 PM, 1000, 1000, EXT, EEE, +200, ar, 100, null, null, null, null, null, null, null, null, null, null, null, null, null, null, null, null, null, null, null, null, null, null, null, null, null]
[DEBUG] 2024-11-26 13:16:47.317 [http-nio-9988-exec-4] [AccountHistoryDao.extractSubscriberActivitiesFromSQLArray] {requestId=7494c597-77ce-4bb2-8fe9-688b3b7189d7, sessionId=35a0038c-6205-4bac-89d2-fdaaea443f50} - [R=220] TableType = H_LANGUAGE_CHANGE --- Row values = [H_LANGUAGE_CHANGE, 1099900306, 1, 2012-12-9 5:20:20 PM, 1000, 1000, EXT, EEE, +200, ar, 100, null, null, null, null, null, null, null, null, null, null, null, null, null, null, null, null, null, null, null, null, null, null, null, null, null]
[DEBUG] 2024-11-26 13:16:47.318 [http-nio-9988-exec-4] [AccountHistoryDao.extractSubscriberActivitiesFromSQLArray] {requestId=7494c597-77ce-4bb2-8fe9-688b3b7189d7, sessionId=35a0038c-6205-4bac-89d2-fdaaea443f50} - [R=221] TableType = H_LANGUAGE_CHANGE --- Row values = [H_LANGUAGE_CHANGE, 1099900306, 1, 2012-12-9 5:20:20 PM, 1000, 1000, EXT, EEE, +200, ar, 100, null, null, null, null, null, null, null, null, null, null, null, null, null, null, null, null, null, null, null, null, null, null, null, null, null]
[DEBUG] 2024-11-26 13:16:47.320 [http-nio-9988-exec-4] [AccountHistoryDao.extractSubscriberActivitiesFromSQLArray] {requestId=7494c597-77ce-4bb2-8fe9-688b3b7189d7, sessionId=35a0038c-6205-4bac-89d2-fdaaea443f50} - [R=222] TableType = H_LIFECYCLE_TX --- Row values = [H_LIFECYCLE_TX
, 1099900306, 1, 2, 2012-12-5 5:12:20 PM, 1000, 10000, null, null, null, null, null, null, null, null, null, null, null, 5, 2, 1, 100, null, null, null, null, null, null, null, null, null, null, null, null, null, null]
[DEBUG] 2024-11-26 13:16:47.321 [http-nio-9988-exec-4] [AccountHistoryDao.extractSubscriberActivitiesFromSQLArray] {requestId=7494c597-77ce-4bb2-8fe9-688b3b7189d7, sessionId=35a0038c-6205-4bac-89d2-fdaaea443f50} - [R=223] TableType = H_LIFECYCLE_TX --- Row values = [H_LIFECYCLE_TX
, 1099900306, 1, 2, 2012-12-5 5:12:20 PM, 1000, 10000, null, null, null, null, null, null, null, null, null, null, null, 3, 4, 1, 100, null, null, null, null, null, null, null, null, null, null, null, null, null, null]
[DEBUG] 2024-11-26 13:16:47.321 [http-nio-9988-exec-4] [AccountHistoryDao.extractSubscriberActivitiesFromSQLArray] {requestId=7494c597-77ce-4bb2-8fe9-688b3b7189d7, sessionId=35a0038c-6205-4bac-89d2-fdaaea443f50} - [R=224] TableType = H_LIFECYCLE_TX --- Row values = [H_LIFECYCLE_TX
, 1099900306, 1, 2, 2012-12-5 5:12:20 PM, 1000, 10000, null, null, null, null, null, null, null, null, null, null, null, 5, 2, 1, 100, null, null, null, null, null, null, null, null, null, null, null, null, null, null]
[DEBUG] 2024-11-26 13:16:47.323 [http-nio-9988-exec-4] [AccountHistoryDao.extractSubscriberActivitiesFromSQLArray] {requestId=7494c597-77ce-4bb2-8fe9-688b3b7189d7, sessionId=35a0038c-6205-4bac-89d2-fdaaea443f50} - [R=225] TableType = H_LIFECYCLE_TX --- Row values = [H_LIFECYCLE_TX
, 1099900306, 1, 2, 2012-12-5 5:12:20 PM, 1000, 10000, null, null, null, null, null, null, null, null, null, null, null, 3, 4, 1, 100, null, null, null, null, null, null, null, null, null, null, null, null, null, null]
[DEBUG] 2024-11-26 13:16:47.325 [http-nio-9988-exec-4] [AccountHistoryDao.extractSubscriberActivitiesFromSQLArray] {requestId=7494c597-77ce-4bb2-8fe9-688b3b7189d7, sessionId=35a0038c-6205-4bac-89d2-fdaaea443f50} - [R=226] TableType = H_LIFECYCLE_TX --- Row values = [H_LIFECYCLE_TX
, 1099900306, 1, 2, 2012-12-5 5:12:20 PM, 1000, 10000, null, null, null, null, null, null, null, null, null, null, null, 3, 4, 1, 100, null, null, null, null, null, null, null, null, null, null, null, null, null, null]
[DEBUG] 2024-11-26 13:16:47.326 [http-nio-9988-exec-4] [AccountHistoryDao.extractSubscriberActivitiesFromSQLArray] {requestId=7494c597-77ce-4bb2-8fe9-688b3b7189d7, sessionId=35a0038c-6205-4bac-89d2-fdaaea443f50} - [R=227] TableType = H_LIFECYCLE_TX --- Row values = [H_LIFECYCLE_TX
, 1099900306, 1, 2, 2012-12-5 5:12:20 PM, 1000, 10000, null, null, null, null, null, null, null, null, null, null, null, 5, 2, 1, 100, null, null, null, null, null, null, null, null, null, null, null, null, null, null]
[DEBUG] 2024-11-26 13:16:47.327 [http-nio-9988-exec-4] [AccountHistoryDao.extractSubscriberActivitiesFromSQLArray] {requestId=7494c597-77ce-4bb2-8fe9-688b3b7189d7, sessionId=35a0038c-6205-4bac-89d2-fdaaea443f50} - [R=228] TableType = H_LIFECYCLE_TX --- Row values = [H_LIFECYCLE_TX
, 1099900306, 1, 2, 2012-12-5 5:12:20 PM, 1000, 10000, null, null, null, null, null, null, null, null, null, null, null, 5, 2, 1, 100, null, null, null, null, null, null, null, null, null, null, null, null, null, null]
[DEBUG] 2024-11-26 13:16:47.327 [http-nio-9988-exec-4] [AccountHistoryDao.extractSubscriberActivitiesFromSQLArray] {requestId=7494c597-77ce-4bb2-8fe9-688b3b7189d7, sessionId=35a0038c-6205-4bac-89d2-fdaaea443f50} - [R=229] TableType = H_LIFECYCLE_TX --- Row values = [H_LIFECYCLE_TX
, 1099900306, 1, 2, 2012-12-5 5:12:20 PM, 1000, 10000, null, null, null, null, null, null, null, null, null, null, null, 3, 4, 1, 100, null, null, null, null, null, null, null, null, null, null, null, null, null, null]
[DEBUG] 2024-11-26 13:16:47.329 [http-nio-9988-exec-4] [AccountHistoryDao.extractSubscriberActivitiesFromSQLArray] {requestId=7494c597-77ce-4bb2-8fe9-688b3b7189d7, sessionId=35a0038c-6205-4bac-89d2-fdaaea443f50} - [R=230] TableType = H_LIFECYCLE_TX --- Row values = [H_LIFECYCLE_TX
, 1099900306, 1, 2, 2012-12-5 5:12:20 PM, 1000, 10000, null, null, null, null, null, null, null, null, null, null, null, 5, 2, 1, 100, null, null, null, null, null, null, null, null, null, null, null, null, null, null]
[DEBUG] 2024-11-26 13:16:47.334 [http-nio-9988-exec-4] [AccountHistoryDao.extractSubscriberActivitiesFromSQLArray] {requestId=7494c597-77ce-4bb2-8fe9-688b3b7189d7, sessionId=35a0038c-6205-4bac-89d2-fdaaea443f50} - [R=231] TableType = H_LIFECYCLE_TX --- Row values = [H_LIFECYCLE_TX
, 1099900306, 1, 2, 2012-12-5 5:12:20 PM, 1000, 10000, null, null, null, null, null, null, null, null, null, null, null, 3, 4, 1, 100, null, null, null, null, null, null, null, null, null, null, null, null, null, null]
[DEBUG] 2024-11-26 13:16:47.335 [http-nio-9988-exec-4] [AccountHistoryDao.extractSubscriberActivitiesFromSQLArray] {requestId=7494c597-77ce-4bb2-8fe9-688b3b7189d7, sessionId=35a0038c-6205-4bac-89d2-fdaaea443f50} - [R=232] TableType = H_LIFECYCLE_TX --- Row values = [H_LIFECYCLE_TX
, 1099900306, 1, 2, 2012-12-5 5:12:20 PM, 1000, 10000, null, null, null, null, null, null, null, null, null, null, null, 5, 2, 1, 100, null, null, null, null, null, null, null, null, null, null, null, null, null, null]
[DEBUG] 2024-11-26 13:16:47.336 [http-nio-9988-exec-4] [AccountHistoryDao.extractSubscriberActivitiesFromSQLArray] {requestId=7494c597-77ce-4bb2-8fe9-688b3b7189d7, sessionId=35a0038c-6205-4bac-89d2-fdaaea443f50} - [R=233] TableType = H_LIFECYCLE_TX --- Row values = [H_LIFECYCLE_TX
, 1099900306, 1, 2, 2012-12-5 5:12:20 PM, 1000, 10000, null, null, null, null, null, null, null, null, null, null, null, 3, 4, 1, 100, null, null, null, null, null, null, null, null, null, null, null, null, null, null]
[DEBUG] 2024-11-26 13:16:47.337 [http-nio-9988-exec-4] [AccountHistoryDao.extractSubscriberActivitiesFromSQLArray] {requestId=7494c597-77ce-4bb2-8fe9-688b3b7189d7, sessionId=35a0038c-6205-4bac-89d2-fdaaea443f50} - [R=234] TableType = H_LIFECYCLE_TX --- Row values = [H_LIFECYCLE_TX
, 1099900306, 1, 2, 2012-12-5 5:12:20 PM, 1000, 10000, null, null, null, null, null, null, null, null, null, null, null, 5, 2, 1, 100, null, null, null, null, null, null, null, null, null, null, null, null, null, null]
[DEBUG] 2024-11-26 13:16:47.339 [http-nio-9988-exec-4] [AccountHistoryDao.extractSubscriberActivitiesFromSQLArray] {requestId=7494c597-77ce-4bb2-8fe9-688b3b7189d7, sessionId=35a0038c-6205-4bac-89d2-fdaaea443f50} - [R=235] TableType = H_LIFECYCLE_TX --- Row values = [H_LIFECYCLE_TX
, 1099900306, 1, 2, 2012-12-5 5:12:20 PM, 1000, 10000, null, null, null, null, null, null, null, null, null, null, null, 3, 4, 1, 100, null, null, null, null, null, null, null, null, null, null, null, null, null, null]
[DEBUG] 2024-11-26 13:16:47.340 [http-nio-9988-exec-4] [AccountHistoryDao.extractSubscriberActivitiesFromSQLArray] {requestId=7494c597-77ce-4bb2-8fe9-688b3b7189d7, sessionId=35a0038c-6205-4bac-89d2-fdaaea443f50} - [R=236] TableType = H_LIFECYCLE_TX --- Row values = [H_LIFECYCLE_TX
, 1099900306, 1, 2, 2012-12-5 5:12:20 PM, 1000, 10000, null, null, null, null, null, null, null, null, null, null, null, 5, 2, 1, 100, null, null, null, null, null, null, null, null, null, null, null, null, null, null]
[DEBUG] 2024-11-26 13:16:47.341 [http-nio-9988-exec-4] [AccountHistoryDao.extractSubscriberActivitiesFromSQLArray] {requestId=7494c597-77ce-4bb2-8fe9-688b3b7189d7, sessionId=35a0038c-6205-4bac-89d2-fdaaea443f50} - [R=237] TableType = H_LIFECYCLE_TX --- Row values = [H_LIFECYCLE_TX
, 1099900306, 1, 2, 2012-12-5 5:12:20 PM, 1000, 10000, null, null, null, null, null, null, null, null, null, null, null, 3, 4, 1, 100, null, null, null, null, null, null, null, null, null, null, null, null, null, null]
[DEBUG] 2024-11-26 13:16:47.342 [http-nio-9988-exec-4] [AccountHistoryDao.extractSubscriberActivitiesFromSQLArray] {requestId=7494c597-77ce-4bb2-8fe9-688b3b7189d7, sessionId=35a0038c-6205-4bac-89d2-fdaaea443f50} - [R=238] TableType = H_LIFECYCLE_TX --- Row values = [H_LIFECYCLE_TX
, 1099900306, 1, 2, 2012-12-5 5:12:20 PM, 1000, 10000, null, null, null, null, null, null, null, null, null, null, null, 5, 2, 1, 100, null, null, null, null, null, null, null, null, null, null, null, null, null, null]
[DEBUG] 2024-11-26 13:16:47.343 [http-nio-9988-exec-4] [AccountHistoryDao.extractSubscriberActivitiesFromSQLArray] {requestId=7494c597-77ce-4bb2-8fe9-688b3b7189d7, sessionId=35a0038c-6205-4bac-89d2-fdaaea443f50} - [R=239] TableType = H_LIFECYCLE_TX --- Row values = [H_LIFECYCLE_TX
, 1099900306, 1, 2, 2012-12-5 5:12:20 PM, 1000, 10000, null, null, null, null, null, null, null, null, null, null, null, 3, 4, 1, 100, null, null, null, null, null, null, null, null, null, null, null, null, null, null]
[DEBUG] 2024-11-26 13:16:47.344 [http-nio-9988-exec-4] [AccountHistoryDao.extractSubscriberActivitiesFromSQLArray] {requestId=7494c597-77ce-4bb2-8fe9-688b3b7189d7, sessionId=35a0038c-6205-4bac-89d2-fdaaea443f50} - [R=240] TableType = H_LIFECYCLE_TX --- Row values = [H_LIFECYCLE_TX
, 1099900306, 1, 2, 2012-12-5 5:12:20 PM, 1000, 10000, null, null, null, null, null, null, null, null, null, null, null, 5, 2, 1, 100, null, null, null, null, null, null, null, null, null, null, null, null, null, null]
[DEBUG] 2024-11-26 13:16:47.350 [http-nio-9988-exec-4] [AccountHistoryDao.extractSubscriberActivitiesFromSQLArray] {requestId=7494c597-77ce-4bb2-8fe9-688b3b7189d7, sessionId=35a0038c-6205-4bac-89d2-fdaaea443f50} - [R=241] TableType = H_LIFECYCLE_TX --- Row values = [H_LIFECYCLE_TX
, 1099900306, 1, 2, 2012-12-5 5:12:20 PM, 1000, 10000, null, null, null, null, null, null, null, null, null, null, null, 3, 4, 1, 100, null, null, null, null, null, null, null, null, null, null, null, null, null, null]
[DEBUG] 2024-11-26 13:16:47.351 [http-nio-9988-exec-4] [AccountHistoryDao.extractSubscriberActivitiesFromSQLArray] {requestId=7494c597-77ce-4bb2-8fe9-688b3b7189d7, sessionId=35a0038c-6205-4bac-89d2-fdaaea443f50} - [R=242] TableType = H_LIFECYCLE_TX --- Row values = [H_LIFECYCLE_TX
, 1099900306, 1, 2, 2012-12-5 5:12:20 PM, 1000, 10000, null, null, null, null, null, null, null, null, null, null, null, 5, 2, 1, 100, null, null, null, null, null, null, null, null, null, null, null, null, null, null]
[DEBUG] 2024-11-26 13:16:47.353 [http-nio-9988-exec-4] [AccountHistoryDao.extractSubscriberActivitiesFromSQLArray] {requestId=7494c597-77ce-4bb2-8fe9-688b3b7189d7, sessionId=35a0038c-6205-4bac-89d2-fdaaea443f50} - [R=243] TableType = H_LIFECYCLE_TX --- Row values = [H_LIFECYCLE_TX
, 1099900306, 1, 2, 2012-12-5 5:12:20 PM, 1000, 10000, null, null, null, null, null, null, null, null, null, null, null, 3, 4, 1, 100, null, null, null, null, null, null, null, null, null, null, null, null, null, null]
[DEBUG] 2024-11-26 13:16:47.355 [http-nio-9988-exec-4] [AccountHistoryDao.extractSubscriberActivitiesFromSQLArray] {requestId=7494c597-77ce-4bb2-8fe9-688b3b7189d7, sessionId=35a0038c-6205-4bac-89d2-fdaaea443f50} - [R=244] TableType = H_LIFECYCLE_TX --- Row values = [H_LIFECYCLE_TX
, 1099900306, 1, 2, 2012-12-5 5:12:20 PM, 1000, 10000, null, null, null, null, null, null, null, null, null, null, null, 5, 2, 1, 100, null, null, null, null, null, null, null, null, null, null, null, null, null, null]
[DEBUG] 2024-11-26 13:16:47.356 [http-nio-9988-exec-4] [AccountHistoryDao.extractSubscriberActivitiesFromSQLArray] {requestId=7494c597-77ce-4bb2-8fe9-688b3b7189d7, sessionId=35a0038c-6205-4bac-89d2-fdaaea443f50} - [R=245] TableType = H_LIFECYCLE_TX --- Row values = [H_LIFECYCLE_TX
, 1099900306, 1, 2, 2012-12-5 5:12:20 PM, 1000, 10000, null, null, null, null, null, null, null, null, null, null, null, 3, 4, 1, 100, null, null, null, null, null, null, null, null, null, null, null, null, null, null]
[DEBUG] 2024-11-26 13:16:47.357 [http-nio-9988-exec-4] [AccountHistoryDao.extractSubscriberActivitiesFromSQLArray] {requestId=7494c597-77ce-4bb2-8fe9-688b3b7189d7, sessionId=35a0038c-6205-4bac-89d2-fdaaea443f50} - [R=246] TableType = H_LIFECYCLE_TX --- Row values = [H_LIFECYCLE_TX
, 1099900306, 1, 2, 2012-12-5 5:12:20 PM, 1000, 10000, null, null, null, null, null, null, null, null, null, null, null, 5, 2, 1, 100, null, null, null, null, null, null, null, null, null, null, null, null, null, null]
[DEBUG] 2024-11-26 13:16:47.358 [http-nio-9988-exec-4] [AccountHistoryDao.extractSubscriberActivitiesFromSQLArray] {requestId=7494c597-77ce-4bb2-8fe9-688b3b7189d7, sessionId=35a0038c-6205-4bac-89d2-fdaaea443f50} - [R=247] TableType = H_LIFECYCLE_TX --- Row values = [H_LIFECYCLE_TX
, 1099900306, 1, 2, 2012-12-5 5:12:20 PM, 1000, 10000, null, null, null, null, null, null, null, null, null, null, null, 3, 4, 1, 100, null, null, null, null, null, null, null, null, null, null, null, null, null, null]
[DEBUG] 2024-11-26 13:16:47.359 [http-nio-9988-exec-4] [AccountHistoryDao.extractSubscriberActivitiesFromSQLArray] {requestId=7494c597-77ce-4bb2-8fe9-688b3b7189d7, sessionId=35a0038c-6205-4bac-89d2-fdaaea443f50} - [R=248] TableType = H_LIFECYCLE_TX --- Row values = [H_LIFECYCLE_TX
, 1099900306, 1, 2, 2012-12-5 5:12:20 PM, 1000, 10000, null, null, null, null, null, null, null, null, null, null, null, 5, 2, 1, 100, null, null, null, null, null, null, null, null, null, null, null, null, null, null]
[DEBUG] 2024-11-26 13:16:47.360 [http-nio-9988-exec-4] [AccountHistoryDao.extractSubscriberActivitiesFromSQLArray] {requestId=7494c597-77ce-4bb2-8fe9-688b3b7189d7, sessionId=35a0038c-6205-4bac-89d2-fdaaea443f50} - [R=249] TableType = H_LIFECYCLE_TX --- Row values = [H_LIFECYCLE_TX
, 1099900306, 1, 2, 2012-12-5 5:12:20 PM, 1000, 10000, null, null, null, null, null, null, null, null, null, null, null, 3, 4, 1, 100, null, null, null, null, null, null, null, null, null, null, null, null, null, null]
[DEBUG] 2024-11-26 13:16:47.360 [http-nio-9988-exec-4] [AccountHistoryDao.extractSubscriberActivitiesFromSQLArray] {requestId=7494c597-77ce-4bb2-8fe9-688b3b7189d7, sessionId=35a0038c-6205-4bac-89d2-fdaaea443f50} - [R=250] TableType = H_LIFECYCLE_TX --- Row values = [H_LIFECYCLE_TX
, 1099900306, 1, 2, 2012-12-5 5:12:20 PM, 1000, 10000, null, null, null, null, null, null, null, null, null, null, null, 3, 4, 1, 100, null, null, null, null, null, null, null, null, null, null, null, null, null, null]
[DEBUG] 2024-11-26 13:16:47.363 [http-nio-9988-exec-4] [AccountHistoryDao.extractSubscriberActivitiesFromSQLArray] {requestId=7494c597-77ce-4bb2-8fe9-688b3b7189d7, sessionId=35a0038c-6205-4bac-89d2-fdaaea443f50} - [R=251] TableType = H_LIFECYCLE_TX --- Row values = [H_LIFECYCLE_TX
, 1099900306, 1, 2, 2012-12-5 5:12:20 PM, 1000, 10000, null, null, null, null, null, null, null, null, null, null, null, 5, 2, 1, 100, null, null, null, null, null, null, null, null, null, null, null, null, null, null]
[DEBUG] 2024-11-26 13:16:47.366 [http-nio-9988-exec-4] [AccountHistoryDao.extractSubscriberActivitiesFromSQLArray] {requestId=7494c597-77ce-4bb2-8fe9-688b3b7189d7, sessionId=35a0038c-6205-4bac-89d2-fdaaea443f50} - [R=252] TableType = H_REFILL_VOUCHER --- Row values = [H_REFILL_VOUCHER, 1099900306, 1, 2012-12-9 5:20:20 PM, null, null, null, null, null, null, null, null, 30, null, null, null, null, null, null, null, null, null, null, null, 30, 50, 4, 3, 5, null, 22, 1, 4, null, null, null]
[DEBUG] 2024-11-26 13:16:47.373 [http-nio-9988-exec-4] [AccountHistoryDao.extractSubscriberActivitiesFromSQLArray] {requestId=7494c597-77ce-4bb2-8fe9-688b3b7189d7, sessionId=35a0038c-6205-4bac-89d2-fdaaea443f50} - [R=253] TableType = H_REFILL_VOUCHER --- Row values = [H_REFILL_VOUCHER, 1099900306, 1, 2012-12-9 5:20:20 PM, null, null, null, null, null, null, null, null, 30, null, null, null, null, null, null, null, null, null, null, null, 30, 40, 8, 7, 8, 2012-12-19, 13, 1, 4, null, null, null]
[DEBUG] 2024-11-26 13:16:47.376 [http-nio-9988-exec-4] [AccountHistoryDao.extractSubscriberActivitiesFromSQLArray] {requestId=7494c597-77ce-4bb2-8fe9-688b3b7189d7, sessionId=35a0038c-6205-4bac-89d2-fdaaea443f50} - [R=254] TableType = H_REFILL_VOUCHER --- Row values = [H_REFILL_VOUCHER, 1099900306, 1, 2012-12-9 5:20:20 PM, null, null, null, null, null, null, null, null, 30, null, null, null, null, null, null, null, null, null, null, null, 30, 50, 4, 3, 5, null, 22, 1, 4, null, null, null]
[DEBUG] 2024-11-26 13:16:47.377 [http-nio-9988-exec-4] [AccountHistoryDao.extractSubscriberActivitiesFromSQLArray] {requestId=7494c597-77ce-4bb2-8fe9-688b3b7189d7, sessionId=35a0038c-6205-4bac-89d2-fdaaea443f50} - [R=255] TableType = H_REFILL_VOUCHER --- Row values = [H_REFILL_VOUCHER, 1099900306, 1, 2012-12-9 5:20:20 PM, null, null, null, null, null, null, null, null, 30, null, null, null, null, null, null, null, null, null, null, null, 30, 40, 8, 7, 8, 2012-12-19, 13, 1, 4, null, null, null]
