[WARN ] 2024-11-26 13:16:46.424 [HikariPool-SYSADM housekeeper] [HikariPool$HouseKeeper.run] - HikariPool-SYSADM - Thread starvation or clock leap detected (housekeeper delta=14h50m50s374ms98µs700ns).
[INFO ] 2024-11-26 13:16:47.261 [scheduling-1] [HikariDataSource.<init>] - HikariPool-SYSADM - Starting...
[WARN ] 2024-11-26 13:16:47.264 [scheduling-1] [DriverDataSource.<init>] - Registered driver with driverClassName=oracle.jdbc.driver.OracleDriver was not found, trying direct instantiation.
[INFO ] 2024-11-26 13:16:51.125 [SpringApplicationShutdownHook] [HikariDataSource.close] - HikariPool-SYSADM - Shutdown initiated...
[ERROR] 2024-11-26 13:16:51.855 [scheduling-1] [HikariPool.throwPoolInitializationException] - HikariPool-SYSADM - Exception during pool initialization.
java.sql.SQLRecoverableException: IO Error: The Network Adapter could not establish the connection
	at oracle.jdbc.driver.T4CConnection.logon(T4CConnection.java:854) ~[ojdbc8-19.3.0.0.jar:19.3.0.0.0]
	at oracle.jdbc.driver.PhysicalConnection.connect(PhysicalConnection.java:793) ~[ojdbc8-19.3.0.0.jar:19.3.0.0.0]
	at oracle.jdbc.driver.T4CDriverExtension.getConnection(T4CDriverExtension.java:57) ~[ojdbc8-19.3.0.0.jar:19.3.0.0.0]
	at oracle.jdbc.driver.OracleDriver.connect(OracleDriver.java:747) ~[ojdbc8-19.3.0.0.jar:19.3.0.0.0]
	at oracle.jdbc.driver.OracleDriver.connect(OracleDriver.java:562) ~[ojdbc8-19.3.0.0.jar:19.3.0.0.0]
	at com.zaxxer.hikari.util.DriverDataSource.getConnection(DriverDataSource.java:138) ~[HikariCP-4.0.3.jar:?]
	at com.zaxxer.hikari.pool.PoolBase.newConnection(PoolBase.java:364) ~[HikariCP-4.0.3.jar:?]
	at com.zaxxer.hikari.pool.PoolBase.newPoolEntry(PoolBase.java:206) ~[HikariCP-4.0.3.jar:?]
	at com.zaxxer.hikari.pool.HikariPool.createPoolEntry(HikariPool.java:476) [HikariCP-4.0.3.jar:?]
	at com.zaxxer.hikari.pool.HikariPool.checkFailFast(HikariPool.java:561) [HikariCP-4.0.3.jar:?]
	at com.zaxxer.hikari.pool.HikariPool.<init>(HikariPool.java:115) [HikariCP-4.0.3.jar:?]
	at com.zaxxer.hikari.HikariDataSource.<init>(HikariDataSource.java:81) [HikariCP-4.0.3.jar:?]
	at com.asset.ccat.ods_service.managers.DatasourceManager.createDataSource(DatasourceManager.java:145) [classes/:?]
	at com.asset.ccat.ods_service.managers.DatasourceManager.registerDSSDatasourceForEachNode(DatasourceManager.java:90) [classes/:?]
	at com.asset.ccat.ods_service.managers.DatasourceManager.refreshDataSourceNodes(DatasourceManager.java:223) [classes/:?]
	at com.asset.ccat.ods_service.managers.EngineManager.refreshLookups(EngineManager.java:44) [classes/:?]
	at jdk.internal.reflect.NativeMethodAccessorImpl.invoke0(Native Method) ~[?:?]
	at jdk.internal.reflect.NativeMethodAccessorImpl.invoke(NativeMethodAccessorImpl.java:62) ~[?:?]
	at jdk.internal.reflect.DelegatingMethodAccessorImpl.invoke(DelegatingMethodAccessorImpl.java:43) ~[?:?]
	at java.lang.reflect.Method.invoke(Method.java:566) ~[?:?]
	at org.springframework.scheduling.support.ScheduledMethodRunnable.run(ScheduledMethodRunnable.java:84) [spring-context-5.3.30.jar:5.3.30]
	at org.springframework.scheduling.support.DelegatingErrorHandlingRunnable.run(DelegatingErrorHandlingRunnable.java:54) [spring-context-5.3.30.jar:5.3.30]
	at java.util.concurrent.Executors$RunnableAdapter.call(Executors.java:515) [?:?]
	at java.util.concurrent.FutureTask.runAndReset$$$capture(FutureTask.java:305) [?:?]
	at java.util.concurrent.FutureTask.runAndReset(FutureTask.java) [?:?]
	at java.util.concurrent.ScheduledThreadPoolExecutor$ScheduledFutureTask.run(ScheduledThreadPoolExecutor.java:305) [?:?]
	at java.util.concurrent.ThreadPoolExecutor.runWorker(ThreadPoolExecutor.java:1128) [?:?]
	at java.util.concurrent.ThreadPoolExecutor$Worker.run(ThreadPoolExecutor.java:628) [?:?]
	at java.lang.Thread.run(Thread.java:834) [?:?]
Caused by: oracle.net.ns.NetException: The Network Adapter could not establish the connection
	at oracle.net.nt.ConnStrategy.execute(ConnStrategy.java:571) ~[ojdbc8-19.3.0.0.jar:19.3.0.0.0]
	at oracle.net.resolver.AddrResolution.resolveAndExecute(AddrResolution.java:548) ~[ojdbc8-19.3.0.0.jar:19.3.0.0.0]
	at oracle.net.ns.NSProtocol.establishConnection(NSProtocol.java:682) ~[ojdbc8-19.3.0.0.jar:19.3.0.0.0]
	at oracle.net.ns.NSProtocol.connect(NSProtocol.java:309) ~[ojdbc8-19.3.0.0.jar:19.3.0.0.0]
	at oracle.jdbc.driver.T4CConnection.connect(T4CConnection.java:1596) ~[ojdbc8-19.3.0.0.jar:19.3.0.0.0]
	at oracle.jdbc.driver.T4CConnection.logon(T4CConnection.java:588) ~[ojdbc8-19.3.0.0.jar:19.3.0.0.0]
	... 28 more
Caused by: java.io.IOException: Socket read interrupted, socket connect lapse 3575 ms. /10.0.20.26 1521 30000 1 true
	at oracle.net.nt.TcpNTAdapter.connect(TcpNTAdapter.java:233) ~[ojdbc8-19.3.0.0.jar:19.3.0.0.0]
	at oracle.net.nt.ConnOption.connect(ConnOption.java:174) ~[ojdbc8-19.3.0.0.jar:19.3.0.0.0]
	at oracle.net.nt.ConnStrategy.execute(ConnStrategy.java:510) ~[ojdbc8-19.3.0.0.jar:19.3.0.0.0]
	at oracle.net.resolver.AddrResolution.resolveAndExecute(AddrResolution.java:548) ~[ojdbc8-19.3.0.0.jar:19.3.0.0.0]
	at oracle.net.ns.NSProtocol.establishConnection(NSProtocol.java:682) ~[ojdbc8-19.3.0.0.jar:19.3.0.0.0]
	at oracle.net.ns.NSProtocol.connect(NSProtocol.java:309) ~[ojdbc8-19.3.0.0.jar:19.3.0.0.0]
	at oracle.jdbc.driver.T4CConnection.connect(T4CConnection.java:1596) ~[ojdbc8-19.3.0.0.jar:19.3.0.0.0]
	at oracle.jdbc.driver.T4CConnection.logon(T4CConnection.java:588) ~[ojdbc8-19.3.0.0.jar:19.3.0.0.0]
	... 28 more
Caused by: java.io.InterruptedIOException: Socket read interrupted
	at oracle.net.nt.TimeoutSocketChannel.handleInterrupt(TimeoutSocketChannel.java:258) ~[ojdbc8-19.3.0.0.jar:19.3.0.0.0]
	at oracle.net.nt.TimeoutSocketChannel.connect(TimeoutSocketChannel.java:103) ~[ojdbc8-19.3.0.0.jar:19.3.0.0.0]
	at oracle.net.nt.TimeoutSocketChannel.<init>(TimeoutSocketChannel.java:77) ~[ojdbc8-19.3.0.0.jar:19.3.0.0.0]
	at oracle.net.nt.TcpNTAdapter.connect(TcpNTAdapter.java:192) ~[ojdbc8-19.3.0.0.jar:19.3.0.0.0]
	at oracle.net.nt.ConnOption.connect(ConnOption.java:174) ~[ojdbc8-19.3.0.0.jar:19.3.0.0.0]
	at oracle.net.nt.ConnStrategy.execute(ConnStrategy.java:510) ~[ojdbc8-19.3.0.0.jar:19.3.0.0.0]
	at oracle.net.resolver.AddrResolution.resolveAndExecute(AddrResolution.java:548) ~[ojdbc8-19.3.0.0.jar:19.3.0.0.0]
	at oracle.net.ns.NSProtocol.establishConnection(NSProtocol.java:682) ~[ojdbc8-19.3.0.0.jar:19.3.0.0.0]
	at oracle.net.ns.NSProtocol.connect(NSProtocol.java:309) ~[ojdbc8-19.3.0.0.jar:19.3.0.0.0]
	at oracle.jdbc.driver.T4CConnection.connect(T4CConnection.java:1596) ~[ojdbc8-19.3.0.0.jar:19.3.0.0.0]
	at oracle.jdbc.driver.T4CConnection.logon(T4CConnection.java:588) ~[ojdbc8-19.3.0.0.jar:19.3.0.0.0]
	... 28 more
