[INFO ] 2024-11-04 12:28:37.204 [reactor-http-nio-3] [Loggers$Slf4JLogger.info] {} - | onNext(com.asset.ccat.ods_service.models.responses.BaseResponse@7ed11bd4)
[INFO ] 2024-11-04 12:28:37.245 [reactor-http-nio-3] [Loggers$Slf4JLogger.info] {} - | onComplete()
[INFO ] 2024-11-04 12:28:37.354 [scheduling-1] [LookupProxy.getTransactionTypes] {} - Error while retrieving transaction typescom.asset.ccat.ods_service.models.responses.BaseResponse@7ed11bd4
[INFO ] 2024-11-04 12:28:37.355 [scheduling-1] [EngineManager.retrieveCachedLookups] {} - ERROR while start ods-service com.asset.ccat.ods_service.exceptions.ODSException
[INFO ] 2024-11-04 12:28:37.363 [scheduling-1] [DatasourceManager.refreshDataSourceNodes] {} - start refresh dss nodes
[INFO ] 2024-11-04 12:28:37.366 [scheduling-1] [DatasourceManager.registerDSSDatasourceForEachNode] {} - Start register cached nodes of the DSS 
[INFO ] 2024-11-04 12:28:38.424 [scheduling-1] [DatasourceManager.createDataSource] {} - Couldn't create datasource due to com.zaxxer.hikari.pool.HikariPool$PoolInitializationException: Failed to initialize pool: IO Error: The Network Adapter could not establish the connection
[INFO ] 2024-11-04 12:28:38.427 [scheduling-1] [DatasourceManager.registerDSSDatasourceForEachNode] {} - Couldn't register DSS datasource due to com.asset.ccat.ods_service.exceptions.ODSException
[INFO ] 2024-11-04 12:28:38.431 [scheduling-1] [DatasourceManager.registerDSSDatasourceForEachNode] {} - End register cached nodes of the DSS 
[INFO ] 2024-11-04 12:28:38.431 [scheduling-1] [DatasourceManager.refreshDataSourceNodes] {} - start refresh flex history nodes
[INFO ] 2024-11-04 12:29:08.433 [scheduling-1] [EngineManager.retrieveCachedLookups] {} - Refresh ods-service...
[INFO ] 2024-11-04 12:29:08.433 [scheduling-1] [EngineManager.retrieveCachedLookups] {} - Start retrieve account history activities
[INFO ] 2024-11-04 12:29:08.434 [scheduling-1] [Loggers$Slf4JLogger.info] {} - | onSubscribe([Fuseable] MonoFlatMap.FlatMapMain)
[INFO ] 2024-11-04 12:29:08.434 [scheduling-1] [Loggers$Slf4JLogger.info] {} - | request(unbounded)
[INFO ] 2024-11-04 12:29:08.884 [reactor-http-nio-3] [Loggers$Slf4JLogger.info] {} - | onNext(com.asset.ccat.ods_service.models.responses.BaseResponse@143e8b28)
[INFO ] 2024-11-04 12:29:08.943 [reactor-http-nio-3] [Loggers$Slf4JLogger.info] {} - | onComplete()
[INFO ] 2024-11-04 12:29:08.943 [scheduling-1] [EngineManager.retrieveCachedLookups] {} - retrieve account history activities with size[9]
[INFO ] 2024-11-04 12:29:08.943 [scheduling-1] [EngineManager.retrieveCachedLookups] {} - Start retrieve account history activities headers
[INFO ] 2024-11-04 12:29:08.944 [scheduling-1] [Loggers$Slf4JLogger.info] {} - | onSubscribe([Fuseable] MonoFlatMap.FlatMapMain)
[INFO ] 2024-11-04 12:29:09.443 [scheduling-1] [Loggers$Slf4JLogger.info] {} - | request(unbounded)
[INFO ] 2024-11-04 12:29:09.446 [reactor-http-nio-3] [Loggers$Slf4JLogger.info] {} - | onNext(com.asset.ccat.ods_service.models.responses.BaseResponse@6307358f)
[INFO ] 2024-11-04 12:29:09.446 [reactor-http-nio-3] [Loggers$Slf4JLogger.info] {} - | onComplete()
[INFO ] 2024-11-04 12:29:09.446 [scheduling-1] [EngineManager.retrieveCachedLookups] {} - retrieve account history activities headers with size[10]
[INFO ] 2024-11-04 12:29:09.446 [scheduling-1] [EngineManager.retrieveCachedLookups] {} - Start retrieve account history activities headers mapping 
[INFO ] 2024-11-04 12:29:09.446 [scheduling-1] [Loggers$Slf4JLogger.info] {} - | onSubscribe([Fuseable] MonoFlatMap.FlatMapMain)
[INFO ] 2024-11-04 12:29:09.446 [scheduling-1] [Loggers$Slf4JLogger.info] {} - | request(unbounded)
[INFO ] 2024-11-04 12:29:09.448 [reactor-http-nio-3] [Loggers$Slf4JLogger.info] {} - | onNext(com.asset.ccat.ods_service.models.responses.BaseResponse@39b7f01c)
[INFO ] 2024-11-04 12:29:09.448 [reactor-http-nio-3] [Loggers$Slf4JLogger.info] {} - | onComplete()
[INFO ] 2024-11-04 12:29:09.448 [scheduling-1] [EngineManager.retrieveCachedLookups] {} - retrieve account history activities headers mapping with size[9]
[INFO ] 2024-11-04 12:29:09.449 [scheduling-1] [EngineManager.retrieveCachedLookups] {} - Start retrieve account history activities details mapping 
[INFO ] 2024-11-04 12:29:09.449 [scheduling-1] [Loggers$Slf4JLogger.info] {} - | onSubscribe([Fuseable] MonoFlatMap.FlatMapMain)
[INFO ] 2024-11-04 12:29:09.449 [scheduling-1] [Loggers$Slf4JLogger.info] {} - | request(unbounded)
[INFO ] 2024-11-04 12:29:09.451 [reactor-http-nio-3] [Loggers$Slf4JLogger.info] {} - | onNext(com.asset.ccat.ods_service.models.responses.BaseResponse@12904526)
[INFO ] 2024-11-04 12:29:09.451 [reactor-http-nio-3] [Loggers$Slf4JLogger.info] {} - | onComplete()
[INFO ] 2024-11-04 12:29:09.451 [scheduling-1] [EngineManager.retrieveCachedLookups] {} - retrieve account history activities details mapping with size[9]
[INFO ] 2024-11-04 12:29:09.452 [scheduling-1] [EngineManager.retrieveCachedLookups] {} - Start retrieve account flags
[INFO ] 2024-11-04 12:29:09.452 [scheduling-1] [Loggers$Slf4JLogger.info] {} - | onSubscribe([Fuseable] MonoFlatMap.FlatMapMain)
[INFO ] 2024-11-04 12:29:09.452 [scheduling-1] [Loggers$Slf4JLogger.info] {} - | request(unbounded)
[INFO ] 2024-11-04 12:29:09.454 [reactor-http-nio-3] [Loggers$Slf4JLogger.info] {} - | onNext(com.asset.ccat.ods_service.models.responses.BaseResponse@7217eb97)
[INFO ] 2024-11-04 12:29:09.455 [reactor-http-nio-3] [Loggers$Slf4JLogger.info] {} - | onComplete()
[INFO ] 2024-11-04 12:29:09.455 [scheduling-1] [EngineManager.retrieveCachedLookups] {} - retrieve account flags with size[9]
[INFO ] 2024-11-04 12:29:09.455 [scheduling-1] [EngineManager.retrieveCachedLookups] {} - Start retrieve tx types
[INFO ] 2024-11-04 12:29:09.455 [scheduling-1] [Loggers$Slf4JLogger.info] {} - | onSubscribe([Fuseable] MonoFlatMap.FlatMapMain)
[INFO ] 2024-11-04 12:29:09.455 [scheduling-1] [Loggers$Slf4JLogger.info] {} - | request(unbounded)
[INFO ] 2024-11-04 12:29:39.472 [reactor-http-nio-3] [Loggers$Slf4JLogger.info] {} - | onNext(com.asset.ccat.ods_service.models.responses.BaseResponse@2e573117)
[INFO ] 2024-11-04 12:29:39.472 [reactor-http-nio-3] [Loggers$Slf4JLogger.info] {} - | onComplete()
[INFO ] 2024-11-04 12:29:39.472 [scheduling-1] [LookupProxy.getTransactionTypes] {} - Error while retrieving transaction typescom.asset.ccat.ods_service.models.responses.BaseResponse@2e573117
[INFO ] 2024-11-04 12:29:39.472 [scheduling-1] [EngineManager.retrieveCachedLookups] {} - ERROR while start ods-service com.asset.ccat.ods_service.exceptions.ODSException
[INFO ] 2024-11-04 12:29:39.473 [scheduling-1] [DatasourceManager.refreshDataSourceNodes] {} - start refresh dss nodes
[INFO ] 2024-11-04 12:29:39.473 [scheduling-1] [DatasourceManager.registerDSSDatasourceForEachNode] {} - Start register cached nodes of the DSS 
[INFO ] 2024-11-04 12:29:40.480 [scheduling-1] [DatasourceManager.createDataSource] {} - Couldn't create datasource due to com.zaxxer.hikari.pool.HikariPool$PoolInitializationException: Failed to initialize pool: IO Error: The Network Adapter could not establish the connection
[INFO ] 2024-11-04 12:29:40.482 [scheduling-1] [DatasourceManager.registerDSSDatasourceForEachNode] {} - Couldn't register DSS datasource due to com.asset.ccat.ods_service.exceptions.ODSException
[INFO ] 2024-11-04 12:29:40.482 [scheduling-1] [DatasourceManager.registerDSSDatasourceForEachNode] {} - End register cached nodes of the DSS 
[INFO ] 2024-11-04 12:29:40.482 [scheduling-1] [DatasourceManager.refreshDataSourceNodes] {} - start refresh flex history nodes
[INFO ] 2024-11-04 12:30:10.485 [scheduling-1] [EngineManager.retrieveCachedLookups] {} - Refresh ods-service...
[INFO ] 2024-11-04 12:30:10.485 [scheduling-1] [EngineManager.retrieveCachedLookups] {} - Start retrieve account history activities
[INFO ] 2024-11-04 12:30:10.485 [scheduling-1] [Loggers$Slf4JLogger.info] {} - | onSubscribe([Fuseable] MonoFlatMap.FlatMapMain)
[INFO ] 2024-11-04 12:30:10.485 [scheduling-1] [Loggers$Slf4JLogger.info] {} - | request(unbounded)
[INFO ] 2024-11-04 12:30:10.489 [reactor-http-nio-3] [Loggers$Slf4JLogger.info] {} - | onNext(com.asset.ccat.ods_service.models.responses.BaseResponse@3e7ef88e)
[INFO ] 2024-11-04 12:30:10.490 [reactor-http-nio-3] [Loggers$Slf4JLogger.info] {} - | onComplete()
[INFO ] 2024-11-04 12:30:10.490 [scheduling-1] [EngineManager.retrieveCachedLookups] {} - retrieve account history activities with size[9]
[INFO ] 2024-11-04 12:30:10.490 [scheduling-1] [EngineManager.retrieveCachedLookups] {} - Start retrieve account history activities headers
[INFO ] 2024-11-04 12:30:10.490 [scheduling-1] [Loggers$Slf4JLogger.info] {} - | onSubscribe([Fuseable] MonoFlatMap.FlatMapMain)
[INFO ] 2024-11-04 12:30:10.490 [scheduling-1] [Loggers$Slf4JLogger.info] {} - | request(unbounded)
[INFO ] 2024-11-04 12:30:10.493 [reactor-http-nio-3] [Loggers$Slf4JLogger.info] {} - | onNext(com.asset.ccat.ods_service.models.responses.BaseResponse@7378f785)
[INFO ] 2024-11-04 12:30:10.493 [reactor-http-nio-3] [Loggers$Slf4JLogger.info] {} - | onComplete()
[INFO ] 2024-11-04 12:30:10.493 [scheduling-1] [EngineManager.retrieveCachedLookups] {} - retrieve account history activities headers with size[10]
[INFO ] 2024-11-04 12:30:10.493 [scheduling-1] [EngineManager.retrieveCachedLookups] {} - Start retrieve account history activities headers mapping 
[INFO ] 2024-11-04 12:30:10.494 [scheduling-1] [Loggers$Slf4JLogger.info] {} - | onSubscribe([Fuseable] MonoFlatMap.FlatMapMain)
[INFO ] 2024-11-04 12:30:10.494 [scheduling-1] [Loggers$Slf4JLogger.info] {} - | request(unbounded)
[INFO ] 2024-11-04 12:30:10.497 [reactor-http-nio-3] [Loggers$Slf4JLogger.info] {} - | onNext(com.asset.ccat.ods_service.models.responses.BaseResponse@6b9ebc56)
[INFO ] 2024-11-04 12:30:10.498 [reactor-http-nio-3] [Loggers$Slf4JLogger.info] {} - | onComplete()
[INFO ] 2024-11-04 12:30:10.498 [scheduling-1] [EngineManager.retrieveCachedLookups] {} - retrieve account history activities headers mapping with size[9]
[INFO ] 2024-11-04 12:30:10.498 [scheduling-1] [EngineManager.retrieveCachedLookups] {} - Start retrieve account history activities details mapping 
[INFO ] 2024-11-04 12:30:10.498 [scheduling-1] [Loggers$Slf4JLogger.info] {} - | onSubscribe([Fuseable] MonoFlatMap.FlatMapMain)
[INFO ] 2024-11-04 12:30:10.498 [scheduling-1] [Loggers$Slf4JLogger.info] {} - | request(unbounded)
[INFO ] 2024-11-04 12:30:10.502 [reactor-http-nio-3] [Loggers$Slf4JLogger.info] {} - | onNext(com.asset.ccat.ods_service.models.responses.BaseResponse@7cd6f7bb)
[INFO ] 2024-11-04 12:30:10.502 [reactor-http-nio-3] [Loggers$Slf4JLogger.info] {} - | onComplete()
[INFO ] 2024-11-04 12:30:10.503 [scheduling-1] [EngineManager.retrieveCachedLookups] {} - retrieve account history activities details mapping with size[9]
[INFO ] 2024-11-04 12:30:10.503 [scheduling-1] [EngineManager.retrieveCachedLookups] {} - Start retrieve account flags
[INFO ] 2024-11-04 12:30:10.503 [scheduling-1] [Loggers$Slf4JLogger.info] {} - | onSubscribe([Fuseable] MonoFlatMap.FlatMapMain)
[INFO ] 2024-11-04 12:30:10.503 [scheduling-1] [Loggers$Slf4JLogger.info] {} - | request(unbounded)
[INFO ] 2024-11-04 12:30:10.507 [reactor-http-nio-3] [Loggers$Slf4JLogger.info] {} - | onNext(com.asset.ccat.ods_service.models.responses.BaseResponse@3525ca27)
[INFO ] 2024-11-04 12:30:10.508 [reactor-http-nio-3] [Loggers$Slf4JLogger.info] {} - | onComplete()
[INFO ] 2024-11-04 12:30:10.508 [scheduling-1] [EngineManager.retrieveCachedLookups] {} - retrieve account flags with size[9]
[INFO ] 2024-11-04 12:30:10.508 [scheduling-1] [EngineManager.retrieveCachedLookups] {} - Start retrieve tx types
[INFO ] 2024-11-04 12:30:10.509 [scheduling-1] [Loggers$Slf4JLogger.info] {} - | onSubscribe([Fuseable] MonoFlatMap.FlatMapMain)
[INFO ] 2024-11-04 12:30:10.509 [scheduling-1] [Loggers$Slf4JLogger.info] {} - | request(unbounded)
[INFO ] 2024-11-04 12:30:40.544 [reactor-http-nio-3] [Loggers$Slf4JLogger.info] {} - | onNext(com.asset.ccat.ods_service.models.responses.BaseResponse@1fb7a7b9)
[INFO ] 2024-11-04 12:30:40.544 [reactor-http-nio-3] [Loggers$Slf4JLogger.info] {} - | onComplete()
[INFO ] 2024-11-04 12:30:40.545 [scheduling-1] [LookupProxy.getTransactionTypes] {} - Error while retrieving transaction typescom.asset.ccat.ods_service.models.responses.BaseResponse@1fb7a7b9
[INFO ] 2024-11-04 12:30:40.545 [scheduling-1] [EngineManager.retrieveCachedLookups] {} - ERROR while start ods-service com.asset.ccat.ods_service.exceptions.ODSException
[INFO ] 2024-11-04 12:30:40.545 [scheduling-1] [DatasourceManager.refreshDataSourceNodes] {} - start refresh dss nodes
[INFO ] 2024-11-04 12:30:40.545 [scheduling-1] [DatasourceManager.registerDSSDatasourceForEachNode] {} - Start register cached nodes of the DSS 
[INFO ] 2024-11-04 12:30:44.680 [scheduling-1] [DatasourceManager.createDataSource] {} - Couldn't create datasource due to com.zaxxer.hikari.pool.HikariPool$PoolInitializationException: Failed to initialize pool: IO Error: An existing connection was forcibly closed by the remote host, Authentication lapse 0 ms.
[INFO ] 2024-11-04 12:30:44.682 [scheduling-1] [DatasourceManager.registerDSSDatasourceForEachNode] {} - Couldn't register DSS datasource due to com.asset.ccat.ods_service.exceptions.ODSException
[INFO ] 2024-11-04 12:30:44.683 [scheduling-1] [DatasourceManager.registerDSSDatasourceForEachNode] {} - End register cached nodes of the DSS 
[INFO ] 2024-11-04 12:30:44.683 [scheduling-1] [DatasourceManager.refreshDataSourceNodes] {} - start refresh flex history nodes
[INFO ] 2024-11-04 12:31:14.697 [scheduling-1] [EngineManager.retrieveCachedLookups] {} - Refresh ods-service...
[INFO ] 2024-11-04 12:31:14.697 [scheduling-1] [EngineManager.retrieveCachedLookups] {} - Start retrieve account history activities
[INFO ] 2024-11-04 12:31:14.698 [scheduling-1] [Loggers$Slf4JLogger.info] {} - | onSubscribe([Fuseable] MonoFlatMap.FlatMapMain)
[INFO ] 2024-11-04 12:31:14.698 [scheduling-1] [Loggers$Slf4JLogger.info] {} - | request(unbounded)
[INFO ] 2024-11-04 12:31:14.702 [reactor-http-nio-3] [Loggers$Slf4JLogger.info] {} - | onNext(com.asset.ccat.ods_service.models.responses.BaseResponse@5417e0db)
[INFO ] 2024-11-04 12:31:14.702 [reactor-http-nio-3] [Loggers$Slf4JLogger.info] {} - | onComplete()
[INFO ] 2024-11-04 12:31:14.702 [scheduling-1] [EngineManager.retrieveCachedLookups] {} - retrieve account history activities with size[9]
[INFO ] 2024-11-04 12:31:14.702 [scheduling-1] [EngineManager.retrieveCachedLookups] {} - Start retrieve account history activities headers
[INFO ] 2024-11-04 12:31:14.703 [scheduling-1] [Loggers$Slf4JLogger.info] {} - | onSubscribe([Fuseable] MonoFlatMap.FlatMapMain)
[INFO ] 2024-11-04 12:31:14.703 [scheduling-1] [Loggers$Slf4JLogger.info] {} - | request(unbounded)
[INFO ] 2024-11-04 12:31:14.706 [reactor-http-nio-3] [Loggers$Slf4JLogger.info] {} - | onNext(com.asset.ccat.ods_service.models.responses.BaseResponse@4f787c8c)
[INFO ] 2024-11-04 12:31:14.707 [reactor-http-nio-3] [Loggers$Slf4JLogger.info] {} - | onComplete()
[INFO ] 2024-11-04 12:31:14.707 [scheduling-1] [EngineManager.retrieveCachedLookups] {} - retrieve account history activities headers with size[10]
[INFO ] 2024-11-04 12:31:14.707 [scheduling-1] [EngineManager.retrieveCachedLookups] {} - Start retrieve account history activities headers mapping 
[INFO ] 2024-11-04 12:31:14.707 [scheduling-1] [Loggers$Slf4JLogger.info] {} - | onSubscribe([Fuseable] MonoFlatMap.FlatMapMain)
[INFO ] 2024-11-04 12:31:14.708 [scheduling-1] [Loggers$Slf4JLogger.info] {} - | request(unbounded)
[INFO ] 2024-11-04 12:31:14.713 [reactor-http-nio-3] [Loggers$Slf4JLogger.info] {} - | onNext(com.asset.ccat.ods_service.models.responses.BaseResponse@60bc11a5)
[INFO ] 2024-11-04 12:31:14.713 [reactor-http-nio-3] [Loggers$Slf4JLogger.info] {} - | onComplete()
[INFO ] 2024-11-04 12:31:14.713 [scheduling-1] [EngineManager.retrieveCachedLookups] {} - retrieve account history activities headers mapping with size[9]
[INFO ] 2024-11-04 12:31:14.713 [scheduling-1] [EngineManager.retrieveCachedLookups] {} - Start retrieve account history activities details mapping 
[INFO ] 2024-11-04 12:31:14.714 [scheduling-1] [Loggers$Slf4JLogger.info] {} - | onSubscribe([Fuseable] MonoFlatMap.FlatMapMain)
[INFO ] 2024-11-04 12:31:14.714 [scheduling-1] [Loggers$Slf4JLogger.info] {} - | request(unbounded)
[INFO ] 2024-11-04 12:31:14.718 [reactor-http-nio-3] [Loggers$Slf4JLogger.info] {} - | onNext(com.asset.ccat.ods_service.models.responses.BaseResponse@4294f864)
[INFO ] 2024-11-04 12:31:14.719 [reactor-http-nio-3] [Loggers$Slf4JLogger.info] {} - | onComplete()
[INFO ] 2024-11-04 12:31:14.719 [scheduling-1] [EngineManager.retrieveCachedLookups] {} - retrieve account history activities details mapping with size[9]
[INFO ] 2024-11-04 12:31:14.719 [scheduling-1] [EngineManager.retrieveCachedLookups] {} - Start retrieve account flags
[INFO ] 2024-11-04 12:31:14.719 [scheduling-1] [Loggers$Slf4JLogger.info] {} - | onSubscribe([Fuseable] MonoFlatMap.FlatMapMain)
[INFO ] 2024-11-04 12:31:14.720 [scheduling-1] [Loggers$Slf4JLogger.info] {} - | request(unbounded)
[INFO ] 2024-11-04 12:31:14.722 [reactor-http-nio-3] [Loggers$Slf4JLogger.info] {} - | onNext(com.asset.ccat.ods_service.models.responses.BaseResponse@29eec9d5)
[INFO ] 2024-11-04 12:31:14.723 [reactor-http-nio-3] [Loggers$Slf4JLogger.info] {} - | onComplete()
[INFO ] 2024-11-04 12:31:14.723 [scheduling-1] [EngineManager.retrieveCachedLookups] {} - retrieve account flags with size[9]
[INFO ] 2024-11-04 12:31:14.723 [scheduling-1] [EngineManager.retrieveCachedLookups] {} - Start retrieve tx types
[INFO ] 2024-11-04 12:31:14.723 [scheduling-1] [Loggers$Slf4JLogger.info] {} - | onSubscribe([Fuseable] MonoFlatMap.FlatMapMain)
[INFO ] 2024-11-04 12:31:14.723 [scheduling-1] [Loggers$Slf4JLogger.info] {} - | request(unbounded)
[INFO ] 2024-11-04 12:31:44.756 [reactor-http-nio-3] [Loggers$Slf4JLogger.info] {} - | onNext(com.asset.ccat.ods_service.models.responses.BaseResponse@25cf404b)
[INFO ] 2024-11-04 12:31:44.756 [reactor-http-nio-3] [Loggers$Slf4JLogger.info] {} - | onComplete()
[INFO ] 2024-11-04 12:31:44.756 [scheduling-1] [LookupProxy.getTransactionTypes] {} - Error while retrieving transaction typescom.asset.ccat.ods_service.models.responses.BaseResponse@25cf404b
[INFO ] 2024-11-04 12:31:44.756 [scheduling-1] [EngineManager.retrieveCachedLookups] {} - ERROR while start ods-service com.asset.ccat.ods_service.exceptions.ODSException
[INFO ] 2024-11-04 12:31:44.756 [scheduling-1] [DatasourceManager.refreshDataSourceNodes] {} - start refresh dss nodes
[INFO ] 2024-11-04 12:31:44.756 [scheduling-1] [DatasourceManager.registerDSSDatasourceForEachNode] {} - Start register cached nodes of the DSS 
[INFO ] 2024-11-04 12:31:48.934 [scheduling-1] [DatasourceManager.createDataSource] {} - Couldn't create datasource due to com.zaxxer.hikari.pool.HikariPool$PoolInitializationException: Failed to initialize pool: IO Error: An existing connection was forcibly closed by the remote host, Authentication lapse 0 ms.
[INFO ] 2024-11-04 12:31:48.935 [scheduling-1] [DatasourceManager.registerDSSDatasourceForEachNode] {} - Couldn't register DSS datasource due to com.asset.ccat.ods_service.exceptions.ODSException
[INFO ] 2024-11-04 12:31:48.936 [scheduling-1] [DatasourceManager.registerDSSDatasourceForEachNode] {} - End register cached nodes of the DSS 
[INFO ] 2024-11-04 12:31:48.936 [scheduling-1] [DatasourceManager.refreshDataSourceNodes] {} - start refresh flex history nodes
[INFO ] 2024-11-04 12:32:18.938 [scheduling-1] [EngineManager.retrieveCachedLookups] {} - Refresh ods-service...
[INFO ] 2024-11-04 12:32:18.938 [scheduling-1] [EngineManager.retrieveCachedLookups] {} - Start retrieve account history activities
[INFO ] 2024-11-04 12:32:18.939 [scheduling-1] [Loggers$Slf4JLogger.info] {} - | onSubscribe([Fuseable] MonoFlatMap.FlatMapMain)
[INFO ] 2024-11-04 12:32:18.939 [scheduling-1] [Loggers$Slf4JLogger.info] {} - | request(unbounded)
[INFO ] 2024-11-04 12:32:18.944 [reactor-http-nio-3] [Loggers$Slf4JLogger.info] {} - | onNext(com.asset.ccat.ods_service.models.responses.BaseResponse@40fdcb4e)
[INFO ] 2024-11-04 12:32:18.945 [reactor-http-nio-3] [Loggers$Slf4JLogger.info] {} - | onComplete()
[INFO ] 2024-11-04 12:32:18.945 [scheduling-1] [EngineManager.retrieveCachedLookups] {} - retrieve account history activities with size[9]
[INFO ] 2024-11-04 12:32:18.945 [scheduling-1] [EngineManager.retrieveCachedLookups] {} - Start retrieve account history activities headers
[INFO ] 2024-11-04 12:32:18.945 [scheduling-1] [Loggers$Slf4JLogger.info] {} - | onSubscribe([Fuseable] MonoFlatMap.FlatMapMain)
[INFO ] 2024-11-04 12:32:18.946 [scheduling-1] [Loggers$Slf4JLogger.info] {} - | request(unbounded)
[INFO ] 2024-11-04 12:32:18.950 [reactor-http-nio-3] [Loggers$Slf4JLogger.info] {} - | onNext(com.asset.ccat.ods_service.models.responses.BaseResponse@1f8202e5)
[INFO ] 2024-11-04 12:32:18.950 [reactor-http-nio-3] [Loggers$Slf4JLogger.info] {} - | onComplete()
[INFO ] 2024-11-04 12:32:18.950 [scheduling-1] [EngineManager.retrieveCachedLookups] {} - retrieve account history activities headers with size[10]
[INFO ] 2024-11-04 12:32:18.950 [scheduling-1] [EngineManager.retrieveCachedLookups] {} - Start retrieve account history activities headers mapping 
[INFO ] 2024-11-04 12:32:18.951 [scheduling-1] [Loggers$Slf4JLogger.info] {} - | onSubscribe([Fuseable] MonoFlatMap.FlatMapMain)
[INFO ] 2024-11-04 12:32:18.951 [scheduling-1] [Loggers$Slf4JLogger.info] {} - | request(unbounded)
[INFO ] 2024-11-04 12:32:18.955 [reactor-http-nio-3] [Loggers$Slf4JLogger.info] {} - | onNext(com.asset.ccat.ods_service.models.responses.BaseResponse@484810f1)
[INFO ] 2024-11-04 12:32:18.956 [scheduling-1] [EngineManager.retrieveCachedLookups] {} - retrieve account history activities headers mapping with size[9]
[INFO ] 2024-11-04 12:32:18.956 [reactor-http-nio-3] [Loggers$Slf4JLogger.info] {} - | onComplete()
[INFO ] 2024-11-04 12:32:18.956 [scheduling-1] [EngineManager.retrieveCachedLookups] {} - Start retrieve account history activities details mapping 
[INFO ] 2024-11-04 12:32:18.956 [scheduling-1] [Loggers$Slf4JLogger.info] {} - | onSubscribe([Fuseable] MonoFlatMap.FlatMapMain)
[INFO ] 2024-11-04 12:32:18.956 [scheduling-1] [Loggers$Slf4JLogger.info] {} - | request(unbounded)
[INFO ] 2024-11-04 12:32:18.961 [reactor-http-nio-3] [Loggers$Slf4JLogger.info] {} - | onNext(com.asset.ccat.ods_service.models.responses.BaseResponse@17dadcab)
[INFO ] 2024-11-04 12:32:18.962 [reactor-http-nio-3] [Loggers$Slf4JLogger.info] {} - | onComplete()
[INFO ] 2024-11-04 12:32:18.962 [scheduling-1] [EngineManager.retrieveCachedLookups] {} - retrieve account history activities details mapping with size[9]
[INFO ] 2024-11-04 12:32:18.962 [scheduling-1] [EngineManager.retrieveCachedLookups] {} - Start retrieve account flags
[INFO ] 2024-11-04 12:32:18.963 [scheduling-1] [Loggers$Slf4JLogger.info] {} - | onSubscribe([Fuseable] MonoFlatMap.FlatMapMain)
[INFO ] 2024-11-04 12:32:18.963 [scheduling-1] [Loggers$Slf4JLogger.info] {} - | request(unbounded)
[INFO ] 2024-11-04 12:32:18.966 [reactor-http-nio-3] [Loggers$Slf4JLogger.info] {} - | onNext(com.asset.ccat.ods_service.models.responses.BaseResponse@39d3d2a5)
[INFO ] 2024-11-04 12:32:18.967 [reactor-http-nio-3] [Loggers$Slf4JLogger.info] {} - | onComplete()
[INFO ] 2024-11-04 12:32:18.967 [scheduling-1] [EngineManager.retrieveCachedLookups] {} - retrieve account flags with size[9]
[INFO ] 2024-11-04 12:32:18.967 [scheduling-1] [EngineManager.retrieveCachedLookups] {} - Start retrieve tx types
[INFO ] 2024-11-04 12:32:18.967 [scheduling-1] [Loggers$Slf4JLogger.info] {} - | onSubscribe([Fuseable] MonoFlatMap.FlatMapMain)
[INFO ] 2024-11-04 12:32:18.968 [scheduling-1] [Loggers$Slf4JLogger.info] {} - | request(unbounded)
[INFO ] 2024-11-04 12:32:49.185 [reactor-http-nio-3] [Loggers$Slf4JLogger.info] {} - | onNext(com.asset.ccat.ods_service.models.responses.BaseResponse@3e8e2be0)
[INFO ] 2024-11-04 12:32:49.185 [reactor-http-nio-3] [Loggers$Slf4JLogger.info] {} - | onComplete()
[INFO ] 2024-11-04 12:32:49.185 [scheduling-1] [LookupProxy.getTransactionTypes] {} - Error while retrieving transaction typescom.asset.ccat.ods_service.models.responses.BaseResponse@3e8e2be0
[INFO ] 2024-11-04 12:32:49.185 [scheduling-1] [EngineManager.retrieveCachedLookups] {} - ERROR while start ods-service com.asset.ccat.ods_service.exceptions.ODSException
[INFO ] 2024-11-04 12:32:49.186 [scheduling-1] [DatasourceManager.refreshDataSourceNodes] {} - start refresh dss nodes
[INFO ] 2024-11-04 12:32:49.186 [scheduling-1] [DatasourceManager.registerDSSDatasourceForEachNode] {} - Start register cached nodes of the DSS 
[INFO ] 2024-11-04 12:32:53.270 [scheduling-1] [DatasourceManager.createDataSource] {} - Couldn't create datasource due to com.zaxxer.hikari.pool.HikariPool$PoolInitializationException: Failed to initialize pool: IO Error: An existing connection was forcibly closed by the remote host, Authentication lapse 0 ms.
[INFO ] 2024-11-04 12:32:53.271 [scheduling-1] [DatasourceManager.registerDSSDatasourceForEachNode] {} - Couldn't register DSS datasource due to com.asset.ccat.ods_service.exceptions.ODSException
[INFO ] 2024-11-04 12:32:53.272 [scheduling-1] [DatasourceManager.registerDSSDatasourceForEachNode] {} - End register cached nodes of the DSS 
[INFO ] 2024-11-04 12:32:53.272 [scheduling-1] [DatasourceManager.refreshDataSourceNodes] {} - start refresh flex history nodes
[INFO ] 2024-11-04 12:33:23.274 [scheduling-1] [EngineManager.retrieveCachedLookups] {} - Refresh ods-service...
[INFO ] 2024-11-04 12:33:23.274 [scheduling-1] [EngineManager.retrieveCachedLookups] {} - Start retrieve account history activities
[INFO ] 2024-11-04 12:33:23.275 [scheduling-1] [Loggers$Slf4JLogger.info] {} - | onSubscribe([Fuseable] MonoFlatMap.FlatMapMain)
[INFO ] 2024-11-04 12:33:23.276 [scheduling-1] [Loggers$Slf4JLogger.info] {} - | request(unbounded)
[INFO ] 2024-11-04 12:33:23.280 [reactor-http-nio-3] [Loggers$Slf4JLogger.info] {} - | onNext(com.asset.ccat.ods_service.models.responses.BaseResponse@7ff0971e)
[INFO ] 2024-11-04 12:33:23.280 [reactor-http-nio-3] [Loggers$Slf4JLogger.info] {} - | onComplete()
[INFO ] 2024-11-04 12:33:23.280 [scheduling-1] [EngineManager.retrieveCachedLookups] {} - retrieve account history activities with size[9]
[INFO ] 2024-11-04 12:33:23.280 [scheduling-1] [EngineManager.retrieveCachedLookups] {} - Start retrieve account history activities headers
[INFO ] 2024-11-04 12:33:23.280 [scheduling-1] [Loggers$Slf4JLogger.info] {} - | onSubscribe([Fuseable] MonoFlatMap.FlatMapMain)
[INFO ] 2024-11-04 12:33:23.280 [scheduling-1] [Loggers$Slf4JLogger.info] {} - | request(unbounded)
[INFO ] 2024-11-04 12:33:23.284 [reactor-http-nio-3] [Loggers$Slf4JLogger.info] {} - | onNext(com.asset.ccat.ods_service.models.responses.BaseResponse@581124bf)
[INFO ] 2024-11-04 12:33:23.284 [reactor-http-nio-3] [Loggers$Slf4JLogger.info] {} - | onComplete()
[INFO ] 2024-11-04 12:33:23.284 [scheduling-1] [EngineManager.retrieveCachedLookups] {} - retrieve account history activities headers with size[10]
[INFO ] 2024-11-04 12:33:23.284 [scheduling-1] [EngineManager.retrieveCachedLookups] {} - Start retrieve account history activities headers mapping 
[INFO ] 2024-11-04 12:33:23.285 [scheduling-1] [Loggers$Slf4JLogger.info] {} - | onSubscribe([Fuseable] MonoFlatMap.FlatMapMain)
[INFO ] 2024-11-04 12:33:23.285 [scheduling-1] [Loggers$Slf4JLogger.info] {} - | request(unbounded)
[INFO ] 2024-11-04 12:33:23.288 [reactor-http-nio-3] [Loggers$Slf4JLogger.info] {} - | onNext(com.asset.ccat.ods_service.models.responses.BaseResponse@25774e07)
[INFO ] 2024-11-04 12:33:23.288 [reactor-http-nio-3] [Loggers$Slf4JLogger.info] {} - | onComplete()
[INFO ] 2024-11-04 12:33:23.288 [scheduling-1] [EngineManager.retrieveCachedLookups] {} - retrieve account history activities headers mapping with size[9]
[INFO ] 2024-11-04 12:33:23.288 [scheduling-1] [EngineManager.retrieveCachedLookups] {} - Start retrieve account history activities details mapping 
[INFO ] 2024-11-04 12:33:23.289 [scheduling-1] [Loggers$Slf4JLogger.info] {} - | onSubscribe([Fuseable] MonoFlatMap.FlatMapMain)
[INFO ] 2024-11-04 12:33:23.289 [scheduling-1] [Loggers$Slf4JLogger.info] {} - | request(unbounded)
[INFO ] 2024-11-04 12:33:23.293 [reactor-http-nio-3] [Loggers$Slf4JLogger.info] {} - | onNext(com.asset.ccat.ods_service.models.responses.BaseResponse@6ae9b062)
[INFO ] 2024-11-04 12:33:23.293 [reactor-http-nio-3] [Loggers$Slf4JLogger.info] {} - | onComplete()
[INFO ] 2024-11-04 12:33:23.293 [scheduling-1] [EngineManager.retrieveCachedLookups] {} - retrieve account history activities details mapping with size[9]
[INFO ] 2024-11-04 12:33:23.293 [scheduling-1] [EngineManager.retrieveCachedLookups] {} - Start retrieve account flags
[INFO ] 2024-11-04 12:33:23.294 [scheduling-1] [Loggers$Slf4JLogger.info] {} - | onSubscribe([Fuseable] MonoFlatMap.FlatMapMain)
[INFO ] 2024-11-04 12:33:23.294 [scheduling-1] [Loggers$Slf4JLogger.info] {} - | request(unbounded)
[INFO ] 2024-11-04 12:33:23.297 [reactor-http-nio-3] [Loggers$Slf4JLogger.info] {} - | onNext(com.asset.ccat.ods_service.models.responses.BaseResponse@115a9246)
[INFO ] 2024-11-04 12:33:23.297 [reactor-http-nio-3] [Loggers$Slf4JLogger.info] {} - | onComplete()
[INFO ] 2024-11-04 12:33:23.297 [scheduling-1] [EngineManager.retrieveCachedLookups] {} - retrieve account flags with size[9]
[INFO ] 2024-11-04 12:33:23.297 [scheduling-1] [EngineManager.retrieveCachedLookups] {} - Start retrieve tx types
[INFO ] 2024-11-04 12:33:23.298 [scheduling-1] [Loggers$Slf4JLogger.info] {} - | onSubscribe([Fuseable] MonoFlatMap.FlatMapMain)
[INFO ] 2024-11-04 12:33:23.298 [scheduling-1] [Loggers$Slf4JLogger.info] {} - | request(unbounded)
[INFO ] 2024-11-04 12:33:53.330 [reactor-http-nio-3] [Loggers$Slf4JLogger.info] {} - | onNext(com.asset.ccat.ods_service.models.responses.BaseResponse@5fa70178)
[INFO ] 2024-11-04 12:33:53.330 [reactor-http-nio-3] [Loggers$Slf4JLogger.info] {} - | onComplete()
[INFO ] 2024-11-04 12:33:53.330 [scheduling-1] [LookupProxy.getTransactionTypes] {} - Error while retrieving transaction typescom.asset.ccat.ods_service.models.responses.BaseResponse@5fa70178
[INFO ] 2024-11-04 12:33:53.331 [scheduling-1] [EngineManager.retrieveCachedLookups] {} - ERROR while start ods-service com.asset.ccat.ods_service.exceptions.ODSException
[INFO ] 2024-11-04 12:33:53.331 [scheduling-1] [DatasourceManager.refreshDataSourceNodes] {} - start refresh dss nodes
[INFO ] 2024-11-04 12:33:53.331 [scheduling-1] [DatasourceManager.registerDSSDatasourceForEachNode] {} - Start register cached nodes of the DSS 
[INFO ] 2024-11-04 12:34:15.462 [scheduling-1] [DatasourceManager.createDataSource] {} - Couldn't create datasource due to com.zaxxer.hikari.pool.HikariPool$PoolInitializationException: Failed to initialize pool: IO Error: The Network Adapter could not establish the connection
[INFO ] 2024-11-04 12:34:15.463 [scheduling-1] [DatasourceManager.registerDSSDatasourceForEachNode] {} - Couldn't register DSS datasource due to com.asset.ccat.ods_service.exceptions.ODSException
[INFO ] 2024-11-04 12:34:15.464 [scheduling-1] [DatasourceManager.registerDSSDatasourceForEachNode] {} - End register cached nodes of the DSS 
[INFO ] 2024-11-04 12:34:15.465 [scheduling-1] [DatasourceManager.refreshDataSourceNodes] {} - start refresh flex history nodes
[INFO ] 2024-11-04 12:34:45.478 [scheduling-1] [EngineManager.retrieveCachedLookups] {} - Refresh ods-service...
[INFO ] 2024-11-04 12:34:45.478 [scheduling-1] [EngineManager.retrieveCachedLookups] {} - Start retrieve account history activities
[INFO ] 2024-11-04 12:34:45.479 [scheduling-1] [Loggers$Slf4JLogger.info] {} - | onSubscribe([Fuseable] MonoFlatMap.FlatMapMain)
[INFO ] 2024-11-04 12:34:45.480 [scheduling-1] [Loggers$Slf4JLogger.info] {} - | request(unbounded)
[INFO ] 2024-11-04 12:34:45.484 [reactor-http-nio-3] [Loggers$Slf4JLogger.info] {} - | onNext(com.asset.ccat.ods_service.models.responses.BaseResponse@78eac04e)
[INFO ] 2024-11-04 12:34:45.484 [reactor-http-nio-3] [Loggers$Slf4JLogger.info] {} - | onComplete()
[INFO ] 2024-11-04 12:34:45.484 [scheduling-1] [EngineManager.retrieveCachedLookups] {} - retrieve account history activities with size[9]
[INFO ] 2024-11-04 12:34:45.484 [scheduling-1] [EngineManager.retrieveCachedLookups] {} - Start retrieve account history activities headers
[INFO ] 2024-11-04 12:34:45.485 [scheduling-1] [Loggers$Slf4JLogger.info] {} - | onSubscribe([Fuseable] MonoFlatMap.FlatMapMain)
[INFO ] 2024-11-04 12:34:45.485 [scheduling-1] [Loggers$Slf4JLogger.info] {} - | request(unbounded)
[INFO ] 2024-11-04 12:34:45.488 [reactor-http-nio-3] [Loggers$Slf4JLogger.info] {} - | onNext(com.asset.ccat.ods_service.models.responses.BaseResponse@3d67a5b7)
[INFO ] 2024-11-04 12:34:45.488 [reactor-http-nio-3] [Loggers$Slf4JLogger.info] {} - | onComplete()
[INFO ] 2024-11-04 12:34:45.488 [scheduling-1] [EngineManager.retrieveCachedLookups] {} - retrieve account history activities headers with size[10]
[INFO ] 2024-11-04 12:34:45.488 [scheduling-1] [EngineManager.retrieveCachedLookups] {} - Start retrieve account history activities headers mapping 
[INFO ] 2024-11-04 12:34:45.489 [scheduling-1] [Loggers$Slf4JLogger.info] {} - | onSubscribe([Fuseable] MonoFlatMap.FlatMapMain)
[INFO ] 2024-11-04 12:34:45.489 [scheduling-1] [Loggers$Slf4JLogger.info] {} - | request(unbounded)
[INFO ] 2024-11-04 12:34:45.492 [reactor-http-nio-3] [Loggers$Slf4JLogger.info] {} - | onNext(com.asset.ccat.ods_service.models.responses.BaseResponse@623c50d)
[INFO ] 2024-11-04 12:34:45.493 [scheduling-1] [EngineManager.retrieveCachedLookups] {} - retrieve account history activities headers mapping with size[9]
[INFO ] 2024-11-04 12:34:45.493 [reactor-http-nio-3] [Loggers$Slf4JLogger.info] {} - | onComplete()
[INFO ] 2024-11-04 12:34:45.493 [scheduling-1] [EngineManager.retrieveCachedLookups] {} - Start retrieve account history activities details mapping 
[INFO ] 2024-11-04 12:34:45.494 [scheduling-1] [Loggers$Slf4JLogger.info] {} - | onSubscribe([Fuseable] MonoFlatMap.FlatMapMain)
[INFO ] 2024-11-04 12:34:45.494 [scheduling-1] [Loggers$Slf4JLogger.info] {} - | request(unbounded)
[INFO ] 2024-11-04 12:34:45.503 [reactor-http-nio-4] [Loggers$Slf4JLogger.info] {} - | onNext(com.asset.ccat.ods_service.models.responses.BaseResponse@ccb42e4)
[INFO ] 2024-11-04 12:34:45.503 [reactor-http-nio-4] [Loggers$Slf4JLogger.info] {} - | onComplete()
[INFO ] 2024-11-04 12:34:45.503 [scheduling-1] [EngineManager.retrieveCachedLookups] {} - retrieve account history activities details mapping with size[9]
[INFO ] 2024-11-04 12:34:45.503 [scheduling-1] [EngineManager.retrieveCachedLookups] {} - Start retrieve account flags
[INFO ] 2024-11-04 12:34:45.503 [scheduling-1] [Loggers$Slf4JLogger.info] {} - | onSubscribe([Fuseable] MonoFlatMap.FlatMapMain)
[INFO ] 2024-11-04 12:34:45.504 [scheduling-1] [Loggers$Slf4JLogger.info] {} - | request(unbounded)
[INFO ] 2024-11-04 12:34:45.507 [reactor-http-nio-4] [Loggers$Slf4JLogger.info] {} - | onNext(com.asset.ccat.ods_service.models.responses.BaseResponse@45c2182)
[INFO ] 2024-11-04 12:34:45.508 [reactor-http-nio-4] [Loggers$Slf4JLogger.info] {} - | onComplete()
[INFO ] 2024-11-04 12:34:45.508 [scheduling-1] [EngineManager.retrieveCachedLookups] {} - retrieve account flags with size[9]
[INFO ] 2024-11-04 12:34:45.508 [scheduling-1] [EngineManager.retrieveCachedLookups] {} - Start retrieve tx types
[INFO ] 2024-11-04 12:34:45.509 [scheduling-1] [Loggers$Slf4JLogger.info] {} - | onSubscribe([Fuseable] MonoFlatMap.FlatMapMain)
[INFO ] 2024-11-04 12:34:45.509 [scheduling-1] [Loggers$Slf4JLogger.info] {} - | request(unbounded)
[INFO ] 2024-11-04 12:35:15.529 [reactor-http-nio-4] [Loggers$Slf4JLogger.info] {} - | onNext(com.asset.ccat.ods_service.models.responses.BaseResponse@e2f6e2b)
[INFO ] 2024-11-04 12:35:15.529 [reactor-http-nio-4] [Loggers$Slf4JLogger.info] {} - | onComplete()
[INFO ] 2024-11-04 12:35:15.529 [scheduling-1] [LookupProxy.getTransactionTypes] {} - Error while retrieving transaction typescom.asset.ccat.ods_service.models.responses.BaseResponse@e2f6e2b
[INFO ] 2024-11-04 12:35:15.529 [scheduling-1] [EngineManager.retrieveCachedLookups] {} - ERROR while start ods-service com.asset.ccat.ods_service.exceptions.ODSException
[INFO ] 2024-11-04 12:35:15.529 [scheduling-1] [DatasourceManager.refreshDataSourceNodes] {} - start refresh dss nodes
[INFO ] 2024-11-04 12:35:15.529 [scheduling-1] [DatasourceManager.registerDSSDatasourceForEachNode] {} - Start register cached nodes of the DSS 
[INFO ] 2024-11-04 12:35:37.589 [scheduling-1] [DatasourceManager.createDataSource] {} - Couldn't create datasource due to com.zaxxer.hikari.pool.HikariPool$PoolInitializationException: Failed to initialize pool: IO Error: The Network Adapter could not establish the connection
[INFO ] 2024-11-04 12:35:37.590 [scheduling-1] [DatasourceManager.registerDSSDatasourceForEachNode] {} - Couldn't register DSS datasource due to com.asset.ccat.ods_service.exceptions.ODSException
[INFO ] 2024-11-04 12:35:37.591 [scheduling-1] [DatasourceManager.registerDSSDatasourceForEachNode] {} - End register cached nodes of the DSS 
[INFO ] 2024-11-04 12:35:37.591 [scheduling-1] [DatasourceManager.refreshDataSourceNodes] {} - start refresh flex history nodes
[INFO ] 2024-11-04 12:36:07.596 [scheduling-1] [EngineManager.retrieveCachedLookups] {} - Refresh ods-service...
[INFO ] 2024-11-04 12:36:07.596 [scheduling-1] [EngineManager.retrieveCachedLookups] {} - Start retrieve account history activities
[INFO ] 2024-11-04 12:36:07.596 [scheduling-1] [Loggers$Slf4JLogger.info] {} - | onSubscribe([Fuseable] MonoFlatMap.FlatMapMain)
[INFO ] 2024-11-04 12:36:07.596 [scheduling-1] [Loggers$Slf4JLogger.info] {} - | request(unbounded)
[INFO ] 2024-11-04 12:36:07.599 [reactor-http-nio-4] [Loggers$Slf4JLogger.info] {} - | onNext(com.asset.ccat.ods_service.models.responses.BaseResponse@5825c168)
[INFO ] 2024-11-04 12:36:07.600 [reactor-http-nio-4] [Loggers$Slf4JLogger.info] {} - | onComplete()
[INFO ] 2024-11-04 12:36:07.600 [scheduling-1] [EngineManager.retrieveCachedLookups] {} - retrieve account history activities with size[9]
[INFO ] 2024-11-04 12:36:07.600 [scheduling-1] [EngineManager.retrieveCachedLookups] {} - Start retrieve account history activities headers
[INFO ] 2024-11-04 12:36:07.600 [scheduling-1] [Loggers$Slf4JLogger.info] {} - | onSubscribe([Fuseable] MonoFlatMap.FlatMapMain)
[INFO ] 2024-11-04 12:36:07.600 [scheduling-1] [Loggers$Slf4JLogger.info] {} - | request(unbounded)
[INFO ] 2024-11-04 12:36:07.603 [reactor-http-nio-4] [Loggers$Slf4JLogger.info] {} - | onNext(com.asset.ccat.ods_service.models.responses.BaseResponse@3d90abdf)
[INFO ] 2024-11-04 12:36:07.603 [reactor-http-nio-4] [Loggers$Slf4JLogger.info] {} - | onComplete()
[INFO ] 2024-11-04 12:36:07.603 [scheduling-1] [EngineManager.retrieveCachedLookups] {} - retrieve account history activities headers with size[10]
[INFO ] 2024-11-04 12:36:07.603 [scheduling-1] [EngineManager.retrieveCachedLookups] {} - Start retrieve account history activities headers mapping 
[INFO ] 2024-11-04 12:36:07.603 [scheduling-1] [Loggers$Slf4JLogger.info] {} - | onSubscribe([Fuseable] MonoFlatMap.FlatMapMain)
[INFO ] 2024-11-04 12:36:07.603 [scheduling-1] [Loggers$Slf4JLogger.info] {} - | request(unbounded)
[INFO ] 2024-11-04 12:36:07.607 [reactor-http-nio-4] [Loggers$Slf4JLogger.info] {} - | onNext(com.asset.ccat.ods_service.models.responses.BaseResponse@1306452b)
[INFO ] 2024-11-04 12:36:07.607 [reactor-http-nio-4] [Loggers$Slf4JLogger.info] {} - | onComplete()
[INFO ] 2024-11-04 12:36:07.607 [scheduling-1] [EngineManager.retrieveCachedLookups] {} - retrieve account history activities headers mapping with size[9]
[INFO ] 2024-11-04 12:36:07.607 [scheduling-1] [EngineManager.retrieveCachedLookups] {} - Start retrieve account history activities details mapping 
[INFO ] 2024-11-04 12:36:07.607 [scheduling-1] [Loggers$Slf4JLogger.info] {} - | onSubscribe([Fuseable] MonoFlatMap.FlatMapMain)
[INFO ] 2024-11-04 12:36:07.607 [scheduling-1] [Loggers$Slf4JLogger.info] {} - | request(unbounded)
[INFO ] 2024-11-04 12:36:07.610 [reactor-http-nio-4] [Loggers$Slf4JLogger.info] {} - | onNext(com.asset.ccat.ods_service.models.responses.BaseResponse@66ad3f56)
[INFO ] 2024-11-04 12:36:07.610 [reactor-http-nio-4] [Loggers$Slf4JLogger.info] {} - | onComplete()
[INFO ] 2024-11-04 12:36:07.610 [scheduling-1] [EngineManager.retrieveCachedLookups] {} - retrieve account history activities details mapping with size[9]
[INFO ] 2024-11-04 12:36:07.610 [scheduling-1] [EngineManager.retrieveCachedLookups] {} - Start retrieve account flags
[INFO ] 2024-11-04 12:36:07.610 [scheduling-1] [Loggers$Slf4JLogger.info] {} - | onSubscribe([Fuseable] MonoFlatMap.FlatMapMain)
[INFO ] 2024-11-04 12:36:07.610 [scheduling-1] [Loggers$Slf4JLogger.info] {} - | request(unbounded)
[INFO ] 2024-11-04 12:36:07.613 [reactor-http-nio-4] [Loggers$Slf4JLogger.info] {} - | onNext(com.asset.ccat.ods_service.models.responses.BaseResponse@10f59c6a)
[INFO ] 2024-11-04 12:36:07.613 [reactor-http-nio-4] [Loggers$Slf4JLogger.info] {} - | onComplete()
[INFO ] 2024-11-04 12:36:07.613 [scheduling-1] [EngineManager.retrieveCachedLookups] {} - retrieve account flags with size[9]
[INFO ] 2024-11-04 12:36:07.613 [scheduling-1] [EngineManager.retrieveCachedLookups] {} - Start retrieve tx types
[INFO ] 2024-11-04 12:36:07.614 [scheduling-1] [Loggers$Slf4JLogger.info] {} - | onSubscribe([Fuseable] MonoFlatMap.FlatMapMain)
[INFO ] 2024-11-04 12:36:07.614 [scheduling-1] [Loggers$Slf4JLogger.info] {} - | request(unbounded)
[INFO ] 2024-11-04 19:13:46.460 [reactor-http-nio-4] [Loggers$Slf4JLogger.info] {} - | onNext(com.asset.ccat.ods_service.models.responses.BaseResponse@98d34ce)
[INFO ] 2024-11-04 19:13:46.460 [reactor-http-nio-4] [Loggers$Slf4JLogger.info] {} - | onComplete()
[INFO ] 2024-11-04 19:13:46.460 [scheduling-1] [LookupProxy.getTransactionTypes] {} - Error while retrieving transaction typescom.asset.ccat.ods_service.models.responses.BaseResponse@98d34ce
[INFO ] 2024-11-04 19:13:46.460 [scheduling-1] [EngineManager.retrieveCachedLookups] {} - ERROR while start ods-service com.asset.ccat.ods_service.exceptions.ODSException
[INFO ] 2024-11-04 19:13:46.615 [scheduling-1] [DatasourceManager.refreshDataSourceNodes] {} - start refresh dss nodes
[INFO ] 2024-11-04 19:13:46.615 [scheduling-1] [DatasourceManager.registerDSSDatasourceForEachNode] {} - Start register cached nodes of the DSS 
[INFO ] 2024-11-04 19:13:47.751 [scheduling-1] [DatasourceManager.createDataSource] {} - Couldn't create datasource due to com.zaxxer.hikari.pool.HikariPool$PoolInitializationException: Failed to initialize pool: IO Error: The Network Adapter could not establish the connection
[INFO ] 2024-11-04 19:13:47.751 [scheduling-1] [DatasourceManager.registerDSSDatasourceForEachNode] {} - Couldn't register DSS datasource due to com.asset.ccat.ods_service.exceptions.ODSException
[INFO ] 2024-11-04 19:13:47.752 [scheduling-1] [DatasourceManager.registerDSSDatasourceForEachNode] {} - End register cached nodes of the DSS 
[INFO ] 2024-11-04 19:13:47.752 [scheduling-1] [DatasourceManager.refreshDataSourceNodes] {} - start refresh flex history nodes
[INFO ] 2024-11-04 19:14:17.766 [scheduling-1] [EngineManager.retrieveCachedLookups] {} - Refresh ods-service...
[INFO ] 2024-11-04 19:14:17.766 [scheduling-1] [EngineManager.retrieveCachedLookups] {} - Start retrieve account history activities
[INFO ] 2024-11-04 19:14:17.767 [scheduling-1] [Loggers$Slf4JLogger.info] {} - | onSubscribe([Fuseable] MonoFlatMap.FlatMapMain)
[INFO ] 2024-11-04 19:14:17.767 [scheduling-1] [Loggers$Slf4JLogger.info] {} - | request(unbounded)
[INFO ] 2024-11-04 19:14:17.771 [reactor-http-nio-4] [Loggers$Slf4JLogger.info] {} - | onNext(com.asset.ccat.ods_service.models.responses.BaseResponse@6d5fd26)
[INFO ] 2024-11-04 19:14:17.771 [reactor-http-nio-4] [Loggers$Slf4JLogger.info] {} - | onComplete()
[INFO ] 2024-11-04 19:14:17.771 [scheduling-1] [EngineManager.retrieveCachedLookups] {} - retrieve account history activities with size[9]
[INFO ] 2024-11-04 19:14:17.771 [scheduling-1] [EngineManager.retrieveCachedLookups] {} - Start retrieve account history activities headers
[INFO ] 2024-11-04 19:14:17.772 [scheduling-1] [Loggers$Slf4JLogger.info] {} - | onSubscribe([Fuseable] MonoFlatMap.FlatMapMain)
[INFO ] 2024-11-04 19:14:17.772 [scheduling-1] [Loggers$Slf4JLogger.info] {} - | request(unbounded)
[INFO ] 2024-11-04 19:14:17.958 [reactor-http-nio-4] [Loggers$Slf4JLogger.info] {} - | onNext(com.asset.ccat.ods_service.models.responses.BaseResponse@3a7f375a)
[INFO ] 2024-11-04 19:14:17.958 [reactor-http-nio-4] [Loggers$Slf4JLogger.info] {} - | onComplete()
[INFO ] 2024-11-04 19:14:17.958 [scheduling-1] [EngineManager.retrieveCachedLookups] {} - retrieve account history activities headers with size[10]
[INFO ] 2024-11-04 19:14:17.958 [scheduling-1] [EngineManager.retrieveCachedLookups] {} - Start retrieve account history activities headers mapping 
[INFO ] 2024-11-04 19:14:17.959 [scheduling-1] [Loggers$Slf4JLogger.info] {} - | onSubscribe([Fuseable] MonoFlatMap.FlatMapMain)
[INFO ] 2024-11-04 19:14:17.959 [scheduling-1] [Loggers$Slf4JLogger.info] {} - | request(unbounded)
[INFO ] 2024-11-04 19:14:17.961 [reactor-http-nio-4] [Loggers$Slf4JLogger.info] {} - | onNext(com.asset.ccat.ods_service.models.responses.BaseResponse@a53ef2e)
[INFO ] 2024-11-04 19:14:17.961 [reactor-http-nio-4] [Loggers$Slf4JLogger.info] {} - | onComplete()
[INFO ] 2024-11-04 19:14:17.962 [scheduling-1] [EngineManager.retrieveCachedLookups] {} - retrieve account history activities headers mapping with size[9]
[INFO ] 2024-11-04 19:14:17.962 [scheduling-1] [EngineManager.retrieveCachedLookups] {} - Start retrieve account history activities details mapping 
[INFO ] 2024-11-04 19:14:17.962 [scheduling-1] [Loggers$Slf4JLogger.info] {} - | onSubscribe([Fuseable] MonoFlatMap.FlatMapMain)
[INFO ] 2024-11-04 19:14:17.962 [scheduling-1] [Loggers$Slf4JLogger.info] {} - | request(unbounded)
[INFO ] 2024-11-04 19:14:17.965 [reactor-http-nio-4] [Loggers$Slf4JLogger.info] {} - | onNext(com.asset.ccat.ods_service.models.responses.BaseResponse@6a9881ee)
[INFO ] 2024-11-04 19:14:17.965 [reactor-http-nio-4] [Loggers$Slf4JLogger.info] {} - | onComplete()
[INFO ] 2024-11-04 19:14:17.965 [scheduling-1] [EngineManager.retrieveCachedLookups] {} - retrieve account history activities details mapping with size[9]
[INFO ] 2024-11-04 19:14:17.965 [scheduling-1] [EngineManager.retrieveCachedLookups] {} - Start retrieve account flags
[INFO ] 2024-11-04 19:14:17.966 [scheduling-1] [Loggers$Slf4JLogger.info] {} - | onSubscribe([Fuseable] MonoFlatMap.FlatMapMain)
[INFO ] 2024-11-04 19:14:17.966 [scheduling-1] [Loggers$Slf4JLogger.info] {} - | request(unbounded)
[INFO ] 2024-11-04 19:14:17.969 [reactor-http-nio-4] [Loggers$Slf4JLogger.info] {} - | onNext(com.asset.ccat.ods_service.models.responses.BaseResponse@438d6d56)
[INFO ] 2024-11-04 19:14:17.969 [reactor-http-nio-4] [Loggers$Slf4JLogger.info] {} - | onComplete()
[INFO ] 2024-11-04 19:14:17.969 [scheduling-1] [EngineManager.retrieveCachedLookups] {} - retrieve account flags with size[9]
[INFO ] 2024-11-04 19:14:17.970 [scheduling-1] [EngineManager.retrieveCachedLookups] {} - Start retrieve tx types
[INFO ] 2024-11-04 19:14:17.970 [scheduling-1] [Loggers$Slf4JLogger.info] {} - | onSubscribe([Fuseable] MonoFlatMap.FlatMapMain)
[INFO ] 2024-11-04 19:14:17.970 [scheduling-1] [Loggers$Slf4JLogger.info] {} - | request(unbounded)
[INFO ] 2024-11-04 19:14:48.107 [reactor-http-nio-4] [Loggers$Slf4JLogger.info] {} - | onNext(com.asset.ccat.ods_service.models.responses.BaseResponse@1534e23a)
[INFO ] 2024-11-04 19:14:48.107 [reactor-http-nio-4] [Loggers$Slf4JLogger.info] {} - | onComplete()
[INFO ] 2024-11-04 19:14:48.107 [scheduling-1] [LookupProxy.getTransactionTypes] {} - Error while retrieving transaction typescom.asset.ccat.ods_service.models.responses.BaseResponse@1534e23a
[INFO ] 2024-11-04 19:14:48.107 [scheduling-1] [EngineManager.retrieveCachedLookups] {} - ERROR while start ods-service com.asset.ccat.ods_service.exceptions.ODSException
[INFO ] 2024-11-04 19:14:48.107 [scheduling-1] [DatasourceManager.refreshDataSourceNodes] {} - start refresh dss nodes
[INFO ] 2024-11-04 19:14:48.107 [scheduling-1] [DatasourceManager.registerDSSDatasourceForEachNode] {} - Start register cached nodes of the DSS 
[INFO ] 2024-11-04 19:15:10.154 [scheduling-1] [DatasourceManager.createDataSource] {} - Couldn't create datasource due to com.zaxxer.hikari.pool.HikariPool$PoolInitializationException: Failed to initialize pool: IO Error: The Network Adapter could not establish the connection
[INFO ] 2024-11-04 19:15:10.157 [scheduling-1] [DatasourceManager.registerDSSDatasourceForEachNode] {} - Couldn't register DSS datasource due to com.asset.ccat.ods_service.exceptions.ODSException
[INFO ] 2024-11-04 19:15:10.158 [scheduling-1] [DatasourceManager.registerDSSDatasourceForEachNode] {} - End register cached nodes of the DSS 
[INFO ] 2024-11-04 19:15:10.158 [scheduling-1] [DatasourceManager.refreshDataSourceNodes] {} - start refresh flex history nodes
[INFO ] 2024-11-04 19:15:40.165 [scheduling-1] [EngineManager.retrieveCachedLookups] {} - Refresh ods-service...
[INFO ] 2024-11-04 19:15:40.165 [scheduling-1] [EngineManager.retrieveCachedLookups] {} - Start retrieve account history activities
[INFO ] 2024-11-04 19:15:40.165 [scheduling-1] [Loggers$Slf4JLogger.info] {} - | onSubscribe([Fuseable] MonoFlatMap.FlatMapMain)
[INFO ] 2024-11-04 19:15:40.165 [scheduling-1] [Loggers$Slf4JLogger.info] {} - | request(unbounded)
[INFO ] 2024-11-04 19:15:40.171 [reactor-http-nio-4] [Loggers$Slf4JLogger.info] {} - | onNext(com.asset.ccat.ods_service.models.responses.BaseResponse@3b8d9683)
[INFO ] 2024-11-04 19:15:40.172 [reactor-http-nio-4] [Loggers$Slf4JLogger.info] {} - | onComplete()
[INFO ] 2024-11-04 19:15:40.172 [scheduling-1] [EngineManager.retrieveCachedLookups] {} - retrieve account history activities with size[9]
[INFO ] 2024-11-04 19:15:40.172 [scheduling-1] [EngineManager.retrieveCachedLookups] {} - Start retrieve account history activities headers
[INFO ] 2024-11-04 19:15:40.173 [scheduling-1] [Loggers$Slf4JLogger.info] {} - | onSubscribe([Fuseable] MonoFlatMap.FlatMapMain)
[INFO ] 2024-11-04 19:15:40.173 [scheduling-1] [Loggers$Slf4JLogger.info] {} - | request(unbounded)
[INFO ] 2024-11-04 19:15:40.178 [reactor-http-nio-4] [Loggers$Slf4JLogger.info] {} - | onNext(com.asset.ccat.ods_service.models.responses.BaseResponse@13c2bb79)
[INFO ] 2024-11-04 19:15:40.178 [reactor-http-nio-4] [Loggers$Slf4JLogger.info] {} - | onComplete()
[INFO ] 2024-11-04 19:15:40.178 [scheduling-1] [EngineManager.retrieveCachedLookups] {} - retrieve account history activities headers with size[10]
[INFO ] 2024-11-04 19:15:40.179 [scheduling-1] [EngineManager.retrieveCachedLookups] {} - Start retrieve account history activities headers mapping 
[INFO ] 2024-11-04 19:15:40.179 [scheduling-1] [Loggers$Slf4JLogger.info] {} - | onSubscribe([Fuseable] MonoFlatMap.FlatMapMain)
[INFO ] 2024-11-04 19:15:40.180 [scheduling-1] [Loggers$Slf4JLogger.info] {} - | request(unbounded)
[INFO ] 2024-11-04 19:15:40.185 [reactor-http-nio-4] [Loggers$Slf4JLogger.info] {} - | onNext(com.asset.ccat.ods_service.models.responses.BaseResponse@49af091c)
[INFO ] 2024-11-04 19:15:40.186 [reactor-http-nio-4] [Loggers$Slf4JLogger.info] {} - | onComplete()
[INFO ] 2024-11-04 19:15:40.186 [scheduling-1] [EngineManager.retrieveCachedLookups] {} - retrieve account history activities headers mapping with size[9]
[INFO ] 2024-11-04 19:15:40.186 [scheduling-1] [EngineManager.retrieveCachedLookups] {} - Start retrieve account history activities details mapping 
[INFO ] 2024-11-04 19:15:40.187 [scheduling-1] [Loggers$Slf4JLogger.info] {} - | onSubscribe([Fuseable] MonoFlatMap.FlatMapMain)
[INFO ] 2024-11-04 19:15:40.187 [scheduling-1] [Loggers$Slf4JLogger.info] {} - | request(unbounded)
[INFO ] 2024-11-04 19:15:40.226 [reactor-http-nio-4] [Loggers$Slf4JLogger.info] {} - | onNext(com.asset.ccat.ods_service.models.responses.BaseResponse@7bb81721)
[INFO ] 2024-11-04 19:15:40.227 [reactor-http-nio-4] [Loggers$Slf4JLogger.info] {} - | onComplete()
[INFO ] 2024-11-04 19:15:40.227 [scheduling-1] [EngineManager.retrieveCachedLookups] {} - retrieve account history activities details mapping with size[9]
[INFO ] 2024-11-04 19:15:40.227 [scheduling-1] [EngineManager.retrieveCachedLookups] {} - Start retrieve account flags
[INFO ] 2024-11-04 19:15:40.228 [scheduling-1] [Loggers$Slf4JLogger.info] {} - | onSubscribe([Fuseable] MonoFlatMap.FlatMapMain)
[INFO ] 2024-11-04 19:15:40.228 [scheduling-1] [Loggers$Slf4JLogger.info] {} - | request(unbounded)
[INFO ] 2024-11-04 19:15:40.235 [reactor-http-nio-4] [Loggers$Slf4JLogger.info] {} - | onNext(com.asset.ccat.ods_service.models.responses.BaseResponse@2c56af5b)
[INFO ] 2024-11-04 19:15:40.236 [reactor-http-nio-4] [Loggers$Slf4JLogger.info] {} - | onComplete()
[INFO ] 2024-11-04 19:15:40.236 [scheduling-1] [EngineManager.retrieveCachedLookups] {} - retrieve account flags with size[9]
[INFO ] 2024-11-04 19:15:40.236 [scheduling-1] [EngineManager.retrieveCachedLookups] {} - Start retrieve tx types
[INFO ] 2024-11-04 19:15:40.237 [scheduling-1] [Loggers$Slf4JLogger.info] {} - | onSubscribe([Fuseable] MonoFlatMap.FlatMapMain)
[INFO ] 2024-11-04 19:15:40.237 [scheduling-1] [Loggers$Slf4JLogger.info] {} - | request(unbounded)
[INFO ] 2024-11-04 19:16:10.285 [reactor-http-nio-4] [Loggers$Slf4JLogger.info] {} - | onNext(com.asset.ccat.ods_service.models.responses.BaseResponse@1b9fcb67)
[INFO ] 2024-11-04 19:16:10.286 [reactor-http-nio-4] [Loggers$Slf4JLogger.info] {} - | onComplete()
[INFO ] 2024-11-04 19:16:10.286 [scheduling-1] [LookupProxy.getTransactionTypes] {} - Error while retrieving transaction typescom.asset.ccat.ods_service.models.responses.BaseResponse@1b9fcb67
[INFO ] 2024-11-04 19:16:10.287 [scheduling-1] [EngineManager.retrieveCachedLookups] {} - ERROR while start ods-service com.asset.ccat.ods_service.exceptions.ODSException
[INFO ] 2024-11-04 19:16:10.288 [scheduling-1] [DatasourceManager.refreshDataSourceNodes] {} - start refresh dss nodes
[INFO ] 2024-11-04 19:16:10.288 [scheduling-1] [DatasourceManager.registerDSSDatasourceForEachNode] {} - Start register cached nodes of the DSS 
[INFO ] 2024-11-04 19:16:32.364 [scheduling-1] [DatasourceManager.createDataSource] {} - Couldn't create datasource due to com.zaxxer.hikari.pool.HikariPool$PoolInitializationException: Failed to initialize pool: IO Error: The Network Adapter could not establish the connection
[INFO ] 2024-11-04 19:16:32.366 [scheduling-1] [DatasourceManager.registerDSSDatasourceForEachNode] {} - Couldn't register DSS datasource due to com.asset.ccat.ods_service.exceptions.ODSException
[INFO ] 2024-11-04 19:16:32.367 [scheduling-1] [DatasourceManager.registerDSSDatasourceForEachNode] {} - End register cached nodes of the DSS 
[INFO ] 2024-11-04 19:16:32.367 [scheduling-1] [DatasourceManager.refreshDataSourceNodes] {} - start refresh flex history nodes
[INFO ] 2024-11-04 19:17:02.380 [scheduling-1] [EngineManager.retrieveCachedLookups] {} - Refresh ods-service...
[INFO ] 2024-11-04 19:17:02.380 [scheduling-1] [EngineManager.retrieveCachedLookups] {} - Start retrieve account history activities
[INFO ] 2024-11-04 19:17:02.380 [scheduling-1] [Loggers$Slf4JLogger.info] {} - | onSubscribe([Fuseable] MonoFlatMap.FlatMapMain)
[INFO ] 2024-11-04 19:17:02.381 [scheduling-1] [Loggers$Slf4JLogger.info] {} - | request(unbounded)
[INFO ] 2024-11-04 19:17:02.386 [reactor-http-nio-4] [Loggers$Slf4JLogger.info] {} - | onNext(com.asset.ccat.ods_service.models.responses.BaseResponse@2025c62a)
[INFO ] 2024-11-04 19:17:02.386 [reactor-http-nio-4] [Loggers$Slf4JLogger.info] {} - | onComplete()
[INFO ] 2024-11-04 19:17:02.386 [scheduling-1] [EngineManager.retrieveCachedLookups] {} - retrieve account history activities with size[9]
[INFO ] 2024-11-04 19:17:02.386 [scheduling-1] [EngineManager.retrieveCachedLookups] {} - Start retrieve account history activities headers
[INFO ] 2024-11-04 19:17:02.387 [scheduling-1] [Loggers$Slf4JLogger.info] {} - | onSubscribe([Fuseable] MonoFlatMap.FlatMapMain)
[INFO ] 2024-11-04 19:17:02.387 [scheduling-1] [Loggers$Slf4JLogger.info] {} - | request(unbounded)
[INFO ] 2024-11-04 19:17:02.391 [reactor-http-nio-4] [Loggers$Slf4JLogger.info] {} - | onNext(com.asset.ccat.ods_service.models.responses.BaseResponse@39109902)
[INFO ] 2024-11-04 19:17:02.391 [reactor-http-nio-4] [Loggers$Slf4JLogger.info] {} - | onComplete()
[INFO ] 2024-11-04 19:17:02.392 [scheduling-1] [EngineManager.retrieveCachedLookups] {} - retrieve account history activities headers with size[10]
[INFO ] 2024-11-04 19:17:02.392 [scheduling-1] [EngineManager.retrieveCachedLookups] {} - Start retrieve account history activities headers mapping 
[INFO ] 2024-11-04 19:17:02.392 [scheduling-1] [Loggers$Slf4JLogger.info] {} - | onSubscribe([Fuseable] MonoFlatMap.FlatMapMain)
[INFO ] 2024-11-04 19:17:02.392 [scheduling-1] [Loggers$Slf4JLogger.info] {} - | request(unbounded)
[INFO ] 2024-11-04 19:17:02.398 [reactor-http-nio-4] [Loggers$Slf4JLogger.info] {} - | onNext(com.asset.ccat.ods_service.models.responses.BaseResponse@5d3b59f3)
[INFO ] 2024-11-04 19:17:02.398 [reactor-http-nio-4] [Loggers$Slf4JLogger.info] {} - | onComplete()
[INFO ] 2024-11-04 19:17:02.399 [scheduling-1] [EngineManager.retrieveCachedLookups] {} - retrieve account history activities headers mapping with size[9]
[INFO ] 2024-11-04 19:17:02.399 [scheduling-1] [EngineManager.retrieveCachedLookups] {} - Start retrieve account history activities details mapping 
[INFO ] 2024-11-04 19:17:02.399 [scheduling-1] [Loggers$Slf4JLogger.info] {} - | onSubscribe([Fuseable] MonoFlatMap.FlatMapMain)
[INFO ] 2024-11-04 19:17:02.399 [scheduling-1] [Loggers$Slf4JLogger.info] {} - | request(unbounded)
[INFO ] 2024-11-04 19:17:02.404 [reactor-http-nio-4] [Loggers$Slf4JLogger.info] {} - | onNext(com.asset.ccat.ods_service.models.responses.BaseResponse@389a75c0)
[INFO ] 2024-11-04 19:17:02.405 [reactor-http-nio-4] [Loggers$Slf4JLogger.info] {} - | onComplete()
[INFO ] 2024-11-04 19:17:02.405 [scheduling-1] [EngineManager.retrieveCachedLookups] {} - retrieve account history activities details mapping with size[9]
[INFO ] 2024-11-04 19:17:02.405 [scheduling-1] [EngineManager.retrieveCachedLookups] {} - Start retrieve account flags
[INFO ] 2024-11-04 19:17:02.406 [scheduling-1] [Loggers$Slf4JLogger.info] {} - | onSubscribe([Fuseable] MonoFlatMap.FlatMapMain)
[INFO ] 2024-11-04 19:17:02.406 [scheduling-1] [Loggers$Slf4JLogger.info] {} - | request(unbounded)
[INFO ] 2024-11-04 19:17:02.411 [reactor-http-nio-4] [Loggers$Slf4JLogger.info] {} - | onNext(com.asset.ccat.ods_service.models.responses.BaseResponse@3680e06f)
[INFO ] 2024-11-04 19:17:02.411 [reactor-http-nio-4] [Loggers$Slf4JLogger.info] {} - | onComplete()
[INFO ] 2024-11-04 19:17:02.411 [scheduling-1] [EngineManager.retrieveCachedLookups] {} - retrieve account flags with size[9]
[INFO ] 2024-11-04 19:17:02.411 [scheduling-1] [EngineManager.retrieveCachedLookups] {} - Start retrieve tx types
[INFO ] 2024-11-04 19:17:02.412 [scheduling-1] [Loggers$Slf4JLogger.info] {} - | onSubscribe([Fuseable] MonoFlatMap.FlatMapMain)
[INFO ] 2024-11-04 19:17:02.412 [scheduling-1] [Loggers$Slf4JLogger.info] {} - | request(unbounded)
[INFO ] 2024-11-04 19:17:32.437 [reactor-http-nio-4] [Loggers$Slf4JLogger.info] {} - | onNext(com.asset.ccat.ods_service.models.responses.BaseResponse@c16937a)
[INFO ] 2024-11-04 19:17:32.437 [reactor-http-nio-4] [Loggers$Slf4JLogger.info] {} - | onComplete()
[INFO ] 2024-11-04 19:17:32.437 [scheduling-1] [LookupProxy.getTransactionTypes] {} - Error while retrieving transaction typescom.asset.ccat.ods_service.models.responses.BaseResponse@c16937a
[INFO ] 2024-11-04 19:17:32.437 [scheduling-1] [EngineManager.retrieveCachedLookups] {} - ERROR while start ods-service com.asset.ccat.ods_service.exceptions.ODSException
[INFO ] 2024-11-04 19:17:32.438 [scheduling-1] [DatasourceManager.refreshDataSourceNodes] {} - start refresh dss nodes
[INFO ] 2024-11-04 19:17:32.438 [scheduling-1] [DatasourceManager.registerDSSDatasourceForEachNode] {} - Start register cached nodes of the DSS 
[INFO ] 2024-11-04 19:17:54.499 [scheduling-1] [DatasourceManager.createDataSource] {} - Couldn't create datasource due to com.zaxxer.hikari.pool.HikariPool$PoolInitializationException: Failed to initialize pool: IO Error: The Network Adapter could not establish the connection
[INFO ] 2024-11-04 19:17:54.500 [scheduling-1] [DatasourceManager.registerDSSDatasourceForEachNode] {} - Couldn't register DSS datasource due to com.asset.ccat.ods_service.exceptions.ODSException
[INFO ] 2024-11-04 19:17:54.501 [scheduling-1] [DatasourceManager.registerDSSDatasourceForEachNode] {} - End register cached nodes of the DSS 
[INFO ] 2024-11-04 19:17:54.501 [scheduling-1] [DatasourceManager.refreshDataSourceNodes] {} - start refresh flex history nodes
[INFO ] 2024-11-04 19:18:24.505 [scheduling-1] [EngineManager.retrieveCachedLookups] {} - Refresh ods-service...
[INFO ] 2024-11-04 19:18:24.505 [scheduling-1] [EngineManager.retrieveCachedLookups] {} - Start retrieve account history activities
[INFO ] 2024-11-04 19:18:24.506 [scheduling-1] [Loggers$Slf4JLogger.info] {} - | onSubscribe([Fuseable] MonoFlatMap.FlatMapMain)
[INFO ] 2024-11-04 19:18:24.506 [scheduling-1] [Loggers$Slf4JLogger.info] {} - | request(unbounded)
[INFO ] 2024-11-04 19:18:24.512 [reactor-http-nio-4] [Loggers$Slf4JLogger.info] {} - | onNext(com.asset.ccat.ods_service.models.responses.BaseResponse@6749d34d)
[INFO ] 2024-11-04 19:18:24.512 [reactor-http-nio-4] [Loggers$Slf4JLogger.info] {} - | onComplete()
[INFO ] 2024-11-04 19:18:24.512 [scheduling-1] [EngineManager.retrieveCachedLookups] {} - retrieve account history activities with size[9]
[INFO ] 2024-11-04 19:18:24.513 [scheduling-1] [EngineManager.retrieveCachedLookups] {} - Start retrieve account history activities headers
[INFO ] 2024-11-04 19:18:24.513 [scheduling-1] [Loggers$Slf4JLogger.info] {} - | onSubscribe([Fuseable] MonoFlatMap.FlatMapMain)
[INFO ] 2024-11-04 19:18:24.513 [scheduling-1] [Loggers$Slf4JLogger.info] {} - | request(unbounded)
[INFO ] 2024-11-04 19:18:24.518 [reactor-http-nio-4] [Loggers$Slf4JLogger.info] {} - | onNext(com.asset.ccat.ods_service.models.responses.BaseResponse@567bc453)
[INFO ] 2024-11-04 19:18:24.518 [reactor-http-nio-4] [Loggers$Slf4JLogger.info] {} - | onComplete()
[INFO ] 2024-11-04 19:18:24.518 [scheduling-1] [EngineManager.retrieveCachedLookups] {} - retrieve account history activities headers with size[10]
[INFO ] 2024-11-04 19:18:24.518 [scheduling-1] [EngineManager.retrieveCachedLookups] {} - Start retrieve account history activities headers mapping 
[INFO ] 2024-11-04 19:18:24.519 [scheduling-1] [Loggers$Slf4JLogger.info] {} - | onSubscribe([Fuseable] MonoFlatMap.FlatMapMain)
[INFO ] 2024-11-04 19:18:24.519 [scheduling-1] [Loggers$Slf4JLogger.info] {} - | request(unbounded)
[INFO ] 2024-11-04 19:18:24.524 [reactor-http-nio-4] [Loggers$Slf4JLogger.info] {} - | onNext(com.asset.ccat.ods_service.models.responses.BaseResponse@708105af)
[INFO ] 2024-11-04 19:18:24.524 [reactor-http-nio-4] [Loggers$Slf4JLogger.info] {} - | onComplete()
[INFO ] 2024-11-04 19:18:24.524 [scheduling-1] [EngineManager.retrieveCachedLookups] {} - retrieve account history activities headers mapping with size[9]
[INFO ] 2024-11-04 19:18:24.524 [scheduling-1] [EngineManager.retrieveCachedLookups] {} - Start retrieve account history activities details mapping 
[INFO ] 2024-11-04 19:18:24.525 [scheduling-1] [Loggers$Slf4JLogger.info] {} - | onSubscribe([Fuseable] MonoFlatMap.FlatMapMain)
[INFO ] 2024-11-04 19:18:24.525 [scheduling-1] [Loggers$Slf4JLogger.info] {} - | request(unbounded)
[INFO ] 2024-11-04 19:18:24.530 [reactor-http-nio-4] [Loggers$Slf4JLogger.info] {} - | onNext(com.asset.ccat.ods_service.models.responses.BaseResponse@48b4d586)
[INFO ] 2024-11-04 19:18:24.530 [reactor-http-nio-4] [Loggers$Slf4JLogger.info] {} - | onComplete()
[INFO ] 2024-11-04 19:18:24.530 [scheduling-1] [EngineManager.retrieveCachedLookups] {} - retrieve account history activities details mapping with size[9]
[INFO ] 2024-11-04 19:18:24.530 [scheduling-1] [EngineManager.retrieveCachedLookups] {} - Start retrieve account flags
[INFO ] 2024-11-04 19:18:24.531 [scheduling-1] [Loggers$Slf4JLogger.info] {} - | onSubscribe([Fuseable] MonoFlatMap.FlatMapMain)
[INFO ] 2024-11-04 19:18:24.531 [scheduling-1] [Loggers$Slf4JLogger.info] {} - | request(unbounded)
[INFO ] 2024-11-04 19:18:24.535 [reactor-http-nio-4] [Loggers$Slf4JLogger.info] {} - | onNext(com.asset.ccat.ods_service.models.responses.BaseResponse@614eb466)
[INFO ] 2024-11-04 19:18:24.535 [reactor-http-nio-4] [Loggers$Slf4JLogger.info] {} - | onComplete()
[INFO ] 2024-11-04 19:18:24.536 [scheduling-1] [EngineManager.retrieveCachedLookups] {} - retrieve account flags with size[9]
[INFO ] 2024-11-04 19:18:24.536 [scheduling-1] [EngineManager.retrieveCachedLookups] {} - Start retrieve tx types
[INFO ] 2024-11-04 19:18:24.537 [scheduling-1] [Loggers$Slf4JLogger.info] {} - | onSubscribe([Fuseable] MonoFlatMap.FlatMapMain)
[INFO ] 2024-11-04 19:18:24.537 [scheduling-1] [Loggers$Slf4JLogger.info] {} - | request(unbounded)
[INFO ] 2024-11-04 19:18:54.568 [reactor-http-nio-4] [Loggers$Slf4JLogger.info] {} - | onNext(com.asset.ccat.ods_service.models.responses.BaseResponse@114b61b1)
[INFO ] 2024-11-04 19:18:54.568 [reactor-http-nio-4] [Loggers$Slf4JLogger.info] {} - | onComplete()
[INFO ] 2024-11-04 19:18:54.568 [scheduling-1] [LookupProxy.getTransactionTypes] {} - Error while retrieving transaction typescom.asset.ccat.ods_service.models.responses.BaseResponse@114b61b1
[INFO ] 2024-11-04 19:18:54.568 [scheduling-1] [EngineManager.retrieveCachedLookups] {} - ERROR while start ods-service com.asset.ccat.ods_service.exceptions.ODSException
[INFO ] 2024-11-04 19:18:54.569 [scheduling-1] [DatasourceManager.refreshDataSourceNodes] {} - start refresh dss nodes
[INFO ] 2024-11-04 19:18:54.569 [scheduling-1] [DatasourceManager.registerDSSDatasourceForEachNode] {} - Start register cached nodes of the DSS 
[INFO ] 2024-11-04 19:19:16.629 [scheduling-1] [DatasourceManager.createDataSource] {} - Couldn't create datasource due to com.zaxxer.hikari.pool.HikariPool$PoolInitializationException: Failed to initialize pool: IO Error: The Network Adapter could not establish the connection
[INFO ] 2024-11-04 19:19:16.631 [scheduling-1] [DatasourceManager.registerDSSDatasourceForEachNode] {} - Couldn't register DSS datasource due to com.asset.ccat.ods_service.exceptions.ODSException
[INFO ] 2024-11-04 19:19:16.633 [scheduling-1] [DatasourceManager.registerDSSDatasourceForEachNode] {} - End register cached nodes of the DSS 
[INFO ] 2024-11-04 19:19:16.633 [scheduling-1] [DatasourceManager.refreshDataSourceNodes] {} - start refresh flex history nodes
[INFO ] 2024-11-04 19:19:46.642 [scheduling-1] [EngineManager.retrieveCachedLookups] {} - Refresh ods-service...
[INFO ] 2024-11-04 19:19:46.642 [scheduling-1] [EngineManager.retrieveCachedLookups] {} - Start retrieve account history activities
[INFO ] 2024-11-04 19:19:46.643 [scheduling-1] [Loggers$Slf4JLogger.info] {} - | onSubscribe([Fuseable] MonoFlatMap.FlatMapMain)
[INFO ] 2024-11-04 19:19:46.644 [scheduling-1] [Loggers$Slf4JLogger.info] {} - | request(unbounded)
[INFO ] 2024-11-04 19:19:46.652 [reactor-http-nio-4] [Loggers$Slf4JLogger.info] {} - | onNext(com.asset.ccat.ods_service.models.responses.BaseResponse@7fbd8efb)
[INFO ] 2024-11-04 19:19:46.653 [reactor-http-nio-4] [Loggers$Slf4JLogger.info] {} - | onComplete()
[INFO ] 2024-11-04 19:19:46.653 [scheduling-1] [EngineManager.retrieveCachedLookups] {} - retrieve account history activities with size[9]
[INFO ] 2024-11-04 19:19:46.653 [scheduling-1] [EngineManager.retrieveCachedLookups] {} - Start retrieve account history activities headers
[INFO ] 2024-11-04 19:19:46.654 [scheduling-1] [Loggers$Slf4JLogger.info] {} - | onSubscribe([Fuseable] MonoFlatMap.FlatMapMain)
[INFO ] 2024-11-04 19:19:46.654 [scheduling-1] [Loggers$Slf4JLogger.info] {} - | request(unbounded)
[INFO ] 2024-11-04 19:19:46.660 [reactor-http-nio-4] [Loggers$Slf4JLogger.info] {} - | onNext(com.asset.ccat.ods_service.models.responses.BaseResponse@6b44e8ee)
[INFO ] 2024-11-04 19:19:46.662 [reactor-http-nio-4] [Loggers$Slf4JLogger.info] {} - | onComplete()
[INFO ] 2024-11-04 19:19:46.662 [scheduling-1] [EngineManager.retrieveCachedLookups] {} - retrieve account history activities headers with size[10]
[INFO ] 2024-11-04 19:19:46.662 [scheduling-1] [EngineManager.retrieveCachedLookups] {} - Start retrieve account history activities headers mapping 
[INFO ] 2024-11-04 19:19:46.663 [scheduling-1] [Loggers$Slf4JLogger.info] {} - | onSubscribe([Fuseable] MonoFlatMap.FlatMapMain)
[INFO ] 2024-11-04 19:19:46.663 [scheduling-1] [Loggers$Slf4JLogger.info] {} - | request(unbounded)
[INFO ] 2024-11-04 19:19:46.669 [reactor-http-nio-4] [Loggers$Slf4JLogger.info] {} - | onNext(com.asset.ccat.ods_service.models.responses.BaseResponse@7f25ad7b)
[INFO ] 2024-11-04 19:19:46.670 [reactor-http-nio-4] [Loggers$Slf4JLogger.info] {} - | onComplete()
[INFO ] 2024-11-04 19:19:46.670 [scheduling-1] [EngineManager.retrieveCachedLookups] {} - retrieve account history activities headers mapping with size[9]
[INFO ] 2024-11-04 19:19:46.670 [scheduling-1] [EngineManager.retrieveCachedLookups] {} - Start retrieve account history activities details mapping 
[INFO ] 2024-11-04 19:19:46.671 [scheduling-1] [Loggers$Slf4JLogger.info] {} - | onSubscribe([Fuseable] MonoFlatMap.FlatMapMain)
[INFO ] 2024-11-04 19:19:46.672 [scheduling-1] [Loggers$Slf4JLogger.info] {} - | request(unbounded)
[INFO ] 2024-11-04 19:19:46.680 [reactor-http-nio-4] [Loggers$Slf4JLogger.info] {} - | onNext(com.asset.ccat.ods_service.models.responses.BaseResponse@35a91dc7)
[INFO ] 2024-11-04 19:19:46.681 [reactor-http-nio-4] [Loggers$Slf4JLogger.info] {} - | onComplete()
[INFO ] 2024-11-04 19:19:46.681 [scheduling-1] [EngineManager.retrieveCachedLookups] {} - retrieve account history activities details mapping with size[9]
[INFO ] 2024-11-04 19:19:46.681 [scheduling-1] [EngineManager.retrieveCachedLookups] {} - Start retrieve account flags
[INFO ] 2024-11-04 19:19:46.682 [scheduling-1] [Loggers$Slf4JLogger.info] {} - | onSubscribe([Fuseable] MonoFlatMap.FlatMapMain)
[INFO ] 2024-11-04 19:19:46.682 [scheduling-1] [Loggers$Slf4JLogger.info] {} - | request(unbounded)
[INFO ] 2024-11-04 19:19:46.689 [reactor-http-nio-4] [Loggers$Slf4JLogger.info] {} - | onNext(com.asset.ccat.ods_service.models.responses.BaseResponse@26f087df)
[INFO ] 2024-11-04 19:19:46.690 [reactor-http-nio-4] [Loggers$Slf4JLogger.info] {} - | onComplete()
[INFO ] 2024-11-04 19:19:46.690 [scheduling-1] [EngineManager.retrieveCachedLookups] {} - retrieve account flags with size[9]
[INFO ] 2024-11-04 19:19:46.691 [scheduling-1] [EngineManager.retrieveCachedLookups] {} - Start retrieve tx types
[INFO ] 2024-11-04 19:19:46.692 [scheduling-1] [Loggers$Slf4JLogger.info] {} - | onSubscribe([Fuseable] MonoFlatMap.FlatMapMain)
[INFO ] 2024-11-04 19:19:46.692 [scheduling-1] [Loggers$Slf4JLogger.info] {} - | request(unbounded)
[INFO ] 2024-11-04 19:20:16.739 [reactor-http-nio-4] [Loggers$Slf4JLogger.info] {} - | onNext(com.asset.ccat.ods_service.models.responses.BaseResponse@38232e2e)
[INFO ] 2024-11-04 19:20:16.739 [reactor-http-nio-4] [Loggers$Slf4JLogger.info] {} - | onComplete()
[INFO ] 2024-11-04 19:20:16.739 [scheduling-1] [LookupProxy.getTransactionTypes] {} - Error while retrieving transaction typescom.asset.ccat.ods_service.models.responses.BaseResponse@38232e2e
[INFO ] 2024-11-04 19:20:16.740 [scheduling-1] [EngineManager.retrieveCachedLookups] {} - ERROR while start ods-service com.asset.ccat.ods_service.exceptions.ODSException
[INFO ] 2024-11-04 19:20:16.742 [scheduling-1] [DatasourceManager.refreshDataSourceNodes] {} - start refresh dss nodes
[INFO ] 2024-11-04 19:20:16.742 [scheduling-1] [DatasourceManager.registerDSSDatasourceForEachNode] {} - Start register cached nodes of the DSS 
[INFO ] 2024-11-04 19:20:38.789 [scheduling-1] [DatasourceManager.createDataSource] {} - Couldn't create datasource due to com.zaxxer.hikari.pool.HikariPool$PoolInitializationException: Failed to initialize pool: IO Error: The Network Adapter could not establish the connection
[INFO ] 2024-11-04 19:20:38.791 [scheduling-1] [DatasourceManager.registerDSSDatasourceForEachNode] {} - Couldn't register DSS datasource due to com.asset.ccat.ods_service.exceptions.ODSException
[INFO ] 2024-11-04 19:20:38.792 [scheduling-1] [DatasourceManager.registerDSSDatasourceForEachNode] {} - End register cached nodes of the DSS 
[INFO ] 2024-11-04 19:20:38.793 [scheduling-1] [DatasourceManager.refreshDataSourceNodes] {} - start refresh flex history nodes
[INFO ] 2024-11-04 19:21:08.801 [scheduling-1] [EngineManager.retrieveCachedLookups] {} - Refresh ods-service...
[INFO ] 2024-11-04 19:21:08.801 [scheduling-1] [EngineManager.retrieveCachedLookups] {} - Start retrieve account history activities
[INFO ] 2024-11-04 19:21:08.802 [scheduling-1] [Loggers$Slf4JLogger.info] {} - | onSubscribe([Fuseable] MonoFlatMap.FlatMapMain)
[INFO ] 2024-11-04 19:21:08.803 [scheduling-1] [Loggers$Slf4JLogger.info] {} - | request(unbounded)
[INFO ] 2024-11-04 19:21:08.810 [reactor-http-nio-4] [Loggers$Slf4JLogger.info] {} - | onNext(com.asset.ccat.ods_service.models.responses.BaseResponse@45194bc8)
[INFO ] 2024-11-04 19:21:08.810 [reactor-http-nio-4] [Loggers$Slf4JLogger.info] {} - | onComplete()
[INFO ] 2024-11-04 19:21:08.810 [scheduling-1] [EngineManager.retrieveCachedLookups] {} - retrieve account history activities with size[9]
[INFO ] 2024-11-04 19:21:08.811 [scheduling-1] [EngineManager.retrieveCachedLookups] {} - Start retrieve account history activities headers
[INFO ] 2024-11-04 19:21:08.812 [scheduling-1] [Loggers$Slf4JLogger.info] {} - | onSubscribe([Fuseable] MonoFlatMap.FlatMapMain)
[INFO ] 2024-11-04 19:21:08.812 [scheduling-1] [Loggers$Slf4JLogger.info] {} - | request(unbounded)
[INFO ] 2024-11-04 19:21:08.819 [reactor-http-nio-4] [Loggers$Slf4JLogger.info] {} - | onNext(com.asset.ccat.ods_service.models.responses.BaseResponse@67f5f2cb)
[INFO ] 2024-11-04 19:21:08.819 [reactor-http-nio-4] [Loggers$Slf4JLogger.info] {} - | onComplete()
[INFO ] 2024-11-04 19:21:08.819 [scheduling-1] [EngineManager.retrieveCachedLookups] {} - retrieve account history activities headers with size[10]
[INFO ] 2024-11-04 19:21:08.820 [scheduling-1] [EngineManager.retrieveCachedLookups] {} - Start retrieve account history activities headers mapping 
[INFO ] 2024-11-04 19:21:08.820 [scheduling-1] [Loggers$Slf4JLogger.info] {} - | onSubscribe([Fuseable] MonoFlatMap.FlatMapMain)
[INFO ] 2024-11-04 19:21:08.821 [scheduling-1] [Loggers$Slf4JLogger.info] {} - | request(unbounded)
[INFO ] 2024-11-04 19:21:08.827 [reactor-http-nio-4] [Loggers$Slf4JLogger.info] {} - | onNext(com.asset.ccat.ods_service.models.responses.BaseResponse@751bb2f2)
[INFO ] 2024-11-04 19:21:08.828 [reactor-http-nio-4] [Loggers$Slf4JLogger.info] {} - | onComplete()
[INFO ] 2024-11-04 19:21:08.828 [scheduling-1] [EngineManager.retrieveCachedLookups] {} - retrieve account history activities headers mapping with size[9]
[INFO ] 2024-11-04 19:21:08.828 [scheduling-1] [EngineManager.retrieveCachedLookups] {} - Start retrieve account history activities details mapping 
[INFO ] 2024-11-04 19:21:08.829 [scheduling-1] [Loggers$Slf4JLogger.info] {} - | onSubscribe([Fuseable] MonoFlatMap.FlatMapMain)
[INFO ] 2024-11-04 19:21:08.829 [scheduling-1] [Loggers$Slf4JLogger.info] {} - | request(unbounded)
[INFO ] 2024-11-04 19:21:08.836 [reactor-http-nio-4] [Loggers$Slf4JLogger.info] {} - | onNext(com.asset.ccat.ods_service.models.responses.BaseResponse@5468b021)
[INFO ] 2024-11-04 19:21:08.836 [scheduling-1] [EngineManager.retrieveCachedLookups] {} - retrieve account history activities details mapping with size[9]
[INFO ] 2024-11-04 19:21:08.836 [reactor-http-nio-4] [Loggers$Slf4JLogger.info] {} - | onComplete()
[INFO ] 2024-11-04 19:21:08.836 [scheduling-1] [EngineManager.retrieveCachedLookups] {} - Start retrieve account flags
[INFO ] 2024-11-04 19:21:08.838 [scheduling-1] [Loggers$Slf4JLogger.info] {} - | onSubscribe([Fuseable] MonoFlatMap.FlatMapMain)
[INFO ] 2024-11-04 19:21:08.838 [scheduling-1] [Loggers$Slf4JLogger.info] {} - | request(unbounded)
[INFO ] 2024-11-04 19:21:08.843 [reactor-http-nio-4] [Loggers$Slf4JLogger.info] {} - | onNext(com.asset.ccat.ods_service.models.responses.BaseResponse@5ba0f66f)
[INFO ] 2024-11-04 19:21:08.844 [reactor-http-nio-4] [Loggers$Slf4JLogger.info] {} - | onComplete()
[INFO ] 2024-11-04 19:21:08.844 [scheduling-1] [EngineManager.retrieveCachedLookups] {} - retrieve account flags with size[9]
[INFO ] 2024-11-04 19:21:08.844 [scheduling-1] [EngineManager.retrieveCachedLookups] {} - Start retrieve tx types
[INFO ] 2024-11-04 19:21:08.846 [scheduling-1] [Loggers$Slf4JLogger.info] {} - | onSubscribe([Fuseable] MonoFlatMap.FlatMapMain)
[INFO ] 2024-11-04 19:21:08.846 [scheduling-1] [Loggers$Slf4JLogger.info] {} - | request(unbounded)
[INFO ] 2024-11-04 19:21:38.889 [reactor-http-nio-4] [Loggers$Slf4JLogger.info] {} - | onNext(com.asset.ccat.ods_service.models.responses.BaseResponse@3b2f88cb)
[INFO ] 2024-11-04 19:21:38.890 [reactor-http-nio-4] [Loggers$Slf4JLogger.info] {} - | onComplete()
[INFO ] 2024-11-04 19:21:38.890 [scheduling-1] [LookupProxy.getTransactionTypes] {} - Error while retrieving transaction typescom.asset.ccat.ods_service.models.responses.BaseResponse@3b2f88cb
[INFO ] 2024-11-04 19:21:38.891 [scheduling-1] [EngineManager.retrieveCachedLookups] {} - ERROR while start ods-service com.asset.ccat.ods_service.exceptions.ODSException
[INFO ] 2024-11-04 19:21:38.892 [scheduling-1] [DatasourceManager.refreshDataSourceNodes] {} - start refresh dss nodes
[INFO ] 2024-11-04 19:21:38.892 [scheduling-1] [DatasourceManager.registerDSSDatasourceForEachNode] {} - Start register cached nodes of the DSS 
[INFO ] 2024-11-04 19:22:00.961 [scheduling-1] [DatasourceManager.createDataSource] {} - Couldn't create datasource due to com.zaxxer.hikari.pool.HikariPool$PoolInitializationException: Failed to initialize pool: IO Error: The Network Adapter could not establish the connection
[INFO ] 2024-11-04 19:22:00.963 [scheduling-1] [DatasourceManager.registerDSSDatasourceForEachNode] {} - Couldn't register DSS datasource due to com.asset.ccat.ods_service.exceptions.ODSException
[INFO ] 2024-11-04 19:22:00.965 [scheduling-1] [DatasourceManager.registerDSSDatasourceForEachNode] {} - End register cached nodes of the DSS 
[INFO ] 2024-11-04 19:22:00.965 [scheduling-1] [DatasourceManager.refreshDataSourceNodes] {} - start refresh flex history nodes
[INFO ] 2024-11-04 19:22:30.992 [scheduling-1] [EngineManager.retrieveCachedLookups] {} - Refresh ods-service...
[INFO ] 2024-11-04 19:22:30.992 [scheduling-1] [EngineManager.retrieveCachedLookups] {} - Start retrieve account history activities
[INFO ] 2024-11-04 19:22:30.993 [scheduling-1] [Loggers$Slf4JLogger.info] {} - | onSubscribe([Fuseable] MonoFlatMap.FlatMapMain)
[INFO ] 2024-11-04 19:22:30.993 [scheduling-1] [Loggers$Slf4JLogger.info] {} - | request(unbounded)
[INFO ] 2024-11-04 19:22:33.609 [scheduling-1] [Loggers$Slf4JLogger.info] {} - | cancel()
[INFO ] 2024-11-04 19:22:33.614 [scheduling-1] [LookupProxy.getOdsActivities] {} - Error while retrieving ods activities
[ERROR] 2024-11-04 19:22:33.614 [scheduling-1] [LookupProxy.getOdsActivities] {} - Error while retrieving ods activities 
reactor.core.Exceptions$ReactiveException: java.lang.InterruptedException
	at reactor.core.Exceptions.propagate(Exceptions.java:396) ~[reactor-core-3.4.33.jar:3.4.33]
	at reactor.core.publisher.BlockingSingleSubscriber.blockingGet(BlockingSingleSubscriber.java:92) ~[reactor-core-3.4.33.jar:3.4.33]
	at reactor.core.publisher.Mono.block(Mono.java:1742) ~[reactor-core-3.4.33.jar:3.4.33]
	at com.asset.ccat.ods_service.proxy.LookupProxy.getOdsActivities(LookupProxy.java:60) [classes/:?]
	at com.asset.ccat.ods_service.managers.EngineManager.retrieveCachedLookups(EngineManager.java:51) [classes/:?]
	at com.asset.ccat.ods_service.managers.EngineManager.refreshLookups(EngineManager.java:43) [classes/:?]
	at jdk.internal.reflect.GeneratedMethodAccessor93.invoke(Unknown Source) ~[?:?]
	at jdk.internal.reflect.DelegatingMethodAccessorImpl.invoke(DelegatingMethodAccessorImpl.java:43) ~[?:?]
	at java.lang.reflect.Method.invoke(Method.java:566) ~[?:?]
	at org.springframework.scheduling.support.ScheduledMethodRunnable.run(ScheduledMethodRunnable.java:84) [spring-context-5.3.30.jar:5.3.30]
	at org.springframework.scheduling.support.DelegatingErrorHandlingRunnable.run(DelegatingErrorHandlingRunnable.java:54) [spring-context-5.3.30.jar:5.3.30]
	at java.util.concurrent.Executors$RunnableAdapter.call(Executors.java:515) [?:?]
	at java.util.concurrent.FutureTask.runAndReset$$$capture(FutureTask.java:305) [?:?]
	at java.util.concurrent.FutureTask.runAndReset(FutureTask.java) [?:?]
	at java.util.concurrent.ScheduledThreadPoolExecutor$ScheduledFutureTask.run(ScheduledThreadPoolExecutor.java:305) [?:?]
	at java.util.concurrent.ThreadPoolExecutor.runWorker(ThreadPoolExecutor.java:1128) [?:?]
	at java.util.concurrent.ThreadPoolExecutor$Worker.run(ThreadPoolExecutor.java:628) [?:?]
	at java.lang.Thread.run(Thread.java:834) [?:?]
Caused by: java.lang.InterruptedException
	at java.util.concurrent.locks.AbstractQueuedSynchronizer.doAcquireSharedInterruptibly(AbstractQueuedSynchronizer.java:1040) ~[?:?]
	at java.util.concurrent.locks.AbstractQueuedSynchronizer.acquireSharedInterruptibly(AbstractQueuedSynchronizer.java:1345) ~[?:?]
	at java.util.concurrent.CountDownLatch.await(CountDownLatch.java:232) ~[?:?]
	at reactor.core.publisher.BlockingSingleSubscriber.blockingGet(BlockingSingleSubscriber.java:87) ~[reactor-core-3.4.33.jar:3.4.33]
	... 16 more
[INFO ] 2024-11-04 19:22:33.621 [scheduling-1] [EngineManager.retrieveCachedLookups] {} - ERROR while start ods-service com.asset.ccat.ods_service.exceptions.ODSException
[INFO ] 2024-11-04 19:22:33.623 [scheduling-1] [DatasourceManager.refreshDataSourceNodes] {} - start refresh dss nodes
[INFO ] 2024-11-04 19:22:33.623 [scheduling-1] [DatasourceManager.registerDSSDatasourceForEachNode] {} - Start register cached nodes of the DSS 
[INFO ] 2024-11-04 19:22:34.636 [scheduling-1] [DatasourceManager.createDataSource] {} - Couldn't create datasource due to com.zaxxer.hikari.pool.HikariPool$PoolInitializationException: Failed to initialize pool: IO Error: The Network Adapter could not establish the connection
[INFO ] 2024-11-04 19:22:34.638 [scheduling-1] [DatasourceManager.registerDSSDatasourceForEachNode] {} - Couldn't register DSS datasource due to com.asset.ccat.ods_service.exceptions.ODSException
[INFO ] 2024-11-04 19:22:34.639 [scheduling-1] [DatasourceManager.registerDSSDatasourceForEachNode] {} - End register cached nodes of the DSS 
[INFO ] 2024-11-04 19:22:34.639 [scheduling-1] [DatasourceManager.refreshDataSourceNodes] {} - start refresh flex history nodes
