[INFO ] 2024-01-31 13:10:24.577 [background-preinit] [Version.<clinit>] {} - HV000001: Hibernate Validator 6.2.5.Final
[INFO ] 2024-01-31 13:10:26.065 [main] [SpringApplication.logStartupProfileInfo] {} - The following 1 profile is active: "development"
[INFO ] 2024-01-31 13:10:30.445 [main] [DirectJDKLog.log] {} - An older version [1.2.36] of the Apache Tomcat Native library is installed, while Tomcat recommends a minimum version of [1.2.38]
[INFO ] 2024-01-31 13:10:30.445 [main] [DirectJDKLog.log] {} - Loaded Apache Tomcat Native library [1.2.36] using APR version [1.7.2].
[INFO ] 2024-01-31 13:10:30.446 [main] [DirectJDKLog.log] {} - APR capabilities: IPv6 [true], sendfile [true], accept filters [false], random [true], UDS [true].
[INFO ] 2024-01-31 13:10:30.447 [main] [DirectJDKLog.log] {} - APR/OpenSSL configuration: useAprConnector [false], useOpenSSL [true]
[INFO ] 2024-01-31 13:10:30.456 [main] [DirectJDKLog.log] {} - OpenSSL successfully initialized [OpenSSL 1.1.1t  7 Feb 2023]
[INFO ] 2024-01-31 13:10:30.471 [main] [DirectJDKLog.log] {} - Initializing ProtocolHandler ["http-nio-8050"]
[INFO ] 2024-01-31 13:10:30.475 [main] [DirectJDKLog.log] {} - Starting service [Tomcat]
[INFO ] 2024-01-31 13:10:30.476 [main] [DirectJDKLog.log] {} - Starting Servlet engine: [Apache Tomcat/9.0.82]
[INFO ] 2024-01-31 13:10:30.882 [main] [DirectJDKLog.log] {} - Initializing Spring embedded WebApplicationContext
[INFO ] 2024-01-31 13:10:32.592 [main] [Loggers$Slf4JLogger.info] {} - | onSubscribe([Fuseable] MonoFlatMap.FlatMapMain)
[INFO ] 2024-01-31 13:10:32.593 [main] [Loggers$Slf4JLogger.info] {} - | request(unbounded)
[INFO ] 2024-01-31 13:10:33.719 [reactor-http-nio-2] [Loggers$Slf4JLogger.info] {} - | onNext(BaseResponse{statusCode=0, statusMessage=success, severity=0, payload={ProfileController=com.asset.ccat.gateway.models.shared.FootPrintPageModel@24b26a0b, CustomerBalancesController=com.asset.ccat.gateway.models.shared.FootPrintPageModel@29c5cd14, UserAccessController=com.asset.ccat.gateway.models.shared.FootPrintPageModel@51acfacc, AdvancedController=com.asset.ccat.gateway.models.shared.FootPrintPageModel@3cb1dadb, NotepadController=com.asset.ccat.gateway.models.shared.FootPrintPageModel@be41d74, PamInformationController=com.asset.ccat.gateway.models.shared.FootPrintPageModel@ccedc71, SubscriberAdminController=com.asset.ccat.gateway.models.shared.FootPrintPageModel@3a022dbe, FlexShareController=com.asset.ccat.gateway.models.shared.FootPrintPageModel@8574f27, NBAController=com.asset.ccat.gateway.models.shared.FootPrintPageModel@2373fce4, ProductsViewController=com.asset.ccat.gateway.models.shared.FootPrintPageModel@59a481af, LanguageController=com.asset.ccat.gateway.models.shared.FootPrintPageModel@72e028f8, AccountGroupsController=com.asset.ccat.gateway.models.shared.FootPrintPageModel@407c6ff4, VoucherController=com.asset.ccat.gateway.models.shared.FootPrintPageModel@7c542fc3, AccountHistoryController=com.asset.ccat.gateway.models.shared.FootPrintPageModel@100601f, PrepaidVBPController=com.asset.ccat.gateway.models.shared.FootPrintPageModel@72542f2f, UsageCountersController=com.asset.ccat.gateway.models.shared.FootPrintPageModel@51f4fd5e, BIDController=com.asset.ccat.gateway.models.shared.FootPrintPageModel@c83ea94, CommunitiesController=com.asset.ccat.gateway.models.shared.FootPrintPageModel@e817383, CallActivityAdminController=com.asset.ccat.gateway.models.shared.FootPrintPageModel@5dff082b, BarringController=com.asset.ccat.gateway.models.shared.FootPrintPageModel@2b1710c7, ServiceOfferingController=com.asset.ccat.gateway.models.shared.FootPrintPageModel@38d3987b, VoucherLessRefillController=com.asset.ccat.gateway.models.shared.FootPrintPageModel@3dcbf989, LoginController=com.asset.ccat.gateway.models.shared.FootPrintPageModel@18d0004b, SuperFlexController=com.asset.ccat.gateway.models.shared.FootPrintPageModel@b52babe, CallReasonController=com.asset.ccat.gateway.models.shared.FootPrintPageModel@2f66ebef, CustomerDynamicPagesController=com.asset.ccat.gateway.models.shared.FootPrintPageModel@4d83583b, ServiceClassesController=com.asset.ccat.gateway.models.shared.FootPrintPageModel@55c9cb98, FamilyAndFriendsController=com.asset.ccat.gateway.models.shared.FootPrintPageModel@4bd00cd5, OfferController=com.asset.ccat.gateway.models.shared.FootPrintPageModel@53f1bfd3}})
[INFO ] 2024-01-31 13:10:33.722 [reactor-http-nio-2] [Loggers$Slf4JLogger.info] {} - | onComplete()
[INFO ] 2024-01-31 13:10:41.863 [main] [DirectJDKLog.log] {} - Starting ProtocolHandler ["http-nio-8050"]
[INFO ] 2024-01-31 13:10:42.966 [scheduling-1] [ScheduledTask.printDailyCount] {} - Daily count is : 0
[INFO ] 2024-01-31 13:10:43.029 [main] [StartupInfoLogger.logStarted] {} - Started MainApplication in 19.398 seconds (JVM running for 21.061)
[INFO ] 2024-01-31 13:11:42.979 [scheduling-1] [ScheduledTask.printDailyCount] {} - Daily count is : 0
[INFO ] 2024-01-31 13:12:30.398 [http-nio-8050-exec-2] [DirectJDKLog.log] {} - Initializing Spring DispatcherServlet 'dispatcherServlet'
[INFO ] 2024-01-31 13:12:30.979 [scheduling-1] [ScheduledTask.resetTpsCount] {} - TPS count is : 1
[INFO ] 2024-01-31 13:12:42.972 [scheduling-1] [ScheduledTask.printDailyCount] {} - Daily count is : 1
[INFO ] 2024-01-31 13:12:45.981 [scheduling-1] [ScheduledTask.resetTpsCount] {} - TPS count is : 1
